Log file open, 02/03/22 01:08:44
LogWindows: Failed to load 'aqProf.dll' (GetLastError=126)
LogWindows: File 'aqProf.dll' does not exist
LogWindows: Failed to load 'VtuneApi.dll' (GetLastError=126)
LogWindows: File 'VtuneApi.dll' does not exist
LogWindows: Failed to load 'VtuneApi32e.dll' (GetLastError=126)
LogWindows: File 'VtuneApi32e.dll' does not exist
LogConsoleResponse: Display: Failed to find resolution value strings in scalability ini. Falling back to default.
LogConsoleResponse: Display: Failed to find resolution value strings in scalability ini. Falling back to default.
LogInit: Display: Running engine for game: Younglings
LogPlatformFile: Not using cached read wrapper
LogTaskGraph: Started task graph with 5 named threads and 35 total threads with 3 sets of task threads.
LogStats: Stats thread started at 0.457198
LogICUInternationalization: ICU TimeZone Detection - Raw Offset: +1:00, Platform Override: ''
LogInit: Display: Loading text-based GConfig....
LogPluginManager: Mounting plugin MeshPainting
LogPluginManager: Mounting plugin XGEController
LogPluginManager: Mounting plugin Paper2D
LogPluginManager: Mounting plugin EnvironmentQueryEditor
LogPluginManager: Mounting plugin LightPropagationVolume
LogPluginManager: Mounting plugin AISupport
LogPluginManager: Mounting plugin LiveLink
LogPluginManager: Mounting plugin OodleData
LogPluginManager: Mounting plugin OodleNetwork
LogPluginManager: Mounting plugin CameraShakePreviewer
LogPluginManager: Mounting plugin GameplayCameras
LogPluginManager: Mounting plugin AssetManagerEditor
LogPluginManager: Mounting plugin AnimationSharing
LogPluginManager: Mounting plugin CryptoKeys
LogPluginManager: Mounting plugin CurveEditorTools
LogPluginManager: Mounting plugin DataValidation
LogPluginManager: Mounting plugin GeometryMode
LogPluginManager: Mounting plugin MacGraphicsSwitching
LogPluginManager: Mounting plugin MaterialAnalyzer
LogPluginManager: Mounting plugin MobileLauncherProfileWizard
LogPluginManager: Mounting plugin PluginBrowser
LogPluginManager: Mounting plugin SpeedTreeImporter
LogPluginManager: Mounting plugin CodeLiteSourceCodeAccess
LogPluginManager: Mounting plugin GitSourceControl
LogPluginManager: Mounting plugin KDevelopSourceCodeAccess
LogPluginManager: Mounting plugin NullSourceCodeAccess
LogPluginManager: Mounting plugin PerforceSourceControl
LogPluginManager: Mounting plugin GameplayTagsEditor
LogPluginManager: Mounting plugin PixWinPlugin
LogPluginManager: Mounting plugin PluginUtils
LogPluginManager: Mounting plugin FacialAnimation
LogPluginManager: Mounting plugin PropertyAccessNode
LogPluginManager: Mounting plugin RiderSourceCodeAccess
LogPluginManager: Mounting plugin SubversionSourceControl
LogPluginManager: Mounting plugin TextureFormatOodle
LogPluginManager: Mounting plugin UObjectPlugin
LogPluginManager: Mounting plugin PlasticSourceControl
LogPluginManager: Mounting plugin DatasmithContent
LogPluginManager: Mounting plugin CLionSourceCodeAccess
LogPluginManager: Mounting plugin VisualStudioCodeSourceCodeAccess
LogPluginManager: Mounting plugin VariantManagerContent
LogPluginManager: Mounting plugin VisualStudioSourceCodeAccess
LogPluginManager: Mounting plugin Niagara
LogPluginManager: Mounting plugin LuminPlatformFeatures
LogPluginManager: Mounting plugin MagicLeap
LogPluginManager: Mounting plugin MagicLeapLightEstimation
LogPluginManager: Mounting plugin MagicLeapMedia
LogPluginManager: Mounting plugin AlembicImporter
LogPluginManager: Mounting plugin MagicLeapPassableWorld
LogPluginManager: Mounting plugin AutomationUtils
LogPluginManager: Mounting plugin BackChannel
LogPluginManager: Mounting plugin AndroidMedia
LogPluginManager: Mounting plugin MLSDK
LogPluginManager: Mounting plugin ChaosCloth
LogPluginManager: Mounting plugin ChaosClothEditor
LogPluginManager: Mounting plugin ChaosEditor
LogPluginManager: Mounting plugin ChaosNiagara
LogPluginManager: Mounting plugin ChaosSolverPlugin
LogPluginManager: Mounting plugin CharacterAI
LogPluginManager: Mounting plugin GeometryCache
LogPluginManager: Mounting plugin GeometryCollectionPlugin
LogPluginManager: Mounting plugin GeometryProcessing
LogPluginManager: Mounting plugin MotoSynth
LogPluginManager: Mounting plugin OpenImageDenoise
LogPluginManager: Mounting plugin PlanarCut
LogPluginManager: Mounting plugin PlatformCrypto
LogPluginManager: Mounting plugin ProxyLODPlugin
LogPluginManager: Mounting plugin PythonScriptPlugin
LogPluginManager: Mounting plugin SkeletalReduction
LogPluginManager: Mounting plugin TcpMessaging
LogPluginManager: Mounting plugin UdpMessaging
LogPluginManager: Mounting plugin ActorSequence
LogPluginManager: Mounting plugin MatineeToLevelSequence
LogPluginManager: Mounting plugin LevelSequenceEditor
LogPluginManager: Mounting plugin TemplateSequence
LogPluginManager: Mounting plugin OnlineSubsystem
LogPluginManager: Mounting plugin OnlineSubsystemNull
LogPluginManager: Mounting plugin OnlineSubsystemUtils
LogPluginManager: Mounting plugin AvfMedia
LogPluginManager: Mounting plugin ImgMedia
LogPluginManager: Mounting plugin MediaCompositing
LogPluginManager: Mounting plugin MediaPlayerEditor
LogPluginManager: Mounting plugin WebMMedia
LogPluginManager: Mounting plugin WmfMedia
LogPluginManager: Mounting plugin ActorLayerUtilities
LogPluginManager: Mounting plugin AndroidPermission
LogPluginManager: Mounting plugin AndroidDeviceProfileSelector
LogPluginManager: Mounting plugin AndroidMoviePlayer
LogPluginManager: Mounting plugin AppleMoviePlayer
LogPluginManager: Mounting plugin AppleImageUtils
LogPluginManager: Mounting plugin ArchVisCharacter
LogPluginManager: Mounting plugin AssetTags
LogPluginManager: Mounting plugin AudioCapture
LogPluginManager: Mounting plugin CableComponent
LogPluginManager: Mounting plugin AudioSynesthesia
LogPluginManager: Mounting plugin CustomMeshComponent
LogPluginManager: Mounting plugin ChunkDownloader
LogPluginManager: Mounting plugin XCodeSourceCodeAccess
LogPluginManager: Mounting plugin ExampleDeviceProfileSelector
LogPluginManager: Mounting plugin GoogleCloudMessaging
LogPluginManager: Mounting plugin GooglePAD
LogPluginManager: Mounting plugin ScreenshotTools
LogPluginManager: Mounting plugin LauncherChunkInstaller
LogPluginManager: Mounting plugin Takes
LogPluginManager: Mounting plugin IOSDeviceProfileSelector
LogPluginManager: Mounting plugin LinuxDeviceProfileSelector
LogPluginManager: Mounting plugin LocationServicesBPLibrary
LogPluginManager: Mounting plugin MobilePatchingUtils
LogPluginManager: Mounting plugin OpenXR
LogPluginManager: Mounting plugin OpenXREyeTracker
LogPluginManager: Mounting plugin OpenXRHandTracking
LogPluginManager: Mounting plugin PhysXVehicles
LogPluginManager: Mounting plugin PostSplashScreen
LogPluginManager: Mounting plugin ProceduralMeshComponent
LogPluginManager: Mounting plugin PropertyAccessEditor
LogPluginManager: Mounting plugin RuntimePhysXCooking
LogPluginManager: Mounting plugin SignificanceManager
LogPluginManager: Mounting plugin SoundFields
LogPluginManager: Mounting plugin Synthesis
LogPluginManager: Mounting plugin WebMMoviePlayer
LogPluginManager: Mounting plugin EditableMesh
LogPluginManager: Mounting plugin WindowsMoviePlayer
LogPluginManager: Mounting plugin ContentBrowserClassDataSource
LogPluginManager: Mounting plugin ContentBrowserFileDataSource
LogPluginManager: Mounting plugin ContentBrowserAssetDataSource
LogPluginManager: Mounting plugin OnlineSubsystemGooglePlay
LogPluginManager: Mounting plugin OnlineSubsystemIOS
LogPluginManager: Mounting plugin OculusVR
LogPluginManager: Mounting plugin SteamVR
PixWinPlugin: PIX capture plugin failed to initialize! Check that the process is launched from PIX.
LogInit: Using libcurl 7.55.1-DEV
LogInit:  - built for x86_64-pc-win32
LogInit:  - supports SSL with OpenSSL/1.1.1
LogInit:  - supports HTTP deflate (compression) using libz 1.2.8
LogInit:  - other features:
LogInit:      CURL_VERSION_SSL
LogInit:      CURL_VERSION_LIBZ
LogInit:      CURL_VERSION_IPV6
LogInit:      CURL_VERSION_ASYNCHDNS
LogInit:      CURL_VERSION_LARGEFILE
LogInit:      CURL_VERSION_IDN
LogInit:  CurlRequestOptions (configurable via config and command line):
LogInit:  - bVerifyPeer = true  - Libcurl will verify peer certificate
LogInit:  - bUseHttpProxy = false  - Libcurl will NOT use HTTP proxy
LogInit:  - bDontReuseConnections = false  - Libcurl will reuse connections
LogInit:  - MaxHostConnections = 16  - Libcurl will limit the number of connections to a host
LogInit:  - LocalHostAddr = Default
LogInit:  - BufferSize = 65536
LogOnline: OSS: Creating online subsystem instance for: NULL
LogInit: WinSock: version 1.1 (2.2), MaxSocks=32767, MaxUdp=65467
LogOnline: OSS: TryLoadSubsystemAndSetDefault: Loaded subsystem for module [NULL]
LogOculusPluginWrapper: OculusPlugin initialized successfully
LogHMD: Failed initializing OVRPlugin 1.59.0
LogInit: Build: ++UE4+Release-4.27-CL-18319896
LogInit: Engine Version: 4.27.2-18319896+++UE4+Release-4.27
LogInit: Compatible Engine Version: 4.27.0-17155196+++UE4+Release-4.27
LogInit: Net CL: 17155196
LogInit: OS: Windows 10 (Release 2009) (), CPU: Intel(R) Core(TM) i7-10750H CPU @ 2.60GHz, GPU: Intel(R) UHD Graphics
LogInit: Compiled (64-bit): Nov 30 2021 07:12:08
LogInit: Compiled with Visual C++: 19.24.28315.00
LogInit: Build Configuration: Development
LogInit: Branch Name: ++UE4+Release-4.27
LogInit: Command Line:  -skipcompile
LogInit: Base Directory: C:/EpicGames/UE_4.27/Engine/Binaries/Win64/
LogInit: Allocator: TBB
LogInit: Installed Engine Build: 1
LogDevObjectVersion: Number of dev versions registered: 29
LogDevObjectVersion:   Dev-Blueprints (B0D832E4-1F89-4F0D-ACCF-7EB736FD4AA2): 10
LogDevObjectVersion:   Dev-Build (E1C64328-A22C-4D53-A36C-8E866417BD8C): 0
LogDevObjectVersion:   Dev-Core (375EC13C-06E4-48FB-B500-84F0262A717E): 4
LogDevObjectVersion:   Dev-Editor (E4B068ED-F494-42E9-A231-DA0B2E46BB41): 40
LogDevObjectVersion:   Dev-Framework (CFFC743F-43B0-4480-9391-14DF171D2073): 37
LogDevObjectVersion:   Dev-Mobile (B02B49B5-BB20-44E9-A304-32B752E40360): 3
LogDevObjectVersion:   Dev-Networking (A4E4105C-59A1-49B5-A7C5-40C4547EDFEE): 0
LogDevObjectVersion:   Dev-Online (39C831C9-5AE6-47DC-9A44-9C173E1C8E7C): 0
LogDevObjectVersion:   Dev-Physics (78F01B33-EBEA-4F98-B9B4-84EACCB95AA2): 14
LogDevObjectVersion:   Dev-Platform (6631380F-2D4D-43E0-8009-CF276956A95A): 0
LogDevObjectVersion:   Dev-Rendering (12F88B9F-8875-4AFC-A67C-D90C383ABD29): 45
LogDevObjectVersion:   Dev-Sequencer (7B5AE74C-D270-4C10-A958-57980B212A5A): 13
LogDevObjectVersion:   Dev-VR (D7296918-1DD6-4BDD-9DE2-64A83CC13884): 3
LogDevObjectVersion:   Dev-LoadTimes (C2A15278-BFE7-4AFE-6C17-90FF531DF755): 1
LogDevObjectVersion:   Private-Geometry (6EACA3D4-40EC-4CC1-B786-8BED09428FC5): 3
LogDevObjectVersion:   Dev-AnimPhys (29E575DD-E0A3-4627-9D10-D276232CDCEA): 17
LogDevObjectVersion:   Dev-Anim (AF43A65D-7FD3-4947-9873-3E8ED9C1BB05): 15
LogDevObjectVersion:   Dev-ReflectionCapture (6B266CEC-1EC7-4B8F-A30B-E4D90942FC07): 1
LogDevObjectVersion:   Dev-Automation (0DF73D61-A23F-47EA-B727-89E90C41499A): 1
LogDevObjectVersion:   FortniteMain (601D1886-AC64-4F84-AA16-D3DE0DEAC7D6): 47
LogDevObjectVersion:   FortniteRelease (E7086368-6B23-4C58-8439-1B7016265E91): 1
LogDevObjectVersion:   Dev-Enterprise (9DFFBCD6-494F-0158-E221-12823C92A888): 10
LogDevObjectVersion:   Dev-Niagara (F2AED0AC-9AFE-416F-8664-AA7FFA26D6FC): 1
LogDevObjectVersion:   Dev-Destruction (174F1F0B-B4C6-45A5-B13F-2EE8D0FB917D): 10
LogDevObjectVersion:   Dev-Physics-Ext (35F94A83-E258-406C-A318-09F59610247C): 41
LogDevObjectVersion:   Dev-PhysicsMaterial-Chaos (B68FC16E-8B1B-42E2-B453-215C058844FE): 1
LogDevObjectVersion:   Dev-CineCamera (B2E18506-4273-CFC2-A54E-F4BB758BBA07): 1
LogDevObjectVersion:   Dev-VirtualProduction (64F58936-FD1B-42BA-BA96-7289D5D0FA4E): 1
LogDevObjectVersion:   Dev-MediaFramework (6F0ED827-A609-4895-9C91-998D90180EA4): 2
LogInit: Presizing for max 25165824 objects, including 0 objects not considered by GC, pre-allocating 0 bytes for permanent pool.
LogConfig: Applying CVar settings from Section [/Script/Engine.StreamingSettings] File [C:/HTW/5.Semester/Vertiefung der Programmierung/Projekt/Younglings/Saved/Config/Windows/Engine.ini]
LogConfig: Setting CVar [[s.MinBulkDataSizeForAsyncLoading:131072]]
LogConfig: Setting CVar [[s.AsyncLoadingThreadEnabled:0]]
LogConfig: Setting CVar [[s.EventDrivenLoaderEnabled:1]]
LogConfig: Setting CVar [[s.WarnIfTimeLimitExceeded:0]]
LogConfig: Setting CVar [[s.TimeLimitExceededMultiplier:1.5]]
LogConfig: Setting CVar [[s.TimeLimitExceededMinTime:0.005]]
LogConfig: Setting CVar [[s.UseBackgroundLevelStreaming:1]]
LogConfig: Setting CVar [[s.PriorityAsyncLoadingExtraTime:15.0]]
LogConfig: Setting CVar [[s.LevelStreamingActorsUpdateTimeLimit:5.0]]
LogConfig: Setting CVar [[s.PriorityLevelStreamingActorsUpdateExtraTime:5.0]]
LogConfig: Setting CVar [[s.LevelStreamingComponentsRegistrationGranularity:10]]
LogConfig: Setting CVar [[s.UnregisterComponentsTimeLimit:1.0]]
LogConfig: Setting CVar [[s.LevelStreamingComponentsUnregistrationGranularity:5]]
LogConfig: Setting CVar [[s.FlushStreamingOnExit:1]]
LogInit: Object subsystem initialized
LogConfig: Setting CVar [[con.DebugEarlyDefault:1]]
LogConfig: Setting CVar [[r.setres:1280x720]]
[2022.02.03-00.08.45:646][  0]LogConfig: Setting CVar [[r.VSync:0]]
[2022.02.03-00.08.45:646][  0]LogConfig: Setting CVar [[r.RHICmdBypass:0]]
[2022.02.03-00.08.45:646][  0]LogConfig: Applying CVar settings from Section [/Script/Engine.RendererSettings] File [C:/HTW/5.Semester/Vertiefung der Programmierung/Projekt/Younglings/Saved/Config/Windows/Engine.ini]
[2022.02.03-00.08.45:646][  0]LogConfig: Setting CVar [[r.GPUCrashDebugging:0]]
[2022.02.03-00.08.45:646][  0]LogConfig: Applying CVar settings from Section [/Script/Engine.RendererOverrideSettings] File [C:/HTW/5.Semester/Vertiefung der Programmierung/Projekt/Younglings/Saved/Config/Windows/Engine.ini]
[2022.02.03-00.08.45:646][  0]LogConfig: Applying CVar settings from Section [/Script/Engine.StreamingSettings] File [C:/HTW/5.Semester/Vertiefung der Programmierung/Projekt/Younglings/Saved/Config/Windows/Engine.ini]
[2022.02.03-00.08.45:646][  0]LogConfig: Setting CVar [[s.MinBulkDataSizeForAsyncLoading:131072]]
[2022.02.03-00.08.45:646][  0]LogConfig: Setting CVar [[s.AsyncLoadingThreadEnabled:0]]
[2022.02.03-00.08.45:646][  0]LogConfig: Setting CVar [[s.EventDrivenLoaderEnabled:1]]
[2022.02.03-00.08.45:646][  0]LogConfig: Setting CVar [[s.WarnIfTimeLimitExceeded:0]]
[2022.02.03-00.08.45:646][  0]LogConfig: Setting CVar [[s.TimeLimitExceededMultiplier:1.5]]
[2022.02.03-00.08.45:646][  0]LogConfig: Setting CVar [[s.TimeLimitExceededMinTime:0.005]]
[2022.02.03-00.08.45:646][  0]LogConfig: Setting CVar [[s.UseBackgroundLevelStreaming:1]]
[2022.02.03-00.08.45:646][  0]LogConfig: Setting CVar [[s.PriorityAsyncLoadingExtraTime:15.0]]
[2022.02.03-00.08.45:646][  0]LogConfig: Setting CVar [[s.LevelStreamingActorsUpdateTimeLimit:5.0]]
[2022.02.03-00.08.45:646][  0]LogConfig: Setting CVar [[s.PriorityLevelStreamingActorsUpdateExtraTime:5.0]]
[2022.02.03-00.08.45:646][  0]LogConfig: Setting CVar [[s.LevelStreamingComponentsRegistrationGranularity:10]]
[2022.02.03-00.08.45:647][  0]LogConfig: Setting CVar [[s.UnregisterComponentsTimeLimit:1.0]]
[2022.02.03-00.08.45:647][  0]LogConfig: Setting CVar [[s.LevelStreamingComponentsUnregistrationGranularity:5]]
[2022.02.03-00.08.45:647][  0]LogConfig: Setting CVar [[s.FlushStreamingOnExit:1]]
[2022.02.03-00.08.45:647][  0]LogConfig: Applying CVar settings from Section [/Script/Engine.GarbageCollectionSettings] File [C:/HTW/5.Semester/Vertiefung der Programmierung/Projekt/Younglings/Saved/Config/Windows/Engine.ini]
[2022.02.03-00.08.45:647][  0]LogConfig: Setting CVar [[gc.MaxObjectsNotConsideredByGC:1]]
[2022.02.03-00.08.45:647][  0]LogConfig: Setting CVar [[gc.SizeOfPermanentObjectPool:0]]
[2022.02.03-00.08.45:647][  0]LogConfig: Setting CVar [[gc.FlushStreamingOnGC:0]]
[2022.02.03-00.08.45:647][  0]LogConfig: Setting CVar [[gc.NumRetriesBeforeForcingGC:10]]
[2022.02.03-00.08.45:647][  0]LogConfig: Setting CVar [[gc.AllowParallelGC:1]]
[2022.02.03-00.08.45:647][  0]LogConfig: Setting CVar [[gc.TimeBetweenPurgingPendingKillObjects:61.1]]
[2022.02.03-00.08.45:647][  0]LogConfig: Setting CVar [[gc.MaxObjectsInEditor:25165824]]
[2022.02.03-00.08.45:647][  0]LogConfig: Setting CVar [[gc.IncrementalBeginDestroyEnabled:1]]
[2022.02.03-00.08.45:647][  0]LogConfig: Setting CVar [[gc.CreateGCClusters:1]]
[2022.02.03-00.08.45:647][  0]LogConfig: Setting CVar [[gc.MinGCClusterSize:5]]
[2022.02.03-00.08.45:647][  0]LogConfig: Setting CVar [[gc.ActorClusteringEnabled:0]]
[2022.02.03-00.08.45:647][  0]LogConfig: Setting CVar [[gc.BlueprintClusteringEnabled:0]]
[2022.02.03-00.08.45:647][  0]LogConfig: Setting CVar [[gc.UseDisregardForGCOnDedicatedServers:0]]
[2022.02.03-00.08.45:647][  0]LogConfig: Setting CVar [[gc.MultithreadedDestructionEnabled:1]]
[2022.02.03-00.08.45:647][  0]LogConfig: Applying CVar settings from Section [/Script/Engine.NetworkSettings] File [C:/HTW/5.Semester/Vertiefung der Programmierung/Projekt/Younglings/Saved/Config/Windows/Engine.ini]
[2022.02.03-00.08.45:647][  0]LogConfig: Applying CVar settings from Section [/Script/UnrealEd.CookerSettings] File [C:/HTW/5.Semester/Vertiefung der Programmierung/Projekt/Younglings/Saved/Config/Windows/Engine.ini]
[2022.02.03-00.08.45:670][  0]LogConfig: Applying CVar settings from Section [ViewDistanceQuality@3] File [C:/HTW/5.Semester/Vertiefung der Programmierung/Projekt/Younglings/Saved/Config/Windows/Scalability.ini]
[2022.02.03-00.08.45:670][  0]LogConfig: Setting CVar [[r.SkeletalMeshLODBias:0]]
[2022.02.03-00.08.45:670][  0]LogConfig: Setting CVar [[r.ViewDistanceScale:1.0]]
[2022.02.03-00.08.45:670][  0]LogConfig: Applying CVar settings from Section [AntiAliasingQuality@3] File [C:/HTW/5.Semester/Vertiefung der Programmierung/Projekt/Younglings/Saved/Config/Windows/Scalability.ini]
[2022.02.03-00.08.45:670][  0]LogConfig: Setting CVar [[r.PostProcessAAQuality:4]]
[2022.02.03-00.08.45:670][  0]LogConfig: Applying CVar settings from Section [ShadowQuality@3] File [C:/HTW/5.Semester/Vertiefung der Programmierung/Projekt/Younglings/Saved/Config/Windows/Scalability.ini]
[2022.02.03-00.08.45:670][  0]LogConfig: Setting CVar [[r.LightFunctionQuality:1]]
[2022.02.03-00.08.45:670][  0]LogConfig: Setting CVar [[r.ShadowQuality:5]]
[2022.02.03-00.08.45:670][  0]LogConfig: Setting CVar [[r.Shadow.CSM.MaxCascades:10]]
[2022.02.03-00.08.45:670][  0]LogConfig: Setting CVar [[r.Shadow.MaxResolution:2048]]
[2022.02.03-00.08.45:670][  0]LogConfig: Setting CVar [[r.Shadow.MaxCSMResolution:2048]]
[2022.02.03-00.08.45:670][  0]LogConfig: Setting CVar [[r.Shadow.RadiusThreshold:0.01]]
[2022.02.03-00.08.45:670][  0]LogConfig: Setting CVar [[r.Shadow.DistanceScale:1.0]]
[2022.02.03-00.08.45:670][  0]LogConfig: Setting CVar [[r.Shadow.CSM.TransitionScale:1.0]]
[2022.02.03-00.08.45:670][  0]LogConfig: Setting CVar [[r.Shadow.PreShadowResolutionFactor:1.0]]
[2022.02.03-00.08.45:670][  0]LogConfig: Setting CVar [[r.DistanceFieldShadowing:1]]
[2022.02.03-00.08.45:670][  0]LogConfig: Setting CVar [[r.DistanceFieldAO:1]]
[2022.02.03-00.08.45:670][  0]LogConfig: Setting CVar [[r.AOQuality:2]]
[2022.02.03-00.08.45:670][  0]LogConfig: Setting CVar [[r.VolumetricFog:1]]
[2022.02.03-00.08.45:670][  0]LogConfig: Setting CVar [[r.VolumetricFog.GridPixelSize:8]]
[2022.02.03-00.08.45:670][  0]LogConfig: Setting CVar [[r.VolumetricFog.GridSizeZ:128]]
[2022.02.03-00.08.45:671][  0]LogConfig: Setting CVar [[r.VolumetricFog.HistoryMissSupersampleCount:4]]
[2022.02.03-00.08.45:671][  0]LogConfig: Setting CVar [[r.LightMaxDrawDistanceScale:1]]
[2022.02.03-00.08.45:671][  0]LogConfig: Setting CVar [[r.CapsuleShadows:1]]
[2022.02.03-00.08.45:671][  0]LogConfig: Applying CVar settings from Section [PostProcessQuality@3] File [C:/HTW/5.Semester/Vertiefung der Programmierung/Projekt/Younglings/Saved/Config/Windows/Scalability.ini]
[2022.02.03-00.08.45:671][  0]LogConfig: Setting CVar [[r.MotionBlurQuality:4]]
[2022.02.03-00.08.45:671][  0]LogConfig: Setting CVar [[r.AmbientOcclusionMipLevelFactor:0.4]]
[2022.02.03-00.08.45:671][  0]LogConfig: Setting CVar [[r.AmbientOcclusionMaxQuality:100]]
[2022.02.03-00.08.45:671][  0]LogConfig: Setting CVar [[r.AmbientOcclusionLevels:-1]]
[2022.02.03-00.08.45:671][  0]LogConfig: Setting CVar [[r.AmbientOcclusionRadiusScale:1.0]]
[2022.02.03-00.08.45:671][  0]LogConfig: Setting CVar [[r.DepthOfFieldQuality:2]]
[2022.02.03-00.08.45:671][  0]LogConfig: Setting CVar [[r.RenderTargetPoolMin:400]]
[2022.02.03-00.08.45:671][  0]LogConfig: Setting CVar [[r.LensFlareQuality:2]]
[2022.02.03-00.08.45:671][  0]LogConfig: Setting CVar [[r.SceneColorFringeQuality:1]]
[2022.02.03-00.08.45:671][  0]LogConfig: Setting CVar [[r.EyeAdaptationQuality:2]]
[2022.02.03-00.08.45:671][  0]LogConfig: Setting CVar [[r.BloomQuality:5]]
[2022.02.03-00.08.45:671][  0]LogConfig: Setting CVar [[r.FastBlurThreshold:100]]
[2022.02.03-00.08.45:671][  0]LogConfig: Setting CVar [[r.Upscale.Quality:3]]
[2022.02.03-00.08.45:671][  0]LogConfig: Setting CVar [[r.Tonemapper.GrainQuantization:1]]
[2022.02.03-00.08.45:671][  0]LogConfig: Setting CVar [[r.LightShaftQuality:1]]
[2022.02.03-00.08.45:671][  0]LogConfig: Setting CVar [[r.Filter.SizeScale:1]]
[2022.02.03-00.08.45:671][  0]LogConfig: Setting CVar [[r.Tonemapper.Quality:5]]
[2022.02.03-00.08.45:671][  0]LogConfig: Setting CVar [[r.DOF.Gather.AccumulatorQuality:1        ; higher gathering accumulator quality]]
[2022.02.03-00.08.45:671][  0]LogConfig: Setting CVar [[r.DOF.Gather.PostfilterMethod:1          ; Median3x3 postfilering method]]
[2022.02.03-00.08.45:671][  0]LogConfig: Setting CVar [[r.DOF.Gather.EnableBokehSettings:0       ; no bokeh simulation when gathering]]
[2022.02.03-00.08.45:671][  0]LogConfig: Setting CVar [[r.DOF.Gather.RingCount:4                 ; medium number of samples when gathering]]
[2022.02.03-00.08.45:671][  0]LogConfig: Setting CVar [[r.DOF.Scatter.ForegroundCompositing:1    ; additive foreground scattering]]
[2022.02.03-00.08.45:672][  0]LogConfig: Setting CVar [[r.DOF.Scatter.BackgroundCompositing:2    ; additive background scattering]]
[2022.02.03-00.08.45:672][  0]LogConfig: Setting CVar [[r.DOF.Scatter.EnableBokehSettings:1      ; bokeh simulation when scattering]]
[2022.02.03-00.08.45:672][  0]LogConfig: Setting CVar [[r.DOF.Scatter.MaxSpriteRatio:0.1         ; only a maximum of 10% of scattered bokeh]]
[2022.02.03-00.08.45:672][  0]LogConfig: Setting CVar [[r.DOF.Recombine.Quality:1                ; cheap slight out of focus]]
[2022.02.03-00.08.45:672][  0]LogConfig: Setting CVar [[r.DOF.Recombine.EnableBokehSettings:0    ; no bokeh simulation on slight out of focus]]
[2022.02.03-00.08.45:672][  0]LogConfig: Setting CVar [[r.DOF.TemporalAAQuality:1                ; more stable temporal accumulation]]
[2022.02.03-00.08.45:672][  0]LogConfig: Setting CVar [[r.DOF.Kernel.MaxForegroundRadius:0.025]]
[2022.02.03-00.08.45:672][  0]LogConfig: Setting CVar [[r.DOF.Kernel.MaxBackgroundRadius:0.025]]
[2022.02.03-00.08.45:672][  0]LogConfig: Applying CVar settings from Section [TextureQuality@3] File [C:/HTW/5.Semester/Vertiefung der Programmierung/Projekt/Younglings/Saved/Config/Windows/Scalability.ini]
[2022.02.03-00.08.45:672][  0]LogConfig: Setting CVar [[r.Streaming.MipBias:0]]
[2022.02.03-00.08.45:672][  0]LogConfig: Setting CVar [[r.Streaming.AmortizeCPUToGPUCopy:0]]
[2022.02.03-00.08.45:672][  0]LogConfig: Setting CVar [[r.Streaming.MaxNumTexturesToStreamPerFrame:0]]
[2022.02.03-00.08.45:672][  0]LogConfig: Setting CVar [[r.Streaming.Boost:1]]
[2022.02.03-00.08.45:672][  0]LogConfig: Setting CVar [[r.MaxAnisotropy:8]]
[2022.02.03-00.08.45:672][  0]LogConfig: Setting CVar [[r.VT.MaxAnisotropy:8]]
[2022.02.03-00.08.45:672][  0]LogConfig: Setting CVar [[r.Streaming.LimitPoolSizeToVRAM:0]]
[2022.02.03-00.08.45:672][  0]LogConfig: Setting CVar [[r.Streaming.PoolSize:1000]]
[2022.02.03-00.08.45:672][  0]LogConfig: Setting CVar [[r.Streaming.MaxEffectiveScreenSize:0]]
[2022.02.03-00.08.45:672][  0]LogConfig: Applying CVar settings from Section [EffectsQuality@3] File [C:/HTW/5.Semester/Vertiefung der Programmierung/Projekt/Younglings/Saved/Config/Windows/Scalability.ini]
[2022.02.03-00.08.45:672][  0]LogConfig: Setting CVar [[r.TranslucencyLightingVolumeDim:64]]
[2022.02.03-00.08.45:672][  0]LogConfig: Setting CVar [[r.RefractionQuality:2]]
[2022.02.03-00.08.45:672][  0]LogConfig: Setting CVar [[r.SSR.Quality:3]]
[2022.02.03-00.08.45:672][  0]LogConfig: Setting CVar [[r.SSR.HalfResSceneColor:0]]
[2022.02.03-00.08.45:672][  0]LogConfig: Setting CVar [[r.SceneColorFormat:4]]
[2022.02.03-00.08.45:672][  0]LogConfig: Setting CVar [[r.DetailMode:2]]
[2022.02.03-00.08.45:673][  0]LogConfig: Setting CVar [[r.TranslucencyVolumeBlur:1]]
[2022.02.03-00.08.45:673][  0]LogConfig: Setting CVar [[r.MaterialQualityLevel:1 ; High quality]]
[2022.02.03-00.08.45:673][  0]LogConfig: Setting CVar [[r.AnisotropicMaterials:1]]
[2022.02.03-00.08.45:673][  0]LogConfig: Setting CVar [[r.SSS.Scale:1]]
[2022.02.03-00.08.45:673][  0]LogConfig: Setting CVar [[r.SSS.SampleSet:2]]
[2022.02.03-00.08.45:673][  0]LogConfig: Setting CVar [[r.SSS.Quality:1]]
[2022.02.03-00.08.45:673][  0]LogConfig: Setting CVar [[r.SSS.HalfRes:0]]
[2022.02.03-00.08.45:673][  0]LogConfig: Setting CVar [[r.SSGI.Quality:3]]
[2022.02.03-00.08.45:673][  0]LogConfig: Setting CVar [[r.EmitterSpawnRateScale:1.0]]
[2022.02.03-00.08.45:673][  0]LogConfig: Setting CVar [[r.ParticleLightQuality:2]]
[2022.02.03-00.08.45:673][  0]LogConfig: Setting CVar [[r.SkyAtmosphere.AerialPerspectiveLUT.FastApplyOnOpaque:1 ; Always have FastSkyLUT 1 in this case to avoid wrong sky]]
[2022.02.03-00.08.45:673][  0]LogConfig: Setting CVar [[r.SkyAtmosphere.AerialPerspectiveLUT.SampleCountMaxPerSlice:4]]
[2022.02.03-00.08.45:673][  0]LogConfig: Setting CVar [[r.SkyAtmosphere.AerialPerspectiveLUT.DepthResolution:16.0]]
[2022.02.03-00.08.45:673][  0]LogConfig: Setting CVar [[r.SkyAtmosphere.FastSkyLUT:1]]
[2022.02.03-00.08.45:673][  0]LogConfig: Setting CVar [[r.SkyAtmosphere.FastSkyLUT.SampleCountMin:4.0]]
[2022.02.03-00.08.45:673][  0]LogConfig: Setting CVar [[r.SkyAtmosphere.FastSkyLUT.SampleCountMax:128.0]]
[2022.02.03-00.08.45:673][  0]LogConfig: Setting CVar [[r.SkyAtmosphere.SampleCountMin:4.0]]
[2022.02.03-00.08.45:673][  0]LogConfig: Setting CVar [[r.SkyAtmosphere.SampleCountMax:128.0]]
[2022.02.03-00.08.45:673][  0]LogConfig: Setting CVar [[r.SkyAtmosphere.TransmittanceLUT.UseSmallFormat:0]]
[2022.02.03-00.08.45:673][  0]LogConfig: Setting CVar [[r.SkyAtmosphere.TransmittanceLUT.SampleCount:10.0]]
[2022.02.03-00.08.45:673][  0]LogConfig: Setting CVar [[r.SkyAtmosphere.MultiScatteringLUT.SampleCount:15.0]]
[2022.02.03-00.08.45:673][  0]LogConfig: Setting CVar [[r.SkyLight.RealTimeReflectionCapture:1]]
[2022.02.03-00.08.45:673][  0]LogConfig: Applying CVar settings from Section [FoliageQuality@3] File [C:/HTW/5.Semester/Vertiefung der Programmierung/Projekt/Younglings/Saved/Config/Windows/Scalability.ini]
[2022.02.03-00.08.45:673][  0]LogConfig: Setting CVar [[foliage.DensityScale:1.0]]
[2022.02.03-00.08.45:673][  0]LogConfig: Setting CVar [[grass.DensityScale:1.0]]
[2022.02.03-00.08.45:674][  0]LogConfig: Applying CVar settings from Section [ShadingQuality@3] File [C:/HTW/5.Semester/Vertiefung der Programmierung/Projekt/Younglings/Saved/Config/Windows/Scalability.ini]
[2022.02.03-00.08.45:674][  0]LogConfig: Setting CVar [[r.HairStrands.SkyLighting.IntegrationType:2]]
[2022.02.03-00.08.45:674][  0]LogConfig: Setting CVar [[r.HairStrands.SkyAO.SampleCount:4]]
[2022.02.03-00.08.45:674][  0]LogConfig: Setting CVar [[r.HairStrands.Visibility.MSAA.SamplePerPixel:4]]
[2022.02.03-00.08.45:674][  0]LogInit: Selected Device Profile: [Windows]
[2022.02.03-00.08.45:674][  0]LogInit: Applying CVar settings loaded from the selected device profile: [Windows]
[2022.02.03-00.08.45:674][  0]LogHAL: Display: Platform has ~ 16 GB [16993697792 / 17179869184 / 16], which maps to Larger [LargestMinGB=32, LargerMinGB=12, DefaultMinGB=8, SmallerMinGB=6, SmallestMinGB=0)
[2022.02.03-00.08.45:674][  0]LogInit: Going up to parent DeviceProfile []
[2022.02.03-00.08.45:674][  0]LogConfig: Applying CVar settings from Section [ViewDistanceQuality@3] File [C:/HTW/5.Semester/Vertiefung der Programmierung/Projekt/Younglings/Saved/Config/Windows/Scalability.ini]
[2022.02.03-00.08.45:674][  0]LogConfig: Setting CVar [[r.SkeletalMeshLODBias:0]]
[2022.02.03-00.08.45:674][  0]LogConfig: Setting CVar [[r.ViewDistanceScale:1.0]]
[2022.02.03-00.08.45:674][  0]LogConfig: Applying CVar settings from Section [AntiAliasingQuality@3] File [C:/HTW/5.Semester/Vertiefung der Programmierung/Projekt/Younglings/Saved/Config/Windows/Scalability.ini]
[2022.02.03-00.08.45:674][  0]LogConfig: Setting CVar [[r.PostProcessAAQuality:4]]
[2022.02.03-00.08.45:674][  0]LogConfig: Applying CVar settings from Section [ShadowQuality@3] File [C:/HTW/5.Semester/Vertiefung der Programmierung/Projekt/Younglings/Saved/Config/Windows/Scalability.ini]
[2022.02.03-00.08.45:674][  0]LogConfig: Setting CVar [[r.LightFunctionQuality:1]]
[2022.02.03-00.08.45:674][  0]LogConfig: Setting CVar [[r.ShadowQuality:5]]
[2022.02.03-00.08.45:674][  0]LogConfig: Setting CVar [[r.Shadow.CSM.MaxCascades:10]]
[2022.02.03-00.08.45:674][  0]LogConfig: Setting CVar [[r.Shadow.MaxResolution:2048]]
[2022.02.03-00.08.45:674][  0]LogConfig: Setting CVar [[r.Shadow.MaxCSMResolution:2048]]
[2022.02.03-00.08.45:674][  0]LogConfig: Setting CVar [[r.Shadow.RadiusThreshold:0.01]]
[2022.02.03-00.08.45:674][  0]LogConfig: Setting CVar [[r.Shadow.DistanceScale:1.0]]
[2022.02.03-00.08.45:674][  0]LogConfig: Setting CVar [[r.Shadow.CSM.TransitionScale:1.0]]
[2022.02.03-00.08.45:675][  0]LogConfig: Setting CVar [[r.Shadow.PreShadowResolutionFactor:1.0]]
[2022.02.03-00.08.45:675][  0]LogConfig: Setting CVar [[r.DistanceFieldShadowing:1]]
[2022.02.03-00.08.45:675][  0]LogConfig: Setting CVar [[r.DistanceFieldAO:1]]
[2022.02.03-00.08.45:675][  0]LogConfig: Setting CVar [[r.AOQuality:2]]
[2022.02.03-00.08.45:675][  0]LogConfig: Setting CVar [[r.VolumetricFog:1]]
[2022.02.03-00.08.45:675][  0]LogConfig: Setting CVar [[r.VolumetricFog.GridPixelSize:8]]
[2022.02.03-00.08.45:675][  0]LogConfig: Setting CVar [[r.VolumetricFog.GridSizeZ:128]]
[2022.02.03-00.08.45:675][  0]LogConfig: Setting CVar [[r.VolumetricFog.HistoryMissSupersampleCount:4]]
[2022.02.03-00.08.45:675][  0]LogConfig: Setting CVar [[r.LightMaxDrawDistanceScale:1]]
[2022.02.03-00.08.45:675][  0]LogConfig: Setting CVar [[r.CapsuleShadows:1]]
[2022.02.03-00.08.45:675][  0]LogConfig: Applying CVar settings from Section [PostProcessQuality@3] File [C:/HTW/5.Semester/Vertiefung der Programmierung/Projekt/Younglings/Saved/Config/Windows/Scalability.ini]
[2022.02.03-00.08.45:675][  0]LogConfig: Setting CVar [[r.MotionBlurQuality:4]]
[2022.02.03-00.08.45:675][  0]LogConfig: Setting CVar [[r.AmbientOcclusionMipLevelFactor:0.4]]
[2022.02.03-00.08.45:675][  0]LogConfig: Setting CVar [[r.AmbientOcclusionMaxQuality:100]]
[2022.02.03-00.08.45:675][  0]LogConfig: Setting CVar [[r.AmbientOcclusionLevels:-1]]
[2022.02.03-00.08.45:675][  0]LogConfig: Setting CVar [[r.AmbientOcclusionRadiusScale:1.0]]
[2022.02.03-00.08.45:675][  0]LogConfig: Setting CVar [[r.DepthOfFieldQuality:2]]
[2022.02.03-00.08.45:675][  0]LogConfig: Setting CVar [[r.RenderTargetPoolMin:400]]
[2022.02.03-00.08.45:675][  0]LogConfig: Setting CVar [[r.LensFlareQuality:2]]
[2022.02.03-00.08.45:675][  0]LogConfig: Setting CVar [[r.SceneColorFringeQuality:1]]
[2022.02.03-00.08.45:675][  0]LogConfig: Setting CVar [[r.EyeAdaptationQuality:2]]
[2022.02.03-00.08.45:675][  0]LogConfig: Setting CVar [[r.BloomQuality:5]]
[2022.02.03-00.08.45:675][  0]LogConfig: Setting CVar [[r.FastBlurThreshold:100]]
[2022.02.03-00.08.45:675][  0]LogConfig: Setting CVar [[r.Upscale.Quality:3]]
[2022.02.03-00.08.45:675][  0]LogConfig: Setting CVar [[r.Tonemapper.GrainQuantization:1]]
[2022.02.03-00.08.45:675][  0]LogConfig: Setting CVar [[r.LightShaftQuality:1]]
[2022.02.03-00.08.45:675][  0]LogConfig: Setting CVar [[r.Filter.SizeScale:1]]
[2022.02.03-00.08.45:675][  0]LogConfig: Setting CVar [[r.Tonemapper.Quality:5]]
[2022.02.03-00.08.45:676][  0]LogConfig: Setting CVar [[r.DOF.Gather.AccumulatorQuality:1        ; higher gathering accumulator quality]]
[2022.02.03-00.08.45:676][  0]LogConfig: Setting CVar [[r.DOF.Gather.PostfilterMethod:1          ; Median3x3 postfilering method]]
[2022.02.03-00.08.45:676][  0]LogConfig: Setting CVar [[r.DOF.Gather.EnableBokehSettings:0       ; no bokeh simulation when gathering]]
[2022.02.03-00.08.45:676][  0]LogConfig: Setting CVar [[r.DOF.Gather.RingCount:4                 ; medium number of samples when gathering]]
[2022.02.03-00.08.45:676][  0]LogConfig: Setting CVar [[r.DOF.Scatter.ForegroundCompositing:1    ; additive foreground scattering]]
[2022.02.03-00.08.45:676][  0]LogConfig: Setting CVar [[r.DOF.Scatter.BackgroundCompositing:2    ; additive background scattering]]
[2022.02.03-00.08.45:676][  0]LogConfig: Setting CVar [[r.DOF.Scatter.EnableBokehSettings:1      ; bokeh simulation when scattering]]
[2022.02.03-00.08.45:676][  0]LogConfig: Setting CVar [[r.DOF.Scatter.MaxSpriteRatio:0.1         ; only a maximum of 10% of scattered bokeh]]
[2022.02.03-00.08.45:676][  0]LogConfig: Setting CVar [[r.DOF.Recombine.Quality:1                ; cheap slight out of focus]]
[2022.02.03-00.08.45:676][  0]LogConfig: Setting CVar [[r.DOF.Recombine.EnableBokehSettings:0    ; no bokeh simulation on slight out of focus]]
[2022.02.03-00.08.45:676][  0]LogConfig: Setting CVar [[r.DOF.TemporalAAQuality:1                ; more stable temporal accumulation]]
[2022.02.03-00.08.45:676][  0]LogConfig: Setting CVar [[r.DOF.Kernel.MaxForegroundRadius:0.025]]
[2022.02.03-00.08.45:676][  0]LogConfig: Setting CVar [[r.DOF.Kernel.MaxBackgroundRadius:0.025]]
[2022.02.03-00.08.45:676][  0]LogConfig: Applying CVar settings from Section [TextureQuality@3] File [C:/HTW/5.Semester/Vertiefung der Programmierung/Projekt/Younglings/Saved/Config/Windows/Scalability.ini]
[2022.02.03-00.08.45:676][  0]LogConfig: Setting CVar [[r.Streaming.MipBias:0]]
[2022.02.03-00.08.45:676][  0]LogConfig: Setting CVar [[r.Streaming.AmortizeCPUToGPUCopy:0]]
[2022.02.03-00.08.45:676][  0]LogConfig: Setting CVar [[r.Streaming.MaxNumTexturesToStreamPerFrame:0]]
[2022.02.03-00.08.45:676][  0]LogConfig: Setting CVar [[r.Streaming.Boost:1]]
[2022.02.03-00.08.45:676][  0]LogConfig: Setting CVar [[r.MaxAnisotropy:8]]
[2022.02.03-00.08.45:676][  0]LogConfig: Setting CVar [[r.VT.MaxAnisotropy:8]]
[2022.02.03-00.08.45:676][  0]LogConfig: Setting CVar [[r.Streaming.LimitPoolSizeToVRAM:0]]
[2022.02.03-00.08.45:676][  0]LogConfig: Setting CVar [[r.Streaming.PoolSize:1000]]
[2022.02.03-00.08.45:676][  0]LogConfig: Setting CVar [[r.Streaming.MaxEffectiveScreenSize:0]]
[2022.02.03-00.08.45:676][  0]LogConfig: Applying CVar settings from Section [EffectsQuality@3] File [C:/HTW/5.Semester/Vertiefung der Programmierung/Projekt/Younglings/Saved/Config/Windows/Scalability.ini]
[2022.02.03-00.08.45:676][  0]LogConfig: Setting CVar [[r.TranslucencyLightingVolumeDim:64]]
[2022.02.03-00.08.45:677][  0]LogConfig: Setting CVar [[r.RefractionQuality:2]]
[2022.02.03-00.08.45:677][  0]LogConfig: Setting CVar [[r.SSR.Quality:3]]
[2022.02.03-00.08.45:677][  0]LogConfig: Setting CVar [[r.SSR.HalfResSceneColor:0]]
[2022.02.03-00.08.45:677][  0]LogConfig: Setting CVar [[r.SceneColorFormat:4]]
[2022.02.03-00.08.45:677][  0]LogConfig: Setting CVar [[r.DetailMode:2]]
[2022.02.03-00.08.45:677][  0]LogConfig: Setting CVar [[r.TranslucencyVolumeBlur:1]]
[2022.02.03-00.08.45:677][  0]LogConfig: Setting CVar [[r.MaterialQualityLevel:1 ; High quality]]
[2022.02.03-00.08.45:677][  0]LogConfig: Setting CVar [[r.AnisotropicMaterials:1]]
[2022.02.03-00.08.45:677][  0]LogConfig: Setting CVar [[r.SSS.Scale:1]]
[2022.02.03-00.08.45:677][  0]LogConfig: Setting CVar [[r.SSS.SampleSet:2]]
[2022.02.03-00.08.45:677][  0]LogConfig: Setting CVar [[r.SSS.Quality:1]]
[2022.02.03-00.08.45:677][  0]LogConfig: Setting CVar [[r.SSS.HalfRes:0]]
[2022.02.03-00.08.45:677][  0]LogConfig: Setting CVar [[r.SSGI.Quality:3]]
[2022.02.03-00.08.45:677][  0]LogConfig: Setting CVar [[r.EmitterSpawnRateScale:1.0]]
[2022.02.03-00.08.45:677][  0]LogConfig: Setting CVar [[r.ParticleLightQuality:2]]
[2022.02.03-00.08.45:677][  0]LogConfig: Setting CVar [[r.SkyAtmosphere.AerialPerspectiveLUT.FastApplyOnOpaque:1 ; Always have FastSkyLUT 1 in this case to avoid wrong sky]]
[2022.02.03-00.08.45:677][  0]LogConfig: Setting CVar [[r.SkyAtmosphere.AerialPerspectiveLUT.SampleCountMaxPerSlice:4]]
[2022.02.03-00.08.45:677][  0]LogConfig: Setting CVar [[r.SkyAtmosphere.AerialPerspectiveLUT.DepthResolution:16.0]]
[2022.02.03-00.08.45:677][  0]LogConfig: Setting CVar [[r.SkyAtmosphere.FastSkyLUT:1]]
[2022.02.03-00.08.45:677][  0]LogConfig: Setting CVar [[r.SkyAtmosphere.FastSkyLUT.SampleCountMin:4.0]]
[2022.02.03-00.08.45:677][  0]LogConfig: Setting CVar [[r.SkyAtmosphere.FastSkyLUT.SampleCountMax:128.0]]
[2022.02.03-00.08.45:677][  0]LogConfig: Setting CVar [[r.SkyAtmosphere.SampleCountMin:4.0]]
[2022.02.03-00.08.45:677][  0]LogConfig: Setting CVar [[r.SkyAtmosphere.SampleCountMax:128.0]]
[2022.02.03-00.08.45:677][  0]LogConfig: Setting CVar [[r.SkyAtmosphere.TransmittanceLUT.UseSmallFormat:0]]
[2022.02.03-00.08.45:677][  0]LogConfig: Setting CVar [[r.SkyAtmosphere.TransmittanceLUT.SampleCount:10.0]]
[2022.02.03-00.08.45:678][  0]LogConfig: Setting CVar [[r.SkyAtmosphere.MultiScatteringLUT.SampleCount:15.0]]
[2022.02.03-00.08.45:678][  0]LogConfig: Setting CVar [[r.SkyLight.RealTimeReflectionCapture:1]]
[2022.02.03-00.08.45:678][  0]LogConfig: Applying CVar settings from Section [FoliageQuality@3] File [C:/HTW/5.Semester/Vertiefung der Programmierung/Projekt/Younglings/Saved/Config/Windows/Scalability.ini]
[2022.02.03-00.08.45:678][  0]LogConfig: Setting CVar [[foliage.DensityScale:1.0]]
[2022.02.03-00.08.45:678][  0]LogConfig: Setting CVar [[grass.DensityScale:1.0]]
[2022.02.03-00.08.45:678][  0]LogConfig: Applying CVar settings from Section [ShadingQuality@3] File [C:/HTW/5.Semester/Vertiefung der Programmierung/Projekt/Younglings/Saved/Config/Windows/Scalability.ini]
[2022.02.03-00.08.45:678][  0]LogConfig: Setting CVar [[r.HairStrands.SkyLighting.IntegrationType:2]]
[2022.02.03-00.08.45:678][  0]LogConfig: Setting CVar [[r.HairStrands.SkyAO.SampleCount:4]]
[2022.02.03-00.08.45:678][  0]LogConfig: Setting CVar [[r.HairStrands.Visibility.MSAA.SamplePerPixel:4]]
[2022.02.03-00.08.45:678][  0]LogConfig: Applying CVar settings from Section [Startup] File [../../../Engine/Config/ConsoleVariables.ini]
[2022.02.03-00.08.45:678][  0]LogConfig: Setting CVar [[net.UseAdaptiveNetUpdateFrequency:0]]
[2022.02.03-00.08.45:678][  0]LogConfig: Setting CVar [[p.chaos.AllowCreatePhysxBodies:1]]
[2022.02.03-00.08.45:678][  0]LogConfig: Setting CVar [[fx.SkipVectorVMBackendOptimizations:1]]
[2022.02.03-00.08.45:678][  0]LogConfig: Applying CVar settings from Section [ConsoleVariables] File [C:/HTW/5.Semester/Vertiefung der Programmierung/Projekt/Younglings/Saved/Config/Windows/Engine.ini]
[2022.02.03-00.08.45:678][  0]LogConfig: Applying CVar settings from Section [ConsoleVariables] File [C:/HTW/5.Semester/Vertiefung der Programmierung/Projekt/Younglings/Saved/Config/Windows/Editor.ini]
[2022.02.03-00.08.45:679][  0]LogInit: Computer: MSI
[2022.02.03-00.08.45:679][  0]LogInit: User: sirlo
[2022.02.03-00.08.45:679][  0]LogInit: CPU Page size=4096, Cores=6
[2022.02.03-00.08.45:679][  0]LogInit: High frequency timer resolution =10.000000 MHz
[2022.02.03-00.08.45:679][  0]LogMemory: Memory total: Physical=15.8GB (16GB approx)
[2022.02.03-00.08.45:679][  0]LogMemory: Platform Memory Stats for Windows
[2022.02.03-00.08.45:679][  0]LogMemory: Process Physical Memory: 149.12 MB used, 149.13 MB peak
[2022.02.03-00.08.45:679][  0]LogMemory: Process Virtual Memory: 127.97 MB used, 127.97 MB peak
[2022.02.03-00.08.45:679][  0]LogMemory: Physical Memory: 13456.10 MB used,  2750.35 MB free, 16206.45 MB total
[2022.02.03-00.08.45:679][  0]LogMemory: Virtual Memory: 134210904.00 MB used,  6822.96 MB free, 134217728.00 MB total
[2022.02.03-00.08.45:761][  0]LogWindows: WindowsPlatformFeatures enabled
[2022.02.03-00.08.46:014][  0]LogInit: Physics initialised using underlying interface: PhysX
[2022.02.03-00.08.46:015][  0]LogInit: Using OS detected language (de-DE).
[2022.02.03-00.08.46:015][  0]LogInit: Using OS detected locale (de-DE).
[2022.02.03-00.08.46:029][  0]LogTextLocalizationManager: No specific localization for 'de-DE' exists, so the 'de' localization will be used.
[2022.02.03-00.08.46:030][  0]LogTextLocalizationResource: LocRes '../../../Engine/Content/Localization/Editor/de/Editor.locres' could not be opened for reading!
[2022.02.03-00.08.46:030][  0]LogTextLocalizationResource: LocRes '../../../Engine/Content/Localization/EditorTutorials/de/EditorTutorials.locres' could not be opened for reading!
[2022.02.03-00.08.46:030][  0]LogTextLocalizationResource: LocRes '../../../Engine/Content/Localization/Keywords/de/Keywords.locres' could not be opened for reading!
[2022.02.03-00.08.46:030][  0]LogTextLocalizationResource: LocRes '../../../Engine/Content/Localization/Category/de/Category.locres' could not be opened for reading!
[2022.02.03-00.08.46:030][  0]LogTextLocalizationResource: LocRes '../../../Engine/Content/Localization/ToolTips/de/ToolTips.locres' could not be opened for reading!
[2022.02.03-00.08.46:031][  0]LogTextLocalizationResource: LocRes '../../../Engine/Content/Localization/PropertyNames/de/PropertyNames.locres' could not be opened for reading!
[2022.02.03-00.08.46:031][  0]LogTextLocalizationResource: LocRes '../../../Engine/Content/Localization/Engine/de/Engine.locres' could not be opened for reading!
[2022.02.03-00.08.46:033][  0]LogInit: Setting process to per monitor DPI aware
[2022.02.03-00.08.46:076][  0]LogWindowsTextInputMethodSystem: Display: IME system deactivated.
[2022.02.03-00.08.46:106][  0]LogSlate: New Slate User Created.  User Index 0, Is Virtual User: 0
[2022.02.03-00.08.46:106][  0]LogSlate: Slate User Registered.  User Index 0, Is Virtual User: 0
[2022.02.03-00.08.46:448][  0]LogD3D11RHI: Loaded GFSDK_Aftermath_Lib.x64.dll
[2022.02.03-00.08.46:459][  0]LogHMD: Failed to initialize OpenVR with code 110
[2022.02.03-00.08.46:459][  0]LogD3D11RHI: D3D11 min allowed feature level: 11_0
[2022.02.03-00.08.46:459][  0]LogD3D11RHI: D3D11 max allowed feature level: 11_0
[2022.02.03-00.08.46:459][  0]LogD3D11RHI: D3D11 adapters:
[2022.02.03-00.08.46:621][  0]LogD3D11RHI:    0. 'NVIDIA GeForce RTX 3070 Laptop GPU' (Feature Level 11_0)
[2022.02.03-00.08.46:621][  0]LogD3D11RHI:       8044/0/8103 MB DedicatedVideo/DedicatedSystem/SharedSystem, Outputs:1, VendorId:0x10de
[2022.02.03-00.08.46:696][  0]LogD3D11RHI:    1. 'Intel(R) UHD Graphics' (Feature Level 11_0)
[2022.02.03-00.08.46:696][  0]LogD3D11RHI:       128/0/8103 MB DedicatedVideo/DedicatedSystem/SharedSystem, Outputs:1, VendorId:0x8086
[2022.02.03-00.08.46:708][  0]LogD3D11RHI:    2. 'Microsoft Basic Render Driver' (Feature Level 11_0)
[2022.02.03-00.08.46:708][  0]LogD3D11RHI:       0/0/8103 MB DedicatedVideo/DedicatedSystem/SharedSystem, Outputs:0, VendorId:0x1414
[2022.02.03-00.08.46:708][  0]LogD3D11RHI: Chosen D3D11 Adapter:
[2022.02.03-00.08.46:708][  0]LogD3D11RHI:     Description : NVIDIA GeForce RTX 3070 Laptop GPU
[2022.02.03-00.08.46:708][  0]LogD3D11RHI:     VendorId    : 10de
[2022.02.03-00.08.46:708][  0]LogD3D11RHI:     DeviceId    : 249d
[2022.02.03-00.08.46:708][  0]LogD3D11RHI:     SubSysId    : 12ef1462
[2022.02.03-00.08.46:708][  0]LogD3D11RHI:     Revision    : 00a1
[2022.02.03-00.08.46:708][  0]LogD3D11RHI:     DedicatedVideoMemory : 8434745344 bytes
[2022.02.03-00.08.46:708][  0]LogD3D11RHI:     DedicatedSystemMemory : 0 bytes
[2022.02.03-00.08.46:708][  0]LogD3D11RHI:     SharedSystemMemory : 8496848896 bytes
[2022.02.03-00.08.46:708][  0]LogD3D11RHI:     AdapterLuid : 0 73143
[2022.02.03-00.08.46:719][  0]LogD3D11RHI: Creating new Direct3DDevice
[2022.02.03-00.08.46:719][  0]LogD3D11RHI:     GPU DeviceId: 0x249d (for the marketing name, search the web for "GPU Device Id")
[2022.02.03-00.08.46:719][  0]LogWindows: EnumDisplayDevices:
[2022.02.03-00.08.46:719][  0]LogWindows:    0. 'Intel(R) UHD Graphics' (P:0 D:1)
[2022.02.03-00.08.46:719][  0]LogWindows:    1. 'Intel(R) UHD Graphics' (P:0 D:0)
[2022.02.03-00.08.46:719][  0]LogWindows:    2. 'Intel(R) UHD Graphics' (P:0 D:0)
[2022.02.03-00.08.46:719][  0]LogWindows:    3. 'NVIDIA GeForce RTX 3070 Laptop GPU' (P:1 D:1)
[2022.02.03-00.08.46:719][  0]LogWindows:    4. 'NVIDIA GeForce RTX 3070 Laptop GPU' (P:0 D:0)
[2022.02.03-00.08.46:720][  0]LogWindows:    5. 'NVIDIA GeForce RTX 3070 Laptop GPU' (P:0 D:0)
[2022.02.03-00.08.46:720][  0]LogWindows:    6. 'NVIDIA GeForce RTX 3070 Laptop GPU' (P:0 D:0)
[2022.02.03-00.08.46:720][  0]LogWindows: DebugString: PrimaryIsNotTheChoosenAdapter PrimaryIsNotTheChoosenAdapter PrimaryIsNotTheChoosenAdapter FoundDriverCount:4 
[2022.02.03-00.08.46:720][  0]LogD3D11RHI:     Adapter Name: NVIDIA GeForce RTX 3070 Laptop GPU
[2022.02.03-00.08.46:720][  0]LogD3D11RHI:   Driver Version: 472.88 (internal:30.0.14.7288, unified:472.88)
[2022.02.03-00.08.46:720][  0]LogD3D11RHI:      Driver Date: 12-8-2021
[2022.02.03-00.08.46:720][  0]LogRHI: Texture pool is 5630 MB (70% of 8044 MB)
[2022.02.03-00.08.46:720][  0]LogD3D11RHI: Creating D3DDevice using adapter:
[2022.02.03-00.08.46:721][  0]LogD3D11RHI:     Description : NVIDIA GeForce RTX 3070 Laptop GPU
[2022.02.03-00.08.46:721][  0]LogD3D11RHI:     VendorId    : 10de
[2022.02.03-00.08.46:721][  0]LogD3D11RHI:     DeviceId    : 249d
[2022.02.03-00.08.46:721][  0]LogD3D11RHI:     SubSysId    : 12ef1462
[2022.02.03-00.08.46:721][  0]LogD3D11RHI:     Revision    : 00a1
[2022.02.03-00.08.46:721][  0]LogD3D11RHI:     DedicatedVideoMemory : 8434745344 bytes
[2022.02.03-00.08.46:721][  0]LogD3D11RHI:     DedicatedSystemMemory : 0 bytes
[2022.02.03-00.08.46:721][  0]LogD3D11RHI:     SharedSystemMemory : 8496848896 bytes
[2022.02.03-00.08.46:721][  0]LogD3D11RHI:     AdapterLuid : 0 73143
[2022.02.03-00.08.46:817][  0]LogD3D11RHI: RHI has support for 64 bit atomics
[2022.02.03-00.08.46:818][  0]LogD3D11RHI: Async texture creation enabled
[2022.02.03-00.08.46:818][  0]LogD3D11RHI: Array index from any shader is supported
[2022.02.03-00.08.46:839][  0]LogD3D11RHI: GPU Timing Frequency: 1000.000000 (Debug: 2 2)
[2022.02.03-00.08.46:893][  0]LogRHI: GeForceNow SDK initialized: 1
[2022.02.03-00.08.47:225][  0]LogTargetPlatformManager: Display: Loaded TargetPlatform 'AllDesktop'
[2022.02.03-00.08.47:250][  0]LogTargetPlatformManager: Display: Loaded TargetPlatform 'Android'
[2022.02.03-00.08.47:250][  0]LogTargetPlatformManager: Display: Loaded TargetPlatform 'Android_ASTC'
[2022.02.03-00.08.47:251][  0]LogTargetPlatformManager: Display: Loaded TargetPlatform 'Android_DXT'
[2022.02.03-00.08.47:251][  0]LogTargetPlatformManager: Display: Loaded TargetPlatform 'Android_ETC2'
[2022.02.03-00.08.47:251][  0]LogTargetPlatformManager: Display: Loaded TargetPlatform 'AndroidClient'
[2022.02.03-00.08.47:251][  0]LogTargetPlatformManager: Display: Loaded TargetPlatform 'Android_ASTCClient'
[2022.02.03-00.08.47:251][  0]LogTargetPlatformManager: Display: Loaded TargetPlatform 'Android_DXTClient'
[2022.02.03-00.08.47:251][  0]LogTargetPlatformManager: Display: Loaded TargetPlatform 'Android_ETC2Client'
[2022.02.03-00.08.47:251][  0]LogTargetPlatformManager: Display: Loaded TargetPlatform 'Android_Multi'
[2022.02.03-00.08.47:251][  0]LogTargetPlatformManager: Display: Loaded TargetPlatform 'Android_MultiClient'
[2022.02.03-00.08.47:290][  0]LogTargetPlatformManager: Display: Loaded TargetPlatform 'IOSClient'
[2022.02.03-00.08.47:290][  0]LogTargetPlatformManager: Display: Loaded TargetPlatform 'IOS'
[2022.02.03-00.08.47:305][  0]LogTargetPlatformManager: Display: Loaded TargetPlatform 'Linux'
[2022.02.03-00.08.47:312][  0]LogTargetPlatformManager: Display: Loaded TargetPlatform 'LinuxNoEditor'
[2022.02.03-00.08.47:319][  0]LogTargetPlatformManager: Display: Loaded TargetPlatform 'LinuxClient'
[2022.02.03-00.08.47:326][  0]LogTargetPlatformManager: Display: Loaded TargetPlatform 'LinuxServer'
[2022.02.03-00.08.47:339][  0]LogTargetPlatformManager: Display: Loaded TargetPlatform 'LinuxAArch64NoEditor'
[2022.02.03-00.08.47:348][  0]LogTargetPlatformManager: Display: Loaded TargetPlatform 'LinuxAArch64Client'
[2022.02.03-00.08.47:356][  0]LogTargetPlatformManager: Display: Loaded TargetPlatform 'LinuxAArch64Server'
[2022.02.03-00.08.47:387][  0]LogTargetPlatformManager: Display: Loaded TargetPlatform 'Lumin'
[2022.02.03-00.08.47:387][  0]LogTargetPlatformManager: Display: Loaded TargetPlatform 'LuminClient'
[2022.02.03-00.08.47:398][  0]LogTargetPlatformManager: Display: Loaded TargetPlatform 'MacNoEditor'
[2022.02.03-00.08.47:405][  0]LogTargetPlatformManager: Display: Loaded TargetPlatform 'Mac'
[2022.02.03-00.08.47:413][  0]LogTargetPlatformManager: Display: Loaded TargetPlatform 'MacClient'
[2022.02.03-00.08.47:421][  0]LogTargetPlatformManager: Display: Loaded TargetPlatform 'MacServer'
[2022.02.03-00.08.47:433][  0]LogTargetPlatformManager: Display: Loaded TargetPlatform 'TVOSClient'
[2022.02.03-00.08.47:433][  0]LogTargetPlatformManager: Display: Loaded TargetPlatform 'TVOS'
[2022.02.03-00.08.47:445][  0]LogTargetPlatformManager: Display: Loaded TargetPlatform 'WindowsNoEditor'
[2022.02.03-00.08.47:454][  0]LogTargetPlatformManager: Display: Loaded TargetPlatform 'Windows'
[2022.02.03-00.08.47:463][  0]LogTargetPlatformManager: Display: Loaded TargetPlatform 'WindowsClient'
[2022.02.03-00.08.47:473][  0]LogTargetPlatformManager: Display: Loaded TargetPlatform 'WindowsServer'
[2022.02.03-00.08.47:473][  0]LogTargetPlatformManager: Display: Building Assets For Windows
[2022.02.03-00.08.47:498][  0]LogAudioDebug: Display: Lib vorbis DLL was dynamically loaded.
[2022.02.03-00.08.47:592][  0]LogTextureFormatOodle: Display: Oodle Texture 2.9.0 init RDO Off
[2022.02.03-00.08.47:698][  0]LogRendererCore: Ray tracing is disabled. Reason: r.RayTracing=0.
[2022.02.03-00.08.47:698][  0]LogShaderCompilers: Guid format shader working directory is -33 characters bigger than the processId version (../../../../../HTW/5.Semester/Vertiefung der Programmierung/Projekt/Younglings/Intermediate/Shaders/WorkingDirectory/21204/).
[2022.02.03-00.08.47:699][  0]LogShaderCompilers: Cleaned the shader compiler working directory 'C:/Users/sirlo/AppData/Local/Temp/UnrealShaderWorkingDir/1E1AB1744BBB5D3157FB7EA156FD6C26/'.
[2022.02.03-00.08.47:699][  0]LogXGEController: Cannot use XGE Controller as Incredibuild is not installed on this machine.
[2022.02.03-00.08.47:699][  0]LogShaderCompilers: Cannot use XGE Shader Compiler as Incredibuild is not installed on this machine.
[2022.02.03-00.08.47:699][  0]LogShaderCompilers: Display: Using Local Shader Compiler.
[2022.02.03-00.08.48:578][  0]LogDerivedDataCache: Display: Max Cache Size: 512 MB
[2022.02.03-00.08.48:709][  0]LogDerivedDataCache: Loaded boot cache 0.13s 94MB C:/Users/sirlo/AppData/Local/UnrealEngine/4.27/DerivedDataCache/Boot.ddc.
[2022.02.03-00.08.48:709][  0]LogDerivedDataCache: Display: Loaded Boot cache: C:/Users/sirlo/AppData/Local/UnrealEngine/4.27/DerivedDataCache/Boot.ddc
[2022.02.03-00.08.48:710][  0]LogDerivedDataCache: FDerivedDataBackendGraph:  Pak pak cache file ../../../../../HTW/5.Semester/Vertiefung der Programmierung/Projekt/Younglings/DerivedDataCache/DDC.ddp not found, will not use a pak cache.
[2022.02.03-00.08.48:710][  0]LogDerivedDataCache: Unable to find inner node Pak for hierarchical cache Hierarchy.
[2022.02.03-00.08.48:710][  0]LogDerivedDataCache: FDerivedDataBackendGraph:  CompressedPak pak cache file ../../../../../HTW/5.Semester/Vertiefung der Programmierung/Projekt/Younglings/DerivedDataCache/Compressed.ddp not found, will not use a pak cache.
[2022.02.03-00.08.48:710][  0]LogDerivedDataCache: Unable to find inner node CompressedPak for hierarchical cache Hierarchy.
[2022.02.03-00.08.48:727][  0]LogDerivedDataCache: Display: Pak cache opened for reading ../../../Engine/DerivedDataCache/Compressed.ddp.
[2022.02.03-00.08.48:728][  0]LogDerivedDataCache: FDerivedDataBackendGraph:  EnterprisePak pak cache file ../../../Enterprise/DerivedDataCache/Compressed.ddp not found, will not use a pak cache.
[2022.02.03-00.08.48:728][  0]LogDerivedDataCache: Unable to find inner node EnterprisePak for hierarchical cache Hierarchy.
[2022.02.03-00.08.48:743][  0]LogDerivedDataCache: Speed tests for C:/Users/sirlo/AppData/Local/UnrealEngine/Common/DerivedDataCache took 0.01 seconds
[2022.02.03-00.08.48:743][  0]LogDerivedDataCache: Display: Performance to C:/Users/sirlo/AppData/Local/UnrealEngine/Common/DerivedDataCache: Latency=0.28ms. RandomReadSpeed=167.98MBs, RandomWriteSpeed=155.81MBs. Assigned SpeedClass 'Local'
[2022.02.03-00.08.48:744][  0]LogDerivedDataCache: Using Local data cache path C:/Users/sirlo/AppData/Local/UnrealEngine/Common/DerivedDataCache: Writable
[2022.02.03-00.08.48:745][  0]LogDerivedDataCache: Shared data cache path not found in *engine.ini, will not use an Shared cache.
[2022.02.03-00.08.48:745][  0]LogDerivedDataCache: Unable to find inner node Shared for hierarchical cache Hierarchy.
[2022.02.03-00.08.48:786][  0]LogSlate: Using FreeType 2.10.0
[2022.02.03-00.08.48:788][  0]LogSlate: SlateFontServices - WITH_FREETYPE: 1, WITH_HARFBUZZ: 1
[2022.02.03-00.08.48:824][  0]LogAssetRegistry: FAssetRegistry took 0.0042 seconds to start up
[2022.02.03-00.08.49:043][  0]LogInit: Selected Device Profile: [Windows]
[2022.02.03-00.08.49:043][  0]LogInit: Active device profile: [0000021C649D7F00][0000021C56B9A840 49] Windows
[2022.02.03-00.08.49:044][  0]LogInit: Profiles: [0000021C649D7F00][0000021C56B9A840 49] Windows, [0000021C649E7F00][0000021C56B96980 49] WindowsNoEditor, [0000021C649D4200][0000021C56B9EAC0 49] WindowsServer, [0000021C649E4600][0000021C62402C40 49] WindowsClient, [0000021C649D7900][0000021C62406DC0 49] IOS, [0000021C649E7800][0000021C6240AF40 49] iPadAir, [0000021C649D4700][0000021C6240F0C0 49] iPadAir2, [0000021C64990B00][0000021C62417380 49] IPadPro, [0000021C64990C00][0000021C624133C0 49] iPadAir3, [0000021C649D6100][0000021C6241B540 49] iPadAir4, [0000021C64990700][0000021C6241F6C0 49] iPadMini2, [0000021C649D4900][0000021C62423840 49] iPadMini3, [0000021C64991600][0000021C624279C0 49] iPadMini4, [0000021C649D6F00][0000021C6242BB40 49] iPadMini5, [0000021C649E5300][0000021C62432280 49] iPhone6, [0000021C649E5400][0000021C6242E2C0 49] iPodTouch6, [0000021C64991400][0000021C6243A580 49] iPhone7, [0000021C64983F00][0000021C624365C0 49] iPodTouch7, [0000021C649E6100][0000021C646FE740 49] iPhone5S, [0000021C64980700][0000021C647028C0 49] iPhone6Plus, [0000021C649E7A00][0000021C56BA2A00 49] iPhone6S, [0000021C64983500][0000021C64706B40 49] iPhone6SPlus, [0000021C649E4900][0000021C6470AC80 49] iPhone7Plus, [0000021C64980D00][0000021C6470EDC0 49] iPhoneSE, [0000021C649E5C00][0000021C64716F40 49] iPhone8, [0000021C64982E00][0000021C6471B0C0 49] iPhone8Plus, [0000021C649E7100][0000021C6471F240 49] iPhoneX, [0000021C64981400][0000021C647233C0 49] iPhoneXS, [0000021C649E5F00][0000021C64727540 49] iPhoneXSMax, [0000021C64982800][0000021C6472B6C0 49] iPhoneXR, [0000021C649E6E00][0000021C6472F840 49] iPhone11, [0000021C64981A00][0000021C647339C0 49] iPhone11Pro, [0000021C649E5100][0000021C64737B40 49] iPhone11ProMax, [0000021C64983B00][0000021C6473A140 49] iPhoneSE2, [0000021C649E6600][0000021C6473E2C0 49] iPhone12Mini, [0000021C64980B00][0000021C64742440 49] iPhone12, [0000021C649E5600][0000021C647465C0 49] iPhone12Pro, [0000021C64983100][0000021C6474A740 49] iPhone12ProMax, [0000021C649E4300][0000021C6474E8C0 49] iPadPro105, [0000021C64983C00][0000021C64752A40 49] iPadPro129, [0000021C649E7D00][0000021C64712B80 49] iPadPro97, [0000021C64982C00][0000021C64756CC0 49] iPadPro2_129, [0000021C649E5700][0000021C6475AE00 49] iPad5, [0000021C64981600][0000021C6475EF40 49] iPad6, [0000021C649E4B00][0000021C647670C0 49] iPad7, [0000021C64982F00][0000021C6476B240 49] iPad8, [0000021C649E5800][0000021C6476F3C0 49] iPadPro11, [0000021C64983D00][0000021C64773540 49] iPadPro2_11, [0000021C649E4800][0000021C647776C0 49] iPadPro3_129, [0000021C64983700][0000021C6477B840 49] iPadPro4_129, [0000021C649E7C00][0000021C6477F9C0 49] AppleTV, [0000021C64982A00][0000021C64783B40 49] AppleTV4K, [0000021C649E5200][0000021C64786140 49] TVOS, [0000021C64980F00][0000021C6478A2C0 49] Mac, [0000021C649E5500][0000021C6478E440 49] MacClient, [0000021C64981200][0000021C647925C0 49] MacNoEditor, [0000021C649E7B00][0000021C64796740 49] MacServer, [0000021C64980900][0000021C6479A8C0 49] Linux, [0000021C649E6C00][0000021C6479EA40 49] LinuxAArch64, [0000021C64982400][0000021C647A2BC0 49] LinuxNoEditor, [0000021C649E6D00][0000021C647A6D40 49] LinuxAArch64NoEditor, [0000021C64981C00][0000021C64762E80 49] LinuxClient, [0000021C649E5D00][0000021C647AAFC0 49] LinuxAArch64Client, [0000021C64982300][0000021C647AF100 49] LinuxServer, [0000021C649E5E00][0000021C647B7280 49] LinuxAArch64Server, [0000021C64983000][0000021C647BB400 49] Android, [0000021C649E6500][0000021C647BF580 49] Android_Low, [0000021C64983900][0000021C647C3700 49] Android_Mid, [0000021C649E7E00][0000021C647C7880 49] Android_High, [0000021C64980E00][0000021C647CBA00 49] Android_Default, [0000021C649E4F00][0000021C647CFB80 49] Android_Adreno4xx, [0000021C64A4C100][0000021C647D2180 49] Android_Adreno5xx_Low, [0000021C64993800][0000021C647D6300 49] Android_Adreno5xx, [0000021C64A4C800][0000021C647DA480 49] Android_Adreno6xx, [0000021C64992700][0000021C647DE600 49] Android_Adreno6xx_Vulkan, [0000021C64A4D500][0000021C647E2780 49] Android_Mali_T6xx, [0000021C64992B00][0000021C647E6900 49] Android_Mali_T7xx, [0000021C64A4E800][0000021C647EAA80 49] Android_Mali_T8xx, [0000021C64991D00][0000021C647EEC00 49] Android_Mali_G71, [0000021C64A4E500][0000021C647F2D80 49] Android_Mali_G72, [0000021C64992E00][0000021C647F6F00 49] Android_Mali_G72_Vulkan, [0000021C64A4D300][0000021C647B3040 49] Android_Mali_G76, [0000021C64993D00][0000021C647FB180 49] Android_Mali_G76_Vulkan, [0000021C64A4E700][0000021C647FF2C0 49] Android_Mali_G77, [0000021C64991700][0000021C64807440 49] Android_Mali_G77_Vulkan, [0000021C64A4CD00][0000021C6480B5C0 49] Android_Mali_G78, [0000021C64993500][0000021C6480F740 49] Android_Mali_G78_Vulkan, [0000021C64A4E200][0000021C648138C0 49] Android_Mali_G710, [0000021C64991500][0000021C64817A40 49] Android_Mali_G710_Vulkan, [0000021C64A4E100][0000021C6481BBC0 49] Android_Vulkan_SM5, [0000021C64992500][0000021C6481E1C0 49] Android_PowerVR_G6xxx, [0000021C64A4D000][0000021C64822340 49] Android_PowerVR_GT7xxx, [0000021C64992A00][0000021C648264C0 49] Android_PowerVR_GE8xxx, [0000021C64A4C200][0000021C6482A640 49] Android_PowerVR_GM9xxx, [0000021C64991300][0000021C6482E7C0 49] Android_PowerVR_GM9xxx_Vulkan, [0000021C64A4DB00][0000021C64832940 49] Android_TegraK1, [0000021C64993B00][0000021C64836AC0 49] Android_Unknown_Vulkan, [0000021C64980500][0000021C6483AC40 49] Lumin, [0000021C64992100][0000021C6483EDC0 49] Lumin_Desktop, [0000021C64982B00][0000021C64842F40 49] HoloLens, 
[2022.02.03-00.08.49:257][  0]LogMeshReduction: Using QuadricMeshReduction for automatic static mesh reduction
[2022.02.03-00.08.49:257][  0]LogMeshReduction: Using SimplygonMeshReduction for automatic skeletal mesh reduction
[2022.02.03-00.08.49:257][  0]LogMeshReduction: Using ProxyLODMeshReduction for automatic mesh merging
[2022.02.03-00.08.49:257][  0]LogMeshReduction: No distributed automatic mesh merging module available
[2022.02.03-00.08.49:257][  0]LogMeshMerging: No distributed automatic mesh merging module available
[2022.02.03-00.08.49:283][  0]LogNetVersion: Younglings 1.0.0, NetCL: 17155196, EngineNetVer: 17, GameNetVer: 0 (Checksum: 988630336)
[2022.02.03-00.08.49:822][  0]LogTexture: Default maximum texture size for cubemaps generated from long-lat sources has been changed from 512 to unlimited. In order to preserve old behaiour for '/Engine/MapTemplates/Sky/DaylightAmbientCubemap.DaylightAmbientCubemap', its maximum texture size has been explicitly set to 512.
[2022.02.03-00.08.49:889][  0]LogHMD: PokeAHoleMaterial loaded successfully
[2022.02.03-00.08.49:895][  0]LogUObjectArray: 17178 objects as part of root set at end of initial load.
[2022.02.03-00.08.49:895][  0]LogUObjectAllocator: 4302048 out of 0 bytes used by permanent object pool.
[2022.02.03-00.08.49:895][  0]LogUObjectArray: CloseDisregardForGC: 0/0 objects in disregard for GC pool
[2022.02.03-00.08.50:410][  0]LogNiagaraDebuggerClient: Niagara Debugger Client Initialized | Session: 5AAFFC4341633732786655977BD5BCD7 | Instance: 092B9ED14C44EE08D5DDAB8E04A4E96C (MSI-21204).
[2022.02.03-00.08.50:617][  0]LogPython: Using Python 3.7.7
[2022.02.03-00.08.51:130][  0]LogTcpMessaging: Initializing TcpMessaging bridge
[2022.02.03-00.08.51:139][  0]LogUdpMessaging: Initializing bridge on interface 0.0.0.0:0 to multicast group 230.0.0.1:6666.
[2022.02.03-00.08.51:563][  0]SourceControl: Source control is disabled
[2022.02.03-00.08.51:564][  0]SourceControl: Source control is disabled
[2022.02.03-00.08.51:571][  0]SourceControl: Source control is disabled
[2022.02.03-00.08.51:586][  0]SourceControl: Source control is disabled
[2022.02.03-00.08.51:599][  0]SourceControl: Source control is disabled
[2022.02.03-00.08.51:630][  0]LogUProjectInfo: Found projects:
[2022.02.03-00.08.51:972][  0]LogOpenImageDenoise: OIDN starting up
[2022.02.03-00.08.52:037][  0]LogAndroidPermission: UAndroidPermissionCallbackProxy::GetInstance
[2022.02.03-00.08.52:091][  0]LogAudioCaptureCore: Display: No Audio Capture implementations found. Audio input will be silent.
[2022.02.03-00.08.52:091][  0]LogAudioCaptureCore: Display: No Audio Capture implementations found. Audio input will be silent.
[2022.02.03-00.08.52:288][  0]LogCollectionManager: Loaded 0 collections in 0.001400 seconds
[2022.02.03-00.08.52:335][  0]LogFileCache: Scanning file cache for directory 'C:/HTW/5.Semester/Vertiefung der Programmierung/Projekt/Younglings/Saved/Collections/' took 0.00s
[2022.02.03-00.08.52:335][  0]LogFileCache: Scanning file cache for directory 'C:/HTW/5.Semester/Vertiefung der Programmierung/Projekt/Younglings/Content/Developers/sirlo/Collections/' took 0.00s
[2022.02.03-00.08.52:335][  0]LogFileCache: Scanning file cache for directory 'C:/HTW/5.Semester/Vertiefung der Programmierung/Projekt/Younglings/Content/Collections/' took 0.00s
[2022.02.03-00.08.52:335][  0]LogOcInput: OculusInput pre-init called
[2022.02.03-00.08.52:600][  0]LogEngine: Initializing Engine...
[2022.02.03-00.08.52:606][  0]LogHMD: Failed to enumerate extensions. Please check that you have a valid OpenXR runtime installed.
[2022.02.03-00.08.52:607][  0]LogHMD: Failed to initialize OpenVR with code 110
[2022.02.03-00.08.52:607][  0]LogMagicLeap: Warning: VR disabled because ZI is not enabled.  To enable, in the editor, Edit -> Project Settings -> Plugins -> Magic Leap Plugin -> Enable Zero Iteration
[2022.02.03-00.08.52:608][  0]LogStats: UGameplayTagsManager::InitializeManager -  0.000 s
[2022.02.03-00.08.52:747][  0]LogInit: Initializing FReadOnlyCVARCache
[2022.02.03-00.08.52:761][  0]LogAIModule: Creating AISystem for world Untitled
[2022.02.03-00.08.52:768][  0]LogAudio: Display: Initializing Audio Device Manager...
[2022.02.03-00.08.52:775][  0]LogAudio: Display: Loading Default Audio Settings Objects...
[2022.02.03-00.08.52:776][  0]LogAudio: Display: No default SoundConcurrencyObject specified (or failed to load).
[2022.02.03-00.08.52:776][  0]LogAudio: Display: Audio Device Manager Initialized
[2022.02.03-00.08.52:777][  0]LogAudio: Display: Creating Audio Device:                 Id: 1, Scope: Shared, Realtime: True
[2022.02.03-00.08.52:777][  0]LogAudioMixer: Display: Audio Mixer Platform Settings:
[2022.02.03-00.08.52:777][  0]LogAudioMixer: Display: 	Sample Rate:						  48000
[2022.02.03-00.08.52:777][  0]LogAudioMixer: Display: 	Callback Buffer Frame Size Requested: 1024
[2022.02.03-00.08.52:777][  0]LogAudioMixer: Display: 	Callback Buffer Frame Size To Use:	  1024
[2022.02.03-00.08.52:777][  0]LogAudioMixer: Display: 	Number of buffers to queue:			  2
[2022.02.03-00.08.52:777][  0]LogAudioMixer: Display: 	Max Channels (voices):				  32
[2022.02.03-00.08.52:777][  0]LogAudioMixer: Display: 	Number of Async Source Workers:		  0
[2022.02.03-00.08.52:777][  0]LogAudio: Display: AudioDevice MaxSources: 32
[2022.02.03-00.08.52:777][  0]LogAudio: Display: Audio Spatialization Plugin: None (built-in).
[2022.02.03-00.08.52:777][  0]LogAudio: Display: Audio Reverb Plugin: None (built-in).
[2022.02.03-00.08.52:777][  0]LogAudio: Display: Audio Occlusion Plugin: None (built-in).
[2022.02.03-00.08.52:777][  0]LogAudioMixer: Display: Initializing audio mixer.
[2022.02.03-00.08.52:885][  0]LogAudioMixer: Display: 0: FrontLeft
[2022.02.03-00.08.52:885][  0]LogAudioMixer: Display: 1: FrontRight
[2022.02.03-00.08.52:885][  0]LogAudioMixer: Display: 2: FrontCenter
[2022.02.03-00.08.52:885][  0]LogAudioMixer: Display: 3: LowFrequency
[2022.02.03-00.08.52:885][  0]LogAudioMixer: Display: 4: BackLeft
[2022.02.03-00.08.52:885][  0]LogAudioMixer: Display: 5: BackRight
[2022.02.03-00.08.52:885][  0]LogAudioMixer: Display: 6: SideLeft
[2022.02.03-00.08.52:885][  0]LogAudioMixer: Display: 7: SideRight
[2022.02.03-00.08.53:193][  0]LogAudioMixer: Display: Using Audio Device Kopfhörer (CORSAIR VOID PRO Wireless Gaming Headset)
[2022.02.03-00.08.53:195][  0]LogAudioMixer: Display: Initializing Sound Submixes...
[2022.02.03-00.08.53:199][  0]LogAudioMixer: Display: Creating Master Submix 'MasterSubmixDefault'
[2022.02.03-00.08.53:199][  0]LogAudioMixer: Display: Creating Master Submix 'MasterReverbSubmixDefault'
[2022.02.03-00.08.53:200][  0]LogAudioMixer: Display: Creating Master Submix 'MasterEQSubmixDefault'
[2022.02.03-00.08.53:200][  0]LogAudioMixer: FMixerPlatformXAudio2::StartAudioStream() called
[2022.02.03-00.08.53:200][  0]LogAudioMixer: Display: Output buffers initialized: Frames=1024, Channels=8, Samples=8192
[2022.02.03-00.08.53:202][  0]LogAudioMixer: Display: Starting AudioMixerPlatformInterface::RunInternal()
[2022.02.03-00.08.53:202][  0]LogAudioMixer: Display: FMixerPlatformXAudio2::SubmitBuffer() called for the first time
[2022.02.03-00.08.53:202][  0]LogInit: FAudioDevice initialized.
[2022.02.03-00.08.53:203][  0]LogAudio: Display: Audio Device (ID: 1) registered with world 'Untitled'.
[2022.02.03-00.08.53:203][  0]LogNetVersion: Set ProjectVersion to 1.0.0.0. Version Checksum will be recalculated on next use.
[2022.02.03-00.08.53:255][  0]LogDerivedDataCache: Saved boot cache 0.05s 94MB C:/Users/sirlo/AppData/Local/UnrealEngine/4.27/DerivedDataCache/Boot.ddc.
[2022.02.03-00.08.53:256][  0]LogInit: Texture streaming: Enabled
[2022.02.03-00.08.53:279][  0]LogAnalytics: Display: [UEEditor.Rocket.Release] APIServer = https://datarouter.ol.epicgames.com/. AppVersion = 4.27.2-18319896+++UE4+Release-4.27
[2022.02.03-00.08.53:286][  0]LogEngineSessionManager: EngineSessionManager initialized
[2022.02.03-00.08.53:286][  0]LogEditorSessionSummary: Verbose: Initializing EditorSessionSummaryWriter for editor session tracking
[2022.02.03-00.08.53:291][  0]LogEditorSessionSummary: EditorSessionSummaryWriter initialized
[2022.02.03-00.08.53:321][  0]LogInit: Transaction tracking system initialized
[2022.02.03-00.08.53:364][  0]BlueprintLog: New page: Editor Load
[2022.02.03-00.08.53:473][  0]LocalizationService: Localization service is disabled
[2022.02.03-00.08.53:518][  0]TimingProfiler: Initialize
[2022.02.03-00.08.53:518][  0]TimingProfiler: OnSessionChanged
[2022.02.03-00.08.53:519][  0]LoadingProfiler: Initialize
[2022.02.03-00.08.53:519][  0]LoadingProfiler: OnSessionChanged
[2022.02.03-00.08.53:519][  0]NetworkingProfiler: Initialize
[2022.02.03-00.08.53:519][  0]NetworkingProfiler: OnSessionChanged
[2022.02.03-00.08.53:519][  0]MemoryProfiler: Initialize
[2022.02.03-00.08.53:519][  0]MemoryProfiler: OnSessionChanged
[2022.02.03-00.08.53:734][  0]LogCook: Display: CookSettings for Memory: MemoryMaxUsedVirtual 0MiB, MemoryMaxUsedPhysical 16384MiB, MemoryMinFreeVirtual 0MiB, MemoryMinFreePhysical 1024MiB
[2022.02.03-00.08.53:734][  0]LogCook: Display: Mobile HDR setting 1
[2022.02.03-00.08.54:048][  0]LogFileCache: Scanning file cache for directory 'C:/HTW/5.Semester/Vertiefung der Programmierung/Projekt/Younglings/Content/' took 0.00s
[2022.02.03-00.08.54:234][  0]LogInit: Display: Engine is initialized. Leaving FEngineLoop::Init()
[2022.02.03-00.08.54:239][  0]SourceControl: Source control is disabled
[2022.02.03-00.08.54:239][  0]LogUnrealEdMisc: Loading editor; pre map load, took 10.839
[2022.02.03-00.08.54:239][  0]Cmd: MAP LOAD FILE="../../../../../HTW/5.Semester/Vertiefung der Programmierung/Projekt/Younglings/Content/_Game/Maps/MainLevel.umap" TEMPLATE=0 SHOWPROGRESS=1 FEATURELEVEL=3
[2022.02.03-00.08.54:240][  0]LightingResults: New page: Lighting Build
[2022.02.03-00.08.54:241][  0]LogWorld: UWorld::CleanupWorld for Untitled, bSessionEnded=true, bCleanupResources=true
[2022.02.03-00.08.54:242][  0]LogSlate: InvalidateAllWidgets triggered.  All widgets were invalidated
[2022.02.03-00.08.54:242][  0]MapCheck: New page: Map Check
[2022.02.03-00.08.54:242][  0]LightingResults: New page: Lighting Build
[2022.02.03-00.08.54:246][  0]LogAudio: Display: Audio Device unregistered from world 'None'.
[2022.02.03-00.08.54:249][  0]LogUObjectHash: Compacting FUObjectHashTables data took   0.73ms
[2022.02.03-00.08.54:492][  0]LogAudio: Display: Audio Device (ID: 1) registered with world 'MainLevel'.
[2022.02.03-00.08.54:493][  0]LogAIModule: Creating AISystem for world MainLevel
[2022.02.03-00.08.54:501][  0]LogEditorServer: Finished looking for orphan Actors (0.000 secs)
[2022.02.03-00.08.54:507][  0]LogUObjectHash: Compacting FUObjectHashTables data took   0.84ms
[2022.02.03-00.08.54:509][  0]Cmd: MAP CHECKDEP NOCLEARLOG
[2022.02.03-00.08.54:509][  0]MapCheck: Map check complete: 0 Error(s), 0 Warning(s), took 0,167ms to complete.
[2022.02.03-00.08.54:509][  0]LogFileHelpers: Loading map 'MainLevel' took 0.270
[2022.02.03-00.08.54:511][  0]LogUnrealEdMisc: Total Editor Startup Time, took 11.111
[2022.02.03-00.08.54:651][  0]LogSlate: Updating window title bar state: overlay mode, drag disabled, window buttons hidden, title bar hidden
[2022.02.03-00.08.54:657][  0]LogSlate: Updating window title bar state: overlay mode, drag disabled, window buttons hidden, title bar hidden
[2022.02.03-00.08.54:663][  0]LogSlate: Updating window title bar state: overlay mode, drag disabled, window buttons hidden, title bar hidden
[2022.02.03-00.08.54:669][  0]LogSlate: Updating window title bar state: overlay mode, drag disabled, window buttons hidden, title bar hidden
[2022.02.03-00.08.54:684][  0]LogNativeClassHierarchy: Verbose: Native class hierarchy populated in 0.0086 seconds. Added 3826 classes and 930 folders.
[2022.02.03-00.08.54:687][  0]LogNativeClassHierarchy: Verbose: Native class hierarchy updated for 'WidgetCarousel' in 0.0002 seconds. Added 0 classes and 0 folders.
[2022.02.03-00.08.54:690][  0]LogPakFile: PakFile PrimaryIndexSize=187
[2022.02.03-00.08.54:690][  0]LogPakFile: PakFile PathHashIndexSize=101
[2022.02.03-00.08.54:691][  0]LogPakFile: PakFile FullDirectoryIndexSize=148
[2022.02.03-00.08.54:691][  0]LogShaderLibrary: Display: ShaderCodeLibraryPakFileMountedCallback: PakFile 'C:/EpicGames/UE_4.27/FeaturePacks/FP_FirstPerson.upack' (chunk index -1, root 'root:/') mounted
[2022.02.03-00.08.54:691][  0]LogShaderLibrary: Display: ShaderCodeLibraryPakFileMountedCallback: pending pak file info (ChunkID:-1 Root:root:/ File:C:/EpicGames/UE_4.27/FeaturePacks/FP_FirstPerson.upack)
[2022.02.03-00.08.54:691][  0]LogPakFile: OnPakFileMounted2Time == 0.000254
[2022.02.03-00.08.54:693][  0]LogPakFile: PakFile PrimaryIndexSize=189
[2022.02.03-00.08.54:693][  0]LogPakFile: PakFile PathHashIndexSize=101
[2022.02.03-00.08.54:693][  0]LogPakFile: PakFile FullDirectoryIndexSize=152
[2022.02.03-00.08.54:694][  0]LogShaderLibrary: Display: ShaderCodeLibraryPakFileMountedCallback: PakFile 'C:/EpicGames/UE_4.27/FeaturePacks/FP_FirstPersonBP.upack' (chunk index -1, root 'root:/') mounted
[2022.02.03-00.08.54:694][  0]LogShaderLibrary: Display: ShaderCodeLibraryPakFileMountedCallback: pending pak file info (ChunkID:-1 Root:root:/ File:C:/EpicGames/UE_4.27/FeaturePacks/FP_FirstPersonBP.upack)
[2022.02.03-00.08.54:694][  0]LogPakFile: OnPakFileMounted2Time == 0.000227
[2022.02.03-00.08.54:696][  0]LogPakFile: PakFile PrimaryIndexSize=191
[2022.02.03-00.08.54:696][  0]LogPakFile: PakFile PathHashIndexSize=101
[2022.02.03-00.08.54:696][  0]LogPakFile: PakFile FullDirectoryIndexSize=160
[2022.02.03-00.08.54:696][  0]LogShaderLibrary: Display: ShaderCodeLibraryPakFileMountedCallback: PakFile 'C:/EpicGames/UE_4.27/FeaturePacks/MobileStarterContent.upack' (chunk index -1, root 'root:/') mounted
[2022.02.03-00.08.54:696][  0]LogShaderLibrary: Display: ShaderCodeLibraryPakFileMountedCallback: pending pak file info (ChunkID:-1 Root:root:/ File:C:/EpicGames/UE_4.27/FeaturePacks/MobileStarterContent.upack)
[2022.02.03-00.08.54:696][  0]LogPakFile: OnPakFileMounted2Time == 0.000137
[2022.02.03-00.08.54:698][  0]LogPakFile: PakFile PrimaryIndexSize=185
[2022.02.03-00.08.54:698][  0]LogPakFile: PakFile PathHashIndexSize=101
[2022.02.03-00.08.54:698][  0]LogPakFile: PakFile FullDirectoryIndexSize=148
[2022.02.03-00.08.54:698][  0]LogShaderLibrary: Display: ShaderCodeLibraryPakFileMountedCallback: PakFile 'C:/EpicGames/UE_4.27/FeaturePacks/StarterContent.upack' (chunk index -1, root 'root:/') mounted
[2022.02.03-00.08.54:698][  0]LogShaderLibrary: Display: ShaderCodeLibraryPakFileMountedCallback: pending pak file info (ChunkID:-1 Root:root:/ File:C:/EpicGames/UE_4.27/FeaturePacks/StarterContent.upack)
[2022.02.03-00.08.54:698][  0]LogPakFile: OnPakFileMounted2Time == 0.000106
[2022.02.03-00.08.54:700][  0]LogPakFile: PakFile PrimaryIndexSize=190
[2022.02.03-00.08.54:700][  0]LogPakFile: PakFile PathHashIndexSize=101
[2022.02.03-00.08.54:700][  0]LogPakFile: PakFile FullDirectoryIndexSize=154
[2022.02.03-00.08.54:700][  0]LogShaderLibrary: Display: ShaderCodeLibraryPakFileMountedCallback: PakFile 'C:/EpicGames/UE_4.27/FeaturePacks/TP_2DSideScroller.upack' (chunk index -1, root 'root:/') mounted
[2022.02.03-00.08.54:700][  0]LogShaderLibrary: Display: ShaderCodeLibraryPakFileMountedCallback: pending pak file info (ChunkID:-1 Root:root:/ File:C:/EpicGames/UE_4.27/FeaturePacks/TP_2DSideScroller.upack)
[2022.02.03-00.08.54:700][  0]LogPakFile: OnPakFileMounted2Time == 0.000132
[2022.02.03-00.08.54:702][  0]LogPakFile: PakFile PrimaryIndexSize=192
[2022.02.03-00.08.54:702][  0]LogPakFile: PakFile PathHashIndexSize=101
[2022.02.03-00.08.54:702][  0]LogPakFile: PakFile FullDirectoryIndexSize=158
[2022.02.03-00.08.54:702][  0]LogShaderLibrary: Display: ShaderCodeLibraryPakFileMountedCallback: PakFile 'C:/EpicGames/UE_4.27/FeaturePacks/TP_2DSideScrollerBP.upack' (chunk index -1, root 'root:/') mounted
[2022.02.03-00.08.54:703][  0]LogShaderLibrary: Display: ShaderCodeLibraryPakFileMountedCallback: pending pak file info (ChunkID:-1 Root:root:/ File:C:/EpicGames/UE_4.27/FeaturePacks/TP_2DSideScrollerBP.upack)
[2022.02.03-00.08.54:703][  0]LogPakFile: OnPakFileMounted2Time == 0.000122
[2022.02.03-00.08.54:704][  0]LogPakFile: PakFile PrimaryIndexSize=182
[2022.02.03-00.08.54:704][  0]LogPakFile: PakFile PathHashIndexSize=101
[2022.02.03-00.08.54:704][  0]LogPakFile: PakFile FullDirectoryIndexSize=138
[2022.02.03-00.08.54:705][  0]LogShaderLibrary: Display: ShaderCodeLibraryPakFileMountedCallback: PakFile 'C:/EpicGames/UE_4.27/FeaturePacks/TP_Flying.upack' (chunk index -1, root 'root:/') mounted
[2022.02.03-00.08.54:705][  0]LogShaderLibrary: Display: ShaderCodeLibraryPakFileMountedCallback: pending pak file info (ChunkID:-1 Root:root:/ File:C:/EpicGames/UE_4.27/FeaturePacks/TP_Flying.upack)
[2022.02.03-00.08.54:705][  0]LogPakFile: OnPakFileMounted2Time == 0.000140
[2022.02.03-00.08.54:706][  0]LogPakFile: PakFile PrimaryIndexSize=184
[2022.02.03-00.08.54:706][  0]LogPakFile: PakFile PathHashIndexSize=101
[2022.02.03-00.08.54:707][  0]LogPakFile: PakFile FullDirectoryIndexSize=142
[2022.02.03-00.08.54:707][  0]LogShaderLibrary: Display: ShaderCodeLibraryPakFileMountedCallback: PakFile 'C:/EpicGames/UE_4.27/FeaturePacks/TP_FlyingBP.upack' (chunk index -1, root 'root:/') mounted
[2022.02.03-00.08.54:707][  0]LogShaderLibrary: Display: ShaderCodeLibraryPakFileMountedCallback: pending pak file info (ChunkID:-1 Root:root:/ File:C:/EpicGames/UE_4.27/FeaturePacks/TP_FlyingBP.upack)
[2022.02.03-00.08.54:707][  0]LogPakFile: OnPakFileMounted2Time == 0.000115
[2022.02.03-00.08.54:708][  0]LogPakFile: PakFile PrimaryIndexSize=188
[2022.02.03-00.08.54:708][  0]LogPakFile: PakFile PathHashIndexSize=101
[2022.02.03-00.08.54:708][  0]LogPakFile: PakFile FullDirectoryIndexSize=150
[2022.02.03-00.08.54:708][  0]LogShaderLibrary: Display: ShaderCodeLibraryPakFileMountedCallback: PakFile 'C:/EpicGames/UE_4.27/FeaturePacks/TP_HandheldARBP.upack' (chunk index -1, root 'root:/') mounted
[2022.02.03-00.08.54:708][  0]LogShaderLibrary: Display: ShaderCodeLibraryPakFileMountedCallback: pending pak file info (ChunkID:-1 Root:root:/ File:C:/EpicGames/UE_4.27/FeaturePacks/TP_HandheldARBP.upack)
[2022.02.03-00.08.54:709][  0]LogPakFile: OnPakFileMounted2Time == 0.000109
[2022.02.03-00.08.54:711][  0]LogPakFile: PakFile PrimaryIndexSize=182
[2022.02.03-00.08.54:711][  0]LogPakFile: PakFile PathHashIndexSize=101
[2022.02.03-00.08.54:711][  0]LogPakFile: PakFile FullDirectoryIndexSize=138
[2022.02.03-00.08.54:712][  0]LogShaderLibrary: Display: ShaderCodeLibraryPakFileMountedCallback: PakFile 'C:/EpicGames/UE_4.27/FeaturePacks/TP_Puzzle.upack' (chunk index -1, root 'root:/') mounted
[2022.02.03-00.08.54:712][  0]LogShaderLibrary: Display: ShaderCodeLibraryPakFileMountedCallback: pending pak file info (ChunkID:-1 Root:root:/ File:C:/EpicGames/UE_4.27/FeaturePacks/TP_Puzzle.upack)
[2022.02.03-00.08.54:712][  0]LogPakFile: OnPakFileMounted2Time == 0.000094
[2022.02.03-00.08.54:713][  0]LogPakFile: PakFile PrimaryIndexSize=184
[2022.02.03-00.08.54:713][  0]LogPakFile: PakFile PathHashIndexSize=101
[2022.02.03-00.08.54:713][  0]LogPakFile: PakFile FullDirectoryIndexSize=142
[2022.02.03-00.08.54:713][  0]LogShaderLibrary: Display: ShaderCodeLibraryPakFileMountedCallback: PakFile 'C:/EpicGames/UE_4.27/FeaturePacks/TP_PuzzleBP.upack' (chunk index -1, root 'root:/') mounted
[2022.02.03-00.08.54:713][  0]LogShaderLibrary: Display: ShaderCodeLibraryPakFileMountedCallback: pending pak file info (ChunkID:-1 Root:root:/ File:C:/EpicGames/UE_4.27/FeaturePacks/TP_PuzzleBP.upack)
[2022.02.03-00.08.54:713][  0]LogPakFile: OnPakFileMounted2Time == 0.000115
[2022.02.03-00.08.54:715][  0]LogPakFile: PakFile PrimaryIndexSize=183
[2022.02.03-00.08.54:715][  0]LogPakFile: PakFile PathHashIndexSize=101
[2022.02.03-00.08.54:715][  0]LogPakFile: PakFile FullDirectoryIndexSize=140
[2022.02.03-00.08.54:715][  0]LogShaderLibrary: Display: ShaderCodeLibraryPakFileMountedCallback: PakFile 'C:/EpicGames/UE_4.27/FeaturePacks/TP_Rolling.upack' (chunk index -1, root 'root:/') mounted
[2022.02.03-00.08.54:715][  0]LogShaderLibrary: Display: ShaderCodeLibraryPakFileMountedCallback: pending pak file info (ChunkID:-1 Root:root:/ File:C:/EpicGames/UE_4.27/FeaturePacks/TP_Rolling.upack)
[2022.02.03-00.08.54:715][  0]LogPakFile: OnPakFileMounted2Time == 0.000090
[2022.02.03-00.08.54:717][  0]LogPakFile: PakFile PrimaryIndexSize=185
[2022.02.03-00.08.54:717][  0]LogPakFile: PakFile PathHashIndexSize=101
[2022.02.03-00.08.54:717][  0]LogPakFile: PakFile FullDirectoryIndexSize=144
[2022.02.03-00.08.54:717][  0]LogShaderLibrary: Display: ShaderCodeLibraryPakFileMountedCallback: PakFile 'C:/EpicGames/UE_4.27/FeaturePacks/TP_RollingBP.upack' (chunk index -1, root 'root:/') mounted
[2022.02.03-00.08.54:717][  0]LogShaderLibrary: Display: ShaderCodeLibraryPakFileMountedCallback: pending pak file info (ChunkID:-1 Root:root:/ File:C:/EpicGames/UE_4.27/FeaturePacks/TP_RollingBP.upack)
[2022.02.03-00.08.54:717][  0]LogPakFile: OnPakFileMounted2Time == 0.000102
[2022.02.03-00.08.54:718][  0]LogPakFile: PakFile PrimaryIndexSize=188
[2022.02.03-00.08.54:718][  0]LogPakFile: PakFile PathHashIndexSize=101
[2022.02.03-00.08.54:718][  0]LogPakFile: PakFile FullDirectoryIndexSize=150
[2022.02.03-00.08.54:719][  0]LogShaderLibrary: Display: ShaderCodeLibraryPakFileMountedCallback: PakFile 'C:/EpicGames/UE_4.27/FeaturePacks/TP_SideScroller.upack' (chunk index -1, root 'root:/') mounted
[2022.02.03-00.08.54:719][  0]LogShaderLibrary: Display: ShaderCodeLibraryPakFileMountedCallback: pending pak file info (ChunkID:-1 Root:root:/ File:C:/EpicGames/UE_4.27/FeaturePacks/TP_SideScroller.upack)
[2022.02.03-00.08.54:719][  0]LogPakFile: OnPakFileMounted2Time == 0.000099
[2022.02.03-00.08.54:720][  0]LogPakFile: PakFile PrimaryIndexSize=190
[2022.02.03-00.08.54:720][  0]LogPakFile: PakFile PathHashIndexSize=101
[2022.02.03-00.08.54:720][  0]LogPakFile: PakFile FullDirectoryIndexSize=154
[2022.02.03-00.08.54:720][  0]LogShaderLibrary: Display: ShaderCodeLibraryPakFileMountedCallback: PakFile 'C:/EpicGames/UE_4.27/FeaturePacks/TP_SideScrollerBP.upack' (chunk index -1, root 'root:/') mounted
[2022.02.03-00.08.54:721][  0]LogShaderLibrary: Display: ShaderCodeLibraryPakFileMountedCallback: pending pak file info (ChunkID:-1 Root:root:/ File:C:/EpicGames/UE_4.27/FeaturePacks/TP_SideScrollerBP.upack)
[2022.02.03-00.08.54:721][  0]LogPakFile: OnPakFileMounted2Time == 0.000097
[2022.02.03-00.08.54:722][  0]LogPakFile: PakFile PrimaryIndexSize=187
[2022.02.03-00.08.54:722][  0]LogPakFile: PakFile PathHashIndexSize=101
[2022.02.03-00.08.54:722][  0]LogPakFile: PakFile FullDirectoryIndexSize=148
[2022.02.03-00.08.54:722][  0]LogShaderLibrary: Display: ShaderCodeLibraryPakFileMountedCallback: PakFile 'C:/EpicGames/UE_4.27/FeaturePacks/TP_ThirdPerson.upack' (chunk index -1, root 'root:/') mounted
[2022.02.03-00.08.54:722][  0]LogShaderLibrary: Display: ShaderCodeLibraryPakFileMountedCallback: pending pak file info (ChunkID:-1 Root:root:/ File:C:/EpicGames/UE_4.27/FeaturePacks/TP_ThirdPerson.upack)
[2022.02.03-00.08.54:722][  0]LogPakFile: OnPakFileMounted2Time == 0.000106
[2022.02.03-00.08.54:724][  0]LogPakFile: PakFile PrimaryIndexSize=189
[2022.02.03-00.08.54:724][  0]LogPakFile: PakFile PathHashIndexSize=101
[2022.02.03-00.08.54:724][  0]LogPakFile: PakFile FullDirectoryIndexSize=152
[2022.02.03-00.08.54:724][  0]LogShaderLibrary: Display: ShaderCodeLibraryPakFileMountedCallback: PakFile 'C:/EpicGames/UE_4.27/FeaturePacks/TP_ThirdPersonBP.upack' (chunk index -1, root 'root:/') mounted
[2022.02.03-00.08.54:724][  0]LogShaderLibrary: Display: ShaderCodeLibraryPakFileMountedCallback: pending pak file info (ChunkID:-1 Root:root:/ File:C:/EpicGames/UE_4.27/FeaturePacks/TP_ThirdPersonBP.upack)
[2022.02.03-00.08.54:724][  0]LogPakFile: OnPakFileMounted2Time == 0.000110
[2022.02.03-00.08.54:726][  0]LogPakFile: PakFile PrimaryIndexSize=183
[2022.02.03-00.08.54:726][  0]LogPakFile: PakFile PathHashIndexSize=101
[2022.02.03-00.08.54:726][  0]LogPakFile: PakFile FullDirectoryIndexSize=140
[2022.02.03-00.08.54:726][  0]LogShaderLibrary: Display: ShaderCodeLibraryPakFileMountedCallback: PakFile 'C:/EpicGames/UE_4.27/FeaturePacks/TP_TopDown.upack' (chunk index -1, root 'root:/') mounted
[2022.02.03-00.08.54:726][  0]LogShaderLibrary: Display: ShaderCodeLibraryPakFileMountedCallback: pending pak file info (ChunkID:-1 Root:root:/ File:C:/EpicGames/UE_4.27/FeaturePacks/TP_TopDown.upack)
[2022.02.03-00.08.54:727][  0]LogPakFile: OnPakFileMounted2Time == 0.000219
[2022.02.03-00.08.54:728][  0]LogPakFile: PakFile PrimaryIndexSize=185
[2022.02.03-00.08.54:728][  0]LogPakFile: PakFile PathHashIndexSize=101
[2022.02.03-00.08.54:728][  0]LogPakFile: PakFile FullDirectoryIndexSize=144
[2022.02.03-00.08.54:728][  0]LogShaderLibrary: Display: ShaderCodeLibraryPakFileMountedCallback: PakFile 'C:/EpicGames/UE_4.27/FeaturePacks/TP_TopDownBP.upack' (chunk index -1, root 'root:/') mounted
[2022.02.03-00.08.54:728][  0]LogShaderLibrary: Display: ShaderCodeLibraryPakFileMountedCallback: pending pak file info (ChunkID:-1 Root:root:/ File:C:/EpicGames/UE_4.27/FeaturePacks/TP_TopDownBP.upack)
[2022.02.03-00.08.54:728][  0]LogPakFile: OnPakFileMounted2Time == 0.000107
[2022.02.03-00.08.54:730][  0]LogPakFile: PakFile PrimaryIndexSize=185
[2022.02.03-00.08.54:730][  0]LogPakFile: PakFile PathHashIndexSize=101
[2022.02.03-00.08.54:730][  0]LogPakFile: PakFile FullDirectoryIndexSize=144
[2022.02.03-00.08.54:730][  0]LogShaderLibrary: Display: ShaderCodeLibraryPakFileMountedCallback: PakFile 'C:/EpicGames/UE_4.27/FeaturePacks/TP_TwinStick.upack' (chunk index -1, root 'root:/') mounted
[2022.02.03-00.08.54:730][  0]LogShaderLibrary: Display: ShaderCodeLibraryPakFileMountedCallback: pending pak file info (ChunkID:-1 Root:root:/ File:C:/EpicGames/UE_4.27/FeaturePacks/TP_TwinStick.upack)
[2022.02.03-00.08.54:730][  0]LogPakFile: OnPakFileMounted2Time == 0.000106
[2022.02.03-00.08.54:732][  0]LogPakFile: PakFile PrimaryIndexSize=187
[2022.02.03-00.08.54:732][  0]LogPakFile: PakFile PathHashIndexSize=101
[2022.02.03-00.08.54:732][  0]LogPakFile: PakFile FullDirectoryIndexSize=148
[2022.02.03-00.08.54:732][  0]LogShaderLibrary: Display: ShaderCodeLibraryPakFileMountedCallback: PakFile 'C:/EpicGames/UE_4.27/FeaturePacks/TP_TwinStickBP.upack' (chunk index -1, root 'root:/') mounted
[2022.02.03-00.08.54:732][  0]LogShaderLibrary: Display: ShaderCodeLibraryPakFileMountedCallback: pending pak file info (ChunkID:-1 Root:root:/ File:C:/EpicGames/UE_4.27/FeaturePacks/TP_TwinStickBP.upack)
[2022.02.03-00.08.54:732][  0]LogPakFile: OnPakFileMounted2Time == 0.000099
[2022.02.03-00.08.54:733][  0]LogPakFile: PakFile PrimaryIndexSize=183
[2022.02.03-00.08.54:733][  0]LogPakFile: PakFile PathHashIndexSize=101
[2022.02.03-00.08.54:733][  0]LogPakFile: PakFile FullDirectoryIndexSize=140
[2022.02.03-00.08.54:733][  0]LogShaderLibrary: Display: ShaderCodeLibraryPakFileMountedCallback: PakFile 'C:/EpicGames/UE_4.27/FeaturePacks/TP_Vehicle.upack' (chunk index -1, root 'root:/') mounted
[2022.02.03-00.08.54:733][  0]LogShaderLibrary: Display: ShaderCodeLibraryPakFileMountedCallback: pending pak file info (ChunkID:-1 Root:root:/ File:C:/EpicGames/UE_4.27/FeaturePacks/TP_Vehicle.upack)
[2022.02.03-00.08.54:733][  0]LogPakFile: OnPakFileMounted2Time == 0.000096
[2022.02.03-00.08.54:735][  0]LogPakFile: PakFile PrimaryIndexSize=186
[2022.02.03-00.08.54:735][  0]LogPakFile: PakFile PathHashIndexSize=101
[2022.02.03-00.08.54:735][  0]LogPakFile: PakFile FullDirectoryIndexSize=146
[2022.02.03-00.08.54:735][  0]LogShaderLibrary: Display: ShaderCodeLibraryPakFileMountedCallback: PakFile 'C:/EpicGames/UE_4.27/FeaturePacks/TP_VehicleAdv.upack' (chunk index -1, root 'root:/') mounted
[2022.02.03-00.08.54:735][  0]LogShaderLibrary: Display: ShaderCodeLibraryPakFileMountedCallback: pending pak file info (ChunkID:-1 Root:root:/ File:C:/EpicGames/UE_4.27/FeaturePacks/TP_VehicleAdv.upack)
[2022.02.03-00.08.54:735][  0]LogPakFile: OnPakFileMounted2Time == 0.000106
[2022.02.03-00.08.54:736][  0]LogPakFile: PakFile PrimaryIndexSize=188
[2022.02.03-00.08.54:736][  0]LogPakFile: PakFile PathHashIndexSize=101
[2022.02.03-00.08.54:736][  0]LogPakFile: PakFile FullDirectoryIndexSize=150
[2022.02.03-00.08.54:736][  0]LogShaderLibrary: Display: ShaderCodeLibraryPakFileMountedCallback: PakFile 'C:/EpicGames/UE_4.27/FeaturePacks/TP_VehicleAdvBP.upack' (chunk index -1, root 'root:/') mounted
[2022.02.03-00.08.54:736][  0]LogShaderLibrary: Display: ShaderCodeLibraryPakFileMountedCallback: pending pak file info (ChunkID:-1 Root:root:/ File:C:/EpicGames/UE_4.27/FeaturePacks/TP_VehicleAdvBP.upack)
[2022.02.03-00.08.54:736][  0]LogPakFile: OnPakFileMounted2Time == 0.000097
[2022.02.03-00.08.54:738][  0]LogPakFile: PakFile PrimaryIndexSize=185
[2022.02.03-00.08.54:738][  0]LogPakFile: PakFile PathHashIndexSize=101
[2022.02.03-00.08.54:738][  0]LogPakFile: PakFile FullDirectoryIndexSize=144
[2022.02.03-00.08.54:738][  0]LogShaderLibrary: Display: ShaderCodeLibraryPakFileMountedCallback: PakFile 'C:/EpicGames/UE_4.27/FeaturePacks/TP_VehicleBP.upack' (chunk index -1, root 'root:/') mounted
[2022.02.03-00.08.54:738][  0]LogShaderLibrary: Display: ShaderCodeLibraryPakFileMountedCallback: pending pak file info (ChunkID:-1 Root:root:/ File:C:/EpicGames/UE_4.27/FeaturePacks/TP_VehicleBP.upack)
[2022.02.03-00.08.54:738][  0]LogPakFile: OnPakFileMounted2Time == 0.000111
[2022.02.03-00.08.54:740][  0]LogPakFile: PakFile PrimaryIndexSize=192
[2022.02.03-00.08.54:740][  0]LogPakFile: PakFile PathHashIndexSize=101
[2022.02.03-00.08.54:740][  0]LogPakFile: PakFile FullDirectoryIndexSize=158
[2022.02.03-00.08.54:740][  0]LogShaderLibrary: Display: ShaderCodeLibraryPakFileMountedCallback: PakFile 'C:/EpicGames/UE_4.27/FeaturePacks/TP_VirtualRealityBP.upack' (chunk index -1, root 'root:/') mounted
[2022.02.03-00.08.54:740][  0]LogShaderLibrary: Display: ShaderCodeLibraryPakFileMountedCallback: pending pak file info (ChunkID:-1 Root:root:/ File:C:/EpicGames/UE_4.27/FeaturePacks/TP_VirtualRealityBP.upack)
[2022.02.03-00.08.54:740][  0]LogPakFile: OnPakFileMounted2Time == 0.000094
[2022.02.03-00.08.54:898][  0]LogNativeClassHierarchy: Verbose: Native class hierarchy updated for 'AddContentDialog' in 0.0002 seconds. Added 0 classes and 0 folders.
[2022.02.03-00.08.54:900][  0]LogNativeClassHierarchy: Verbose: Native class hierarchy updated for 'SceneOutliner' in 0.0003 seconds. Added 2 classes and 0 folders.
[2022.02.03-00.08.55:000][  0]LogSlate: Took 0.000954 seconds to synchronously load lazily loaded font '../../../Engine/Content/Slate/Fonts/Roboto-Regular.ttf' (155K)
[2022.02.03-00.08.55:002][  0]LogSlate: Took 0.001227 seconds to synchronously load lazily loaded font '../../../Engine/Content/Editor/Slate/Fonts/FontAwesome.ttf' (139K)
[2022.02.03-00.08.55:004][  0]LogSlate: Took 0.000661 seconds to synchronously load lazily loaded font '../../../Engine/Content/Slate/Fonts/Roboto-Bold.ttf' (160K)
[2022.02.03-00.08.55:101][  0]LogRenderer: Reallocating scene render targets to support 1208x572 Format 10 NumSamples 1 (Frame:1).
[2022.02.03-00.08.55:156][  0]LogSlate: Took 0.000843 seconds to synchronously load lazily loaded font '../../../Engine/Content/Slate/Fonts/Roboto-Light.ttf' (167K)
[2022.02.03-00.08.55:239][  0]LogNativeClassHierarchy: Verbose: Native class hierarchy updated for 'HierarchicalLODOutliner' in 0.0004 seconds. Added 0 classes and 0 folders.
[2022.02.03-00.08.55:240][  0]LogLoad: (Engine Initialization) Total time: 11.84 seconds
[2022.02.03-00.08.55:240][  0]LogLoad: (Engine Initialization) Total Blueprint compile time: 0.00 seconds
[2022.02.03-00.08.55:295][  0]LogAssetRegistry: Asset discovery search completed in 6.4740 seconds
[2022.02.03-00.08.55:304][  0]LogCollectionManager: Fixed up redirectors for 0 collections in 0.000003 seconds (updated 0 objects)
[2022.02.03-00.08.55:305][  0]LogContentStreaming: Texture pool size now 1000 MB
