Log file open, 02/04/22 16:31:50
LogWindows: Failed to load 'aqProf.dll' (GetLastError=126)
LogWindows: File 'aqProf.dll' does not exist
LogWindows: Failed to load 'VtuneApi.dll' (GetLastError=126)
LogWindows: File 'VtuneApi.dll' does not exist
LogWindows: Failed to load 'VtuneApi32e.dll' (GetLastError=126)
LogWindows: File 'VtuneApi32e.dll' does not exist
LogConsoleResponse: Display: Failed to find resolution value strings in scalability ini. Falling back to default.
LogConsoleResponse: Display: Failed to find resolution value strings in scalability ini. Falling back to default.
LogInit: Display: Running engine for game: Younglings
LogPlatformFile: Not using cached read wrapper
LogTaskGraph: Started task graph with 5 named threads and 35 total threads with 3 sets of task threads.
LogStats: Stats thread started at 0.576852
LogICUInternationalization: ICU TimeZone Detection - Raw Offset: +1:00, Platform Override: ''
LogInit: Display: Loading text-based GConfig....
LogPluginManager: Mounting plugin MeshPainting
LogPluginManager: Mounting plugin XGEController
LogPluginManager: Mounting plugin Paper2D
LogPluginManager: Mounting plugin LightPropagationVolume
LogPluginManager: Mounting plugin AISupport
LogPluginManager: Mounting plugin EnvironmentQueryEditor
LogPluginManager: Mounting plugin LiveLink
LogPluginManager: Mounting plugin OodleData
LogPluginManager: Mounting plugin OodleNetwork
LogPluginManager: Mounting plugin GameplayCameras
LogPluginManager: Mounting plugin CameraShakePreviewer
LogPluginManager: Mounting plugin VariantManagerContent
LogPluginManager: Mounting plugin AlembicImporter
LogPluginManager: Mounting plugin BackChannel
LogPluginManager: Mounting plugin ChaosCloth
LogPluginManager: Mounting plugin ChaosClothEditor
LogPluginManager: Mounting plugin DatasmithContent
LogPluginManager: Mounting plugin ChaosNiagara
LogPluginManager: Mounting plugin ChaosSolverPlugin
LogPluginManager: Mounting plugin ChaosEditor
LogPluginManager: Mounting plugin CharacterAI
LogPluginManager: Mounting plugin Niagara
LogPluginManager: Mounting plugin GeometryCache
LogPluginManager: Mounting plugin AutomationUtils
LogPluginManager: Mounting plugin GeometryCollectionPlugin
LogPluginManager: Mounting plugin MagicLeap
LogPluginManager: Mounting plugin MagicLeapLightEstimation
LogPluginManager: Mounting plugin MagicLeapMedia
LogPluginManager: Mounting plugin AnimationSharing
LogPluginManager: Mounting plugin MagicLeapPassableWorld
LogPluginManager: Mounting plugin LuminPlatformFeatures
LogPluginManager: Mounting plugin MLSDK
LogPluginManager: Mounting plugin CodeLiteSourceCodeAccess
LogPluginManager: Mounting plugin GitSourceControl
LogPluginManager: Mounting plugin NullSourceCodeAccess
LogPluginManager: Mounting plugin KDevelopSourceCodeAccess
LogPluginManager: Mounting plugin PerforceSourceControl
LogPluginManager: Mounting plugin PixWinPlugin
LogPluginManager: Mounting plugin PluginUtils
LogPluginManager: Mounting plugin PlasticSourceControl
LogPluginManager: Mounting plugin CLionSourceCodeAccess
LogPluginManager: Mounting plugin RiderLink
LogPluginManager: Mounting plugin SubversionSourceControl
LogPluginManager: Mounting plugin TextureFormatOodle
LogPluginManager: Mounting plugin UObjectPlugin
LogPluginManager: Mounting plugin GeometryProcessing
LogPluginManager: Mounting plugin VisualStudioCodeSourceCodeAccess
LogPluginManager: Mounting plugin VisualStudioSourceCodeAccess
LogPluginManager: Mounting plugin XCodeSourceCodeAccess
LogPluginManager: Mounting plugin OpenImageDenoise
LogPluginManager: Mounting plugin RiderSourceCodeAccess
LogPluginManager: Mounting plugin PlanarCut
LogPluginManager: Mounting plugin ProxyLODPlugin
LogPluginManager: Mounting plugin PlatformCrypto
LogPluginManager: Mounting plugin PythonScriptPlugin
LogPluginManager: Mounting plugin PropertyAccessNode
LogPluginManager: Mounting plugin SkeletalReduction
LogPluginManager: Mounting plugin AndroidMedia
LogPluginManager: Mounting plugin AvfMedia
LogPluginManager: Mounting plugin ImgMedia
LogPluginManager: Mounting plugin MediaCompositing
LogPluginManager: Mounting plugin MediaPlayerEditor
LogPluginManager: Mounting plugin MotoSynth
LogPluginManager: Mounting plugin TcpMessaging
LogPluginManager: Mounting plugin UdpMessaging
LogPluginManager: Mounting plugin ActorSequence
LogPluginManager: Mounting plugin LevelSequenceEditor
LogPluginManager: Mounting plugin MatineeToLevelSequence
LogPluginManager: Mounting plugin WebMMedia
LogPluginManager: Mounting plugin TemplateSequence
LogPluginManager: Mounting plugin OnlineSubsystem
LogPluginManager: Mounting plugin OnlineSubsystemNull
LogPluginManager: Mounting plugin LauncherChunkInstaller
LogPluginManager: Mounting plugin OnlineSubsystemUtils
LogPluginManager: Mounting plugin ActorLayerUtilities
LogPluginManager: Mounting plugin AndroidDeviceProfileSelector
LogPluginManager: Mounting plugin AndroidMoviePlayer
LogPluginManager: Mounting plugin AndroidPermission
LogPluginManager: Mounting plugin AppleImageUtils
LogPluginManager: Mounting plugin AppleMoviePlayer
LogPluginManager: Mounting plugin ArchVisCharacter
LogPluginManager: Mounting plugin AssetTags
LogPluginManager: Mounting plugin AudioSynesthesia
LogPluginManager: Mounting plugin CableComponent
LogPluginManager: Mounting plugin ChunkDownloader
LogPluginManager: Mounting plugin CustomMeshComponent
LogPluginManager: Mounting plugin EditableMesh
LogPluginManager: Mounting plugin ExampleDeviceProfileSelector
LogPluginManager: Mounting plugin GooglePAD
LogPluginManager: Mounting plugin GoogleCloudMessaging
LogPluginManager: Mounting plugin AudioCapture
LogPluginManager: Mounting plugin IOSDeviceProfileSelector
LogPluginManager: Mounting plugin LinuxDeviceProfileSelector
LogPluginManager: Mounting plugin LocationServicesBPLibrary
LogPluginManager: Mounting plugin ScreenshotTools
LogPluginManager: Mounting plugin MobilePatchingUtils
LogPluginManager: Mounting plugin OpenXR
LogPluginManager: Mounting plugin OpenXRHandTracking
LogPluginManager: Mounting plugin OpenXREyeTracker
LogPluginManager: Mounting plugin WmfMedia
LogPluginManager: Mounting plugin PhysXVehicles
LogPluginManager: Mounting plugin ProceduralMeshComponent
LogPluginManager: Mounting plugin PostSplashScreen
LogPluginManager: Mounting plugin PropertyAccessEditor
LogPluginManager: Mounting plugin SignificanceManager
LogPluginManager: Mounting plugin SoundFields
LogPluginManager: Mounting plugin RuntimePhysXCooking
LogPluginManager: Mounting plugin Synthesis
LogPluginManager: Mounting plugin WebMMoviePlayer
LogPluginManager: Mounting plugin WindowsMoviePlayer
LogPluginManager: Mounting plugin Takes
LogPluginManager: Mounting plugin AssetManagerEditor
LogPluginManager: Mounting plugin CryptoKeys
LogPluginManager: Mounting plugin CurveEditorTools
LogPluginManager: Mounting plugin DataValidation
LogPluginManager: Mounting plugin GameplayTagsEditor
LogPluginManager: Mounting plugin FacialAnimation
LogPluginManager: Mounting plugin GeometryMode
LogPluginManager: Mounting plugin MacGraphicsSwitching
LogPluginManager: Mounting plugin MobileLauncherProfileWizard
LogPluginManager: Mounting plugin MaterialAnalyzer
LogPluginManager: Mounting plugin PluginBrowser
LogPluginManager: Mounting plugin SpeedTreeImporter
LogPluginManager: Mounting plugin OnlineSubsystemGooglePlay
LogPluginManager: Mounting plugin OnlineSubsystemIOS
LogPluginManager: Mounting plugin OculusVR
LogPluginManager: Mounting plugin SteamVR
LogPluginManager: Mounting plugin ContentBrowserAssetDataSource
LogPluginManager: Mounting plugin ContentBrowserClassDataSource
LogPluginManager: Mounting plugin ContentBrowserFileDataSource
PixWinPlugin: PIX capture plugin failed to initialize! Check that the process is launched from PIX.
LogInit: Using libcurl 7.55.1-DEV
LogInit:  - built for x86_64-pc-win32
LogInit:  - supports SSL with OpenSSL/1.1.1
LogInit:  - supports HTTP deflate (compression) using libz 1.2.8
LogInit:  - other features:
LogInit:      CURL_VERSION_SSL
LogInit:      CURL_VERSION_LIBZ
LogInit:      CURL_VERSION_IPV6
LogInit:      CURL_VERSION_ASYNCHDNS
LogInit:      CURL_VERSION_LARGEFILE
LogInit:      CURL_VERSION_IDN
LogInit:  CurlRequestOptions (configurable via config and command line):
LogInit:  - bVerifyPeer = true  - Libcurl will verify peer certificate
LogInit:  - bUseHttpProxy = false  - Libcurl will NOT use HTTP proxy
LogInit:  - bDontReuseConnections = false  - Libcurl will reuse connections
LogInit:  - MaxHostConnections = 16  - Libcurl will limit the number of connections to a host
LogInit:  - LocalHostAddr = Default
LogInit:  - BufferSize = 65536
LogOnline: OSS: Creating online subsystem instance for: NULL
LogInit: WinSock: version 1.1 (2.2), MaxSocks=32767, MaxUdp=65467
LogOnline: OSS: TryLoadSubsystemAndSetDefault: Loaded subsystem for module [NULL]
LogOculusPluginWrapper: OculusPlugin initialized successfully
LogHMD: Failed initializing OVRPlugin 1.59.0
LogInit: Build: ++UE4+Release-4.27-CL-18319896
LogInit: Engine Version: 4.27.2-18319896+++UE4+Release-4.27
LogInit: Compatible Engine Version: 4.27.0-17155196+++UE4+Release-4.27
LogInit: Net CL: 17155196
LogInit: OS: Windows 10 (Release 2009) (), CPU: Intel(R) Core(TM) i7-10750H CPU @ 2.60GHz, GPU: Intel(R) UHD Graphics
LogInit: Compiled (64-bit): Nov 30 2021 07:12:08
LogInit: Compiled with Visual C++: 19.24.28315.00
LogInit: Build Configuration: Development
LogInit: Branch Name: ++UE4+Release-4.27
LogInit: Command Line:  -skipcompile
LogInit: Base Directory: C:/EpicGames/UE_4.27/Engine/Binaries/Win64/
LogInit: Allocator: TBB
LogInit: Installed Engine Build: 1
LogDevObjectVersion: Number of dev versions registered: 29
LogDevObjectVersion:   Dev-Blueprints (B0D832E4-1F89-4F0D-ACCF-7EB736FD4AA2): 10
LogDevObjectVersion:   Dev-Build (E1C64328-A22C-4D53-A36C-8E866417BD8C): 0
LogDevObjectVersion:   Dev-Core (375EC13C-06E4-48FB-B500-84F0262A717E): 4
LogDevObjectVersion:   Dev-Editor (E4B068ED-F494-42E9-A231-DA0B2E46BB41): 40
LogDevObjectVersion:   Dev-Framework (CFFC743F-43B0-4480-9391-14DF171D2073): 37
LogDevObjectVersion:   Dev-Mobile (B02B49B5-BB20-44E9-A304-32B752E40360): 3
LogDevObjectVersion:   Dev-Networking (A4E4105C-59A1-49B5-A7C5-40C4547EDFEE): 0
LogDevObjectVersion:   Dev-Online (39C831C9-5AE6-47DC-9A44-9C173E1C8E7C): 0
LogDevObjectVersion:   Dev-Physics (78F01B33-EBEA-4F98-B9B4-84EACCB95AA2): 14
LogDevObjectVersion:   Dev-Platform (6631380F-2D4D-43E0-8009-CF276956A95A): 0
LogDevObjectVersion:   Dev-Rendering (12F88B9F-8875-4AFC-A67C-D90C383ABD29): 45
LogDevObjectVersion:   Dev-Sequencer (7B5AE74C-D270-4C10-A958-57980B212A5A): 13
LogDevObjectVersion:   Dev-VR (D7296918-1DD6-4BDD-9DE2-64A83CC13884): 3
LogDevObjectVersion:   Dev-LoadTimes (C2A15278-BFE7-4AFE-6C17-90FF531DF755): 1
LogDevObjectVersion:   Private-Geometry (6EACA3D4-40EC-4CC1-B786-8BED09428FC5): 3
LogDevObjectVersion:   Dev-AnimPhys (29E575DD-E0A3-4627-9D10-D276232CDCEA): 17
LogDevObjectVersion:   Dev-Anim (AF43A65D-7FD3-4947-9873-3E8ED9C1BB05): 15
LogDevObjectVersion:   Dev-ReflectionCapture (6B266CEC-1EC7-4B8F-A30B-E4D90942FC07): 1
LogDevObjectVersion:   Dev-Automation (0DF73D61-A23F-47EA-B727-89E90C41499A): 1
LogDevObjectVersion:   FortniteMain (601D1886-AC64-4F84-AA16-D3DE0DEAC7D6): 47
LogDevObjectVersion:   FortniteRelease (E7086368-6B23-4C58-8439-1B7016265E91): 1
LogDevObjectVersion:   Dev-Enterprise (9DFFBCD6-494F-0158-E221-12823C92A888): 10
LogDevObjectVersion:   Dev-Niagara (F2AED0AC-9AFE-416F-8664-AA7FFA26D6FC): 1
LogDevObjectVersion:   Dev-Destruction (174F1F0B-B4C6-45A5-B13F-2EE8D0FB917D): 10
LogDevObjectVersion:   Dev-Physics-Ext (35F94A83-E258-406C-A318-09F59610247C): 41
LogDevObjectVersion:   Dev-PhysicsMaterial-Chaos (B68FC16E-8B1B-42E2-B453-215C058844FE): 1
LogDevObjectVersion:   Dev-CineCamera (B2E18506-4273-CFC2-A54E-F4BB758BBA07): 1
LogDevObjectVersion:   Dev-VirtualProduction (64F58936-FD1B-42BA-BA96-7289D5D0FA4E): 1
LogDevObjectVersion:   Dev-MediaFramework (6F0ED827-A609-4895-9C91-998D90180EA4): 2
LogInit: Presizing for max 25165824 objects, including 0 objects not considered by GC, pre-allocating 0 bytes for permanent pool.
LogConfig: Applying CVar settings from Section [/Script/Engine.StreamingSettings] File [C:/HTW/5.Semester/Vertiefung der Programmierung/Projekt/Younglings/Saved/Config/Windows/Engine.ini]
LogConfig: Setting CVar [[s.MinBulkDataSizeForAsyncLoading:131072]]
LogConfig: Setting CVar [[s.AsyncLoadingThreadEnabled:0]]
LogConfig: Setting CVar [[s.EventDrivenLoaderEnabled:1]]
LogConfig: Setting CVar [[s.WarnIfTimeLimitExceeded:0]]
LogConfig: Setting CVar [[s.TimeLimitExceededMultiplier:1.5]]
LogConfig: Setting CVar [[s.TimeLimitExceededMinTime:0.005]]
LogConfig: Setting CVar [[s.UseBackgroundLevelStreaming:1]]
LogConfig: Setting CVar [[s.PriorityAsyncLoadingExtraTime:15.0]]
LogConfig: Setting CVar [[s.LevelStreamingActorsUpdateTimeLimit:5.0]]
LogConfig: Setting CVar [[s.PriorityLevelStreamingActorsUpdateExtraTime:5.0]]
LogConfig: Setting CVar [[s.LevelStreamingComponentsRegistrationGranularity:10]]
LogConfig: Setting CVar [[s.UnregisterComponentsTimeLimit:1.0]]
LogConfig: Setting CVar [[s.LevelStreamingComponentsUnregistrationGranularity:5]]
LogConfig: Setting CVar [[s.FlushStreamingOnExit:1]]
LogInit: Object subsystem initialized
LogConfig: Setting CVar [[con.DebugEarlyDefault:1]]
LogConfig: Setting CVar [[r.setres:1280x720]]
[2022.02.04-15.31.52:079][  0]LogConfig: Setting CVar [[r.VSync:0]]
[2022.02.04-15.31.52:079][  0]LogConfig: Setting CVar [[r.RHICmdBypass:0]]
[2022.02.04-15.31.52:079][  0]LogConfig: Applying CVar settings from Section [/Script/Engine.RendererSettings] File [C:/HTW/5.Semester/Vertiefung der Programmierung/Projekt/Younglings/Saved/Config/Windows/Engine.ini]
[2022.02.04-15.31.52:079][  0]LogConfig: Setting CVar [[r.GPUCrashDebugging:0]]
[2022.02.04-15.31.52:079][  0]LogConfig: Applying CVar settings from Section [/Script/Engine.RendererOverrideSettings] File [C:/HTW/5.Semester/Vertiefung der Programmierung/Projekt/Younglings/Saved/Config/Windows/Engine.ini]
[2022.02.04-15.31.52:079][  0]LogConfig: Applying CVar settings from Section [/Script/Engine.StreamingSettings] File [C:/HTW/5.Semester/Vertiefung der Programmierung/Projekt/Younglings/Saved/Config/Windows/Engine.ini]
[2022.02.04-15.31.52:079][  0]LogConfig: Setting CVar [[s.MinBulkDataSizeForAsyncLoading:131072]]
[2022.02.04-15.31.52:079][  0]LogConfig: Setting CVar [[s.AsyncLoadingThreadEnabled:0]]
[2022.02.04-15.31.52:079][  0]LogConfig: Setting CVar [[s.EventDrivenLoaderEnabled:1]]
[2022.02.04-15.31.52:079][  0]LogConfig: Setting CVar [[s.WarnIfTimeLimitExceeded:0]]
[2022.02.04-15.31.52:080][  0]LogConfig: Setting CVar [[s.TimeLimitExceededMultiplier:1.5]]
[2022.02.04-15.31.52:080][  0]LogConfig: Setting CVar [[s.TimeLimitExceededMinTime:0.005]]
[2022.02.04-15.31.52:080][  0]LogConfig: Setting CVar [[s.UseBackgroundLevelStreaming:1]]
[2022.02.04-15.31.52:080][  0]LogConfig: Setting CVar [[s.PriorityAsyncLoadingExtraTime:15.0]]
[2022.02.04-15.31.52:080][  0]LogConfig: Setting CVar [[s.LevelStreamingActorsUpdateTimeLimit:5.0]]
[2022.02.04-15.31.52:080][  0]LogConfig: Setting CVar [[s.PriorityLevelStreamingActorsUpdateExtraTime:5.0]]
[2022.02.04-15.31.52:080][  0]LogConfig: Setting CVar [[s.LevelStreamingComponentsRegistrationGranularity:10]]
[2022.02.04-15.31.52:080][  0]LogConfig: Setting CVar [[s.UnregisterComponentsTimeLimit:1.0]]
[2022.02.04-15.31.52:080][  0]LogConfig: Setting CVar [[s.LevelStreamingComponentsUnregistrationGranularity:5]]
[2022.02.04-15.31.52:080][  0]LogConfig: Setting CVar [[s.FlushStreamingOnExit:1]]
[2022.02.04-15.31.52:080][  0]LogConfig: Applying CVar settings from Section [/Script/Engine.GarbageCollectionSettings] File [C:/HTW/5.Semester/Vertiefung der Programmierung/Projekt/Younglings/Saved/Config/Windows/Engine.ini]
[2022.02.04-15.31.52:080][  0]LogConfig: Setting CVar [[gc.MaxObjectsNotConsideredByGC:1]]
[2022.02.04-15.31.52:080][  0]LogConfig: Setting CVar [[gc.SizeOfPermanentObjectPool:0]]
[2022.02.04-15.31.52:080][  0]LogConfig: Setting CVar [[gc.FlushStreamingOnGC:0]]
[2022.02.04-15.31.52:080][  0]LogConfig: Setting CVar [[gc.NumRetriesBeforeForcingGC:10]]
[2022.02.04-15.31.52:080][  0]LogConfig: Setting CVar [[gc.AllowParallelGC:1]]
[2022.02.04-15.31.52:080][  0]LogConfig: Setting CVar [[gc.TimeBetweenPurgingPendingKillObjects:61.1]]
[2022.02.04-15.31.52:080][  0]LogConfig: Setting CVar [[gc.MaxObjectsInEditor:25165824]]
[2022.02.04-15.31.52:080][  0]LogConfig: Setting CVar [[gc.IncrementalBeginDestroyEnabled:1]]
[2022.02.04-15.31.52:080][  0]LogConfig: Setting CVar [[gc.CreateGCClusters:1]]
[2022.02.04-15.31.52:080][  0]LogConfig: Setting CVar [[gc.MinGCClusterSize:5]]
[2022.02.04-15.31.52:080][  0]LogConfig: Setting CVar [[gc.ActorClusteringEnabled:0]]
[2022.02.04-15.31.52:080][  0]LogConfig: Setting CVar [[gc.BlueprintClusteringEnabled:0]]
[2022.02.04-15.31.52:080][  0]LogConfig: Setting CVar [[gc.UseDisregardForGCOnDedicatedServers:0]]
[2022.02.04-15.31.52:081][  0]LogConfig: Setting CVar [[gc.MultithreadedDestructionEnabled:1]]
[2022.02.04-15.31.52:081][  0]LogConfig: Applying CVar settings from Section [/Script/Engine.NetworkSettings] File [C:/HTW/5.Semester/Vertiefung der Programmierung/Projekt/Younglings/Saved/Config/Windows/Engine.ini]
[2022.02.04-15.31.52:081][  0]LogConfig: Applying CVar settings from Section [/Script/UnrealEd.CookerSettings] File [C:/HTW/5.Semester/Vertiefung der Programmierung/Projekt/Younglings/Saved/Config/Windows/Engine.ini]
[2022.02.04-15.31.52:102][  0]LogConfig: Applying CVar settings from Section [ViewDistanceQuality@3] File [C:/HTW/5.Semester/Vertiefung der Programmierung/Projekt/Younglings/Saved/Config/Windows/Scalability.ini]
[2022.02.04-15.31.52:102][  0]LogConfig: Setting CVar [[r.SkeletalMeshLODBias:0]]
[2022.02.04-15.31.52:102][  0]LogConfig: Setting CVar [[r.ViewDistanceScale:1.0]]
[2022.02.04-15.31.52:102][  0]LogConfig: Applying CVar settings from Section [AntiAliasingQuality@3] File [C:/HTW/5.Semester/Vertiefung der Programmierung/Projekt/Younglings/Saved/Config/Windows/Scalability.ini]
[2022.02.04-15.31.52:102][  0]LogConfig: Setting CVar [[r.PostProcessAAQuality:4]]
[2022.02.04-15.31.52:102][  0]LogConfig: Applying CVar settings from Section [ShadowQuality@3] File [C:/HTW/5.Semester/Vertiefung der Programmierung/Projekt/Younglings/Saved/Config/Windows/Scalability.ini]
[2022.02.04-15.31.52:102][  0]LogConfig: Setting CVar [[r.LightFunctionQuality:1]]
[2022.02.04-15.31.52:102][  0]LogConfig: Setting CVar [[r.ShadowQuality:5]]
[2022.02.04-15.31.52:102][  0]LogConfig: Setting CVar [[r.Shadow.CSM.MaxCascades:10]]
[2022.02.04-15.31.52:103][  0]LogConfig: Setting CVar [[r.Shadow.MaxResolution:2048]]
[2022.02.04-15.31.52:103][  0]LogConfig: Setting CVar [[r.Shadow.MaxCSMResolution:2048]]
[2022.02.04-15.31.52:103][  0]LogConfig: Setting CVar [[r.Shadow.RadiusThreshold:0.01]]
[2022.02.04-15.31.52:103][  0]LogConfig: Setting CVar [[r.Shadow.DistanceScale:1.0]]
[2022.02.04-15.31.52:103][  0]LogConfig: Setting CVar [[r.Shadow.CSM.TransitionScale:1.0]]
[2022.02.04-15.31.52:103][  0]LogConfig: Setting CVar [[r.Shadow.PreShadowResolutionFactor:1.0]]
[2022.02.04-15.31.52:103][  0]LogConfig: Setting CVar [[r.DistanceFieldShadowing:1]]
[2022.02.04-15.31.52:103][  0]LogConfig: Setting CVar [[r.DistanceFieldAO:1]]
[2022.02.04-15.31.52:103][  0]LogConfig: Setting CVar [[r.AOQuality:2]]
[2022.02.04-15.31.52:103][  0]LogConfig: Setting CVar [[r.VolumetricFog:1]]
[2022.02.04-15.31.52:103][  0]LogConfig: Setting CVar [[r.VolumetricFog.GridPixelSize:8]]
[2022.02.04-15.31.52:103][  0]LogConfig: Setting CVar [[r.VolumetricFog.GridSizeZ:128]]
[2022.02.04-15.31.52:103][  0]LogConfig: Setting CVar [[r.VolumetricFog.HistoryMissSupersampleCount:4]]
[2022.02.04-15.31.52:103][  0]LogConfig: Setting CVar [[r.LightMaxDrawDistanceScale:1]]
[2022.02.04-15.31.52:103][  0]LogConfig: Setting CVar [[r.CapsuleShadows:1]]
[2022.02.04-15.31.52:104][  0]LogConfig: Applying CVar settings from Section [PostProcessQuality@3] File [C:/HTW/5.Semester/Vertiefung der Programmierung/Projekt/Younglings/Saved/Config/Windows/Scalability.ini]
[2022.02.04-15.31.52:104][  0]LogConfig: Setting CVar [[r.MotionBlurQuality:4]]
[2022.02.04-15.31.52:104][  0]LogConfig: Setting CVar [[r.AmbientOcclusionMipLevelFactor:0.4]]
[2022.02.04-15.31.52:104][  0]LogConfig: Setting CVar [[r.AmbientOcclusionMaxQuality:100]]
[2022.02.04-15.31.52:104][  0]LogConfig: Setting CVar [[r.AmbientOcclusionLevels:-1]]
[2022.02.04-15.31.52:104][  0]LogConfig: Setting CVar [[r.AmbientOcclusionRadiusScale:1.0]]
[2022.02.04-15.31.52:104][  0]LogConfig: Setting CVar [[r.DepthOfFieldQuality:2]]
[2022.02.04-15.31.52:104][  0]LogConfig: Setting CVar [[r.RenderTargetPoolMin:400]]
[2022.02.04-15.31.52:104][  0]LogConfig: Setting CVar [[r.LensFlareQuality:2]]
[2022.02.04-15.31.52:104][  0]LogConfig: Setting CVar [[r.SceneColorFringeQuality:1]]
[2022.02.04-15.31.52:104][  0]LogConfig: Setting CVar [[r.EyeAdaptationQuality:2]]
[2022.02.04-15.31.52:104][  0]LogConfig: Setting CVar [[r.BloomQuality:5]]
[2022.02.04-15.31.52:104][  0]LogConfig: Setting CVar [[r.FastBlurThreshold:100]]
[2022.02.04-15.31.52:105][  0]LogConfig: Setting CVar [[r.Upscale.Quality:3]]
[2022.02.04-15.31.52:105][  0]LogConfig: Setting CVar [[r.Tonemapper.GrainQuantization:1]]
[2022.02.04-15.31.52:105][  0]LogConfig: Setting CVar [[r.LightShaftQuality:1]]
[2022.02.04-15.31.52:105][  0]LogConfig: Setting CVar [[r.Filter.SizeScale:1]]
[2022.02.04-15.31.52:105][  0]LogConfig: Setting CVar [[r.Tonemapper.Quality:5]]
[2022.02.04-15.31.52:105][  0]LogConfig: Setting CVar [[r.DOF.Gather.AccumulatorQuality:1        ; higher gathering accumulator quality]]
[2022.02.04-15.31.52:105][  0]LogConfig: Setting CVar [[r.DOF.Gather.PostfilterMethod:1          ; Median3x3 postfilering method]]
[2022.02.04-15.31.52:105][  0]LogConfig: Setting CVar [[r.DOF.Gather.EnableBokehSettings:0       ; no bokeh simulation when gathering]]
[2022.02.04-15.31.52:105][  0]LogConfig: Setting CVar [[r.DOF.Gather.RingCount:4                 ; medium number of samples when gathering]]
[2022.02.04-15.31.52:105][  0]LogConfig: Setting CVar [[r.DOF.Scatter.ForegroundCompositing:1    ; additive foreground scattering]]
[2022.02.04-15.31.52:105][  0]LogConfig: Setting CVar [[r.DOF.Scatter.BackgroundCompositing:2    ; additive background scattering]]
[2022.02.04-15.31.52:105][  0]LogConfig: Setting CVar [[r.DOF.Scatter.EnableBokehSettings:1      ; bokeh simulation when scattering]]
[2022.02.04-15.31.52:105][  0]LogConfig: Setting CVar [[r.DOF.Scatter.MaxSpriteRatio:0.1         ; only a maximum of 10% of scattered bokeh]]
[2022.02.04-15.31.52:105][  0]LogConfig: Setting CVar [[r.DOF.Recombine.Quality:1                ; cheap slight out of focus]]
[2022.02.04-15.31.52:105][  0]LogConfig: Setting CVar [[r.DOF.Recombine.EnableBokehSettings:0    ; no bokeh simulation on slight out of focus]]
[2022.02.04-15.31.52:105][  0]LogConfig: Setting CVar [[r.DOF.TemporalAAQuality:1                ; more stable temporal accumulation]]
[2022.02.04-15.31.52:105][  0]LogConfig: Setting CVar [[r.DOF.Kernel.MaxForegroundRadius:0.025]]
[2022.02.04-15.31.52:106][  0]LogConfig: Setting CVar [[r.DOF.Kernel.MaxBackgroundRadius:0.025]]
[2022.02.04-15.31.52:106][  0]LogConfig: Applying CVar settings from Section [TextureQuality@3] File [C:/HTW/5.Semester/Vertiefung der Programmierung/Projekt/Younglings/Saved/Config/Windows/Scalability.ini]
[2022.02.04-15.31.52:106][  0]LogConfig: Setting CVar [[r.Streaming.MipBias:0]]
[2022.02.04-15.31.52:106][  0]LogConfig: Setting CVar [[r.Streaming.AmortizeCPUToGPUCopy:0]]
[2022.02.04-15.31.52:106][  0]LogConfig: Setting CVar [[r.Streaming.MaxNumTexturesToStreamPerFrame:0]]
[2022.02.04-15.31.52:106][  0]LogConfig: Setting CVar [[r.Streaming.Boost:1]]
[2022.02.04-15.31.52:106][  0]LogConfig: Setting CVar [[r.MaxAnisotropy:8]]
[2022.02.04-15.31.52:106][  0]LogConfig: Setting CVar [[r.VT.MaxAnisotropy:8]]
[2022.02.04-15.31.52:106][  0]LogConfig: Setting CVar [[r.Streaming.LimitPoolSizeToVRAM:0]]
[2022.02.04-15.31.52:106][  0]LogConfig: Setting CVar [[r.Streaming.PoolSize:1000]]
[2022.02.04-15.31.52:106][  0]LogConfig: Setting CVar [[r.Streaming.MaxEffectiveScreenSize:0]]
[2022.02.04-15.31.52:106][  0]LogConfig: Applying CVar settings from Section [EffectsQuality@3] File [C:/HTW/5.Semester/Vertiefung der Programmierung/Projekt/Younglings/Saved/Config/Windows/Scalability.ini]
[2022.02.04-15.31.52:106][  0]LogConfig: Setting CVar [[r.TranslucencyLightingVolumeDim:64]]
[2022.02.04-15.31.52:106][  0]LogConfig: Setting CVar [[r.RefractionQuality:2]]
[2022.02.04-15.31.52:106][  0]LogConfig: Setting CVar [[r.SSR.Quality:3]]
[2022.02.04-15.31.52:106][  0]LogConfig: Setting CVar [[r.SSR.HalfResSceneColor:0]]
[2022.02.04-15.31.52:106][  0]LogConfig: Setting CVar [[r.SceneColorFormat:4]]
[2022.02.04-15.31.52:107][  0]LogConfig: Setting CVar [[r.DetailMode:2]]
[2022.02.04-15.31.52:107][  0]LogConfig: Setting CVar [[r.TranslucencyVolumeBlur:1]]
[2022.02.04-15.31.52:107][  0]LogConfig: Setting CVar [[r.MaterialQualityLevel:1 ; High quality]]
[2022.02.04-15.31.52:107][  0]LogConfig: Setting CVar [[r.AnisotropicMaterials:1]]
[2022.02.04-15.31.52:107][  0]LogConfig: Setting CVar [[r.SSS.Scale:1]]
[2022.02.04-15.31.52:107][  0]LogConfig: Setting CVar [[r.SSS.SampleSet:2]]
[2022.02.04-15.31.52:107][  0]LogConfig: Setting CVar [[r.SSS.Quality:1]]
[2022.02.04-15.31.52:107][  0]LogConfig: Setting CVar [[r.SSS.HalfRes:0]]
[2022.02.04-15.31.52:107][  0]LogConfig: Setting CVar [[r.SSGI.Quality:3]]
[2022.02.04-15.31.52:107][  0]LogConfig: Setting CVar [[r.EmitterSpawnRateScale:1.0]]
[2022.02.04-15.31.52:107][  0]LogConfig: Setting CVar [[r.ParticleLightQuality:2]]
[2022.02.04-15.31.52:107][  0]LogConfig: Setting CVar [[r.SkyAtmosphere.AerialPerspectiveLUT.FastApplyOnOpaque:1 ; Always have FastSkyLUT 1 in this case to avoid wrong sky]]
[2022.02.04-15.31.52:107][  0]LogConfig: Setting CVar [[r.SkyAtmosphere.AerialPerspectiveLUT.SampleCountMaxPerSlice:4]]
[2022.02.04-15.31.52:107][  0]LogConfig: Setting CVar [[r.SkyAtmosphere.AerialPerspectiveLUT.DepthResolution:16.0]]
[2022.02.04-15.31.52:107][  0]LogConfig: Setting CVar [[r.SkyAtmosphere.FastSkyLUT:1]]
[2022.02.04-15.31.52:108][  0]LogConfig: Setting CVar [[r.SkyAtmosphere.FastSkyLUT.SampleCountMin:4.0]]
[2022.02.04-15.31.52:108][  0]LogConfig: Setting CVar [[r.SkyAtmosphere.FastSkyLUT.SampleCountMax:128.0]]
[2022.02.04-15.31.52:108][  0]LogConfig: Setting CVar [[r.SkyAtmosphere.SampleCountMin:4.0]]
[2022.02.04-15.31.52:108][  0]LogConfig: Setting CVar [[r.SkyAtmosphere.SampleCountMax:128.0]]
[2022.02.04-15.31.52:108][  0]LogConfig: Setting CVar [[r.SkyAtmosphere.TransmittanceLUT.UseSmallFormat:0]]
[2022.02.04-15.31.52:108][  0]LogConfig: Setting CVar [[r.SkyAtmosphere.TransmittanceLUT.SampleCount:10.0]]
[2022.02.04-15.31.52:108][  0]LogConfig: Setting CVar [[r.SkyAtmosphere.MultiScatteringLUT.SampleCount:15.0]]
[2022.02.04-15.31.52:108][  0]LogConfig: Setting CVar [[r.SkyLight.RealTimeReflectionCapture:1]]
[2022.02.04-15.31.52:108][  0]LogConfig: Applying CVar settings from Section [FoliageQuality@3] File [C:/HTW/5.Semester/Vertiefung der Programmierung/Projekt/Younglings/Saved/Config/Windows/Scalability.ini]
[2022.02.04-15.31.52:108][  0]LogConfig: Setting CVar [[foliage.DensityScale:1.0]]
[2022.02.04-15.31.52:108][  0]LogConfig: Setting CVar [[grass.DensityScale:1.0]]
[2022.02.04-15.31.52:108][  0]LogConfig: Applying CVar settings from Section [ShadingQuality@3] File [C:/HTW/5.Semester/Vertiefung der Programmierung/Projekt/Younglings/Saved/Config/Windows/Scalability.ini]
[2022.02.04-15.31.52:108][  0]LogConfig: Setting CVar [[r.HairStrands.SkyLighting.IntegrationType:2]]
[2022.02.04-15.31.52:108][  0]LogConfig: Setting CVar [[r.HairStrands.SkyAO.SampleCount:4]]
[2022.02.04-15.31.52:108][  0]LogConfig: Setting CVar [[r.HairStrands.Visibility.MSAA.SamplePerPixel:4]]
[2022.02.04-15.31.52:108][  0]LogInit: Selected Device Profile: [Windows]
[2022.02.04-15.31.52:108][  0]LogInit: Applying CVar settings loaded from the selected device profile: [Windows]
[2022.02.04-15.31.52:109][  0]LogHAL: Display: Platform has ~ 16 GB [16993697792 / 17179869184 / 16], which maps to Larger [LargestMinGB=32, LargerMinGB=12, DefaultMinGB=8, SmallerMinGB=6, SmallestMinGB=0)
[2022.02.04-15.31.52:109][  0]LogInit: Going up to parent DeviceProfile []
[2022.02.04-15.31.52:109][  0]LogConfig: Applying CVar settings from Section [ViewDistanceQuality@3] File [C:/HTW/5.Semester/Vertiefung der Programmierung/Projekt/Younglings/Saved/Config/Windows/Scalability.ini]
[2022.02.04-15.31.52:109][  0]LogConfig: Setting CVar [[r.SkeletalMeshLODBias:0]]
[2022.02.04-15.31.52:109][  0]LogConfig: Setting CVar [[r.ViewDistanceScale:1.0]]
[2022.02.04-15.31.52:109][  0]LogConfig: Applying CVar settings from Section [AntiAliasingQuality@3] File [C:/HTW/5.Semester/Vertiefung der Programmierung/Projekt/Younglings/Saved/Config/Windows/Scalability.ini]
[2022.02.04-15.31.52:109][  0]LogConfig: Setting CVar [[r.PostProcessAAQuality:4]]
[2022.02.04-15.31.52:109][  0]LogConfig: Applying CVar settings from Section [ShadowQuality@3] File [C:/HTW/5.Semester/Vertiefung der Programmierung/Projekt/Younglings/Saved/Config/Windows/Scalability.ini]
[2022.02.04-15.31.52:109][  0]LogConfig: Setting CVar [[r.LightFunctionQuality:1]]
[2022.02.04-15.31.52:109][  0]LogConfig: Setting CVar [[r.ShadowQuality:5]]
[2022.02.04-15.31.52:109][  0]LogConfig: Setting CVar [[r.Shadow.CSM.MaxCascades:10]]
[2022.02.04-15.31.52:110][  0]LogConfig: Setting CVar [[r.Shadow.MaxResolution:2048]]
[2022.02.04-15.31.52:110][  0]LogConfig: Setting CVar [[r.Shadow.MaxCSMResolution:2048]]
[2022.02.04-15.31.52:110][  0]LogConfig: Setting CVar [[r.Shadow.RadiusThreshold:0.01]]
[2022.02.04-15.31.52:110][  0]LogConfig: Setting CVar [[r.Shadow.DistanceScale:1.0]]
[2022.02.04-15.31.52:110][  0]LogConfig: Setting CVar [[r.Shadow.CSM.TransitionScale:1.0]]
[2022.02.04-15.31.52:110][  0]LogConfig: Setting CVar [[r.Shadow.PreShadowResolutionFactor:1.0]]
[2022.02.04-15.31.52:110][  0]LogConfig: Setting CVar [[r.DistanceFieldShadowing:1]]
[2022.02.04-15.31.52:110][  0]LogConfig: Setting CVar [[r.DistanceFieldAO:1]]
[2022.02.04-15.31.52:110][  0]LogConfig: Setting CVar [[r.AOQuality:2]]
[2022.02.04-15.31.52:110][  0]LogConfig: Setting CVar [[r.VolumetricFog:1]]
[2022.02.04-15.31.52:110][  0]LogConfig: Setting CVar [[r.VolumetricFog.GridPixelSize:8]]
[2022.02.04-15.31.52:110][  0]LogConfig: Setting CVar [[r.VolumetricFog.GridSizeZ:128]]
[2022.02.04-15.31.52:110][  0]LogConfig: Setting CVar [[r.VolumetricFog.HistoryMissSupersampleCount:4]]
[2022.02.04-15.31.52:110][  0]LogConfig: Setting CVar [[r.LightMaxDrawDistanceScale:1]]
[2022.02.04-15.31.52:110][  0]LogConfig: Setting CVar [[r.CapsuleShadows:1]]
[2022.02.04-15.31.52:110][  0]LogConfig: Applying CVar settings from Section [PostProcessQuality@3] File [C:/HTW/5.Semester/Vertiefung der Programmierung/Projekt/Younglings/Saved/Config/Windows/Scalability.ini]
[2022.02.04-15.31.52:110][  0]LogConfig: Setting CVar [[r.MotionBlurQuality:4]]
[2022.02.04-15.31.52:110][  0]LogConfig: Setting CVar [[r.AmbientOcclusionMipLevelFactor:0.4]]
[2022.02.04-15.31.52:110][  0]LogConfig: Setting CVar [[r.AmbientOcclusionMaxQuality:100]]
[2022.02.04-15.31.52:111][  0]LogConfig: Setting CVar [[r.AmbientOcclusionLevels:-1]]
[2022.02.04-15.31.52:111][  0]LogConfig: Setting CVar [[r.AmbientOcclusionRadiusScale:1.0]]
[2022.02.04-15.31.52:111][  0]LogConfig: Setting CVar [[r.DepthOfFieldQuality:2]]
[2022.02.04-15.31.52:111][  0]LogConfig: Setting CVar [[r.RenderTargetPoolMin:400]]
[2022.02.04-15.31.52:111][  0]LogConfig: Setting CVar [[r.LensFlareQuality:2]]
[2022.02.04-15.31.52:111][  0]LogConfig: Setting CVar [[r.SceneColorFringeQuality:1]]
[2022.02.04-15.31.52:111][  0]LogConfig: Setting CVar [[r.EyeAdaptationQuality:2]]
[2022.02.04-15.31.52:111][  0]LogConfig: Setting CVar [[r.BloomQuality:5]]
[2022.02.04-15.31.52:111][  0]LogConfig: Setting CVar [[r.FastBlurThreshold:100]]
[2022.02.04-15.31.52:111][  0]LogConfig: Setting CVar [[r.Upscale.Quality:3]]
[2022.02.04-15.31.52:111][  0]LogConfig: Setting CVar [[r.Tonemapper.GrainQuantization:1]]
[2022.02.04-15.31.52:111][  0]LogConfig: Setting CVar [[r.LightShaftQuality:1]]
[2022.02.04-15.31.52:111][  0]LogConfig: Setting CVar [[r.Filter.SizeScale:1]]
[2022.02.04-15.31.52:111][  0]LogConfig: Setting CVar [[r.Tonemapper.Quality:5]]
[2022.02.04-15.31.52:111][  0]LogConfig: Setting CVar [[r.DOF.Gather.AccumulatorQuality:1        ; higher gathering accumulator quality]]
[2022.02.04-15.31.52:111][  0]LogConfig: Setting CVar [[r.DOF.Gather.PostfilterMethod:1          ; Median3x3 postfilering method]]
[2022.02.04-15.31.52:111][  0]LogConfig: Setting CVar [[r.DOF.Gather.EnableBokehSettings:0       ; no bokeh simulation when gathering]]
[2022.02.04-15.31.52:111][  0]LogConfig: Setting CVar [[r.DOF.Gather.RingCount:4                 ; medium number of samples when gathering]]
[2022.02.04-15.31.52:112][  0]LogConfig: Setting CVar [[r.DOF.Scatter.ForegroundCompositing:1    ; additive foreground scattering]]
[2022.02.04-15.31.52:112][  0]LogConfig: Setting CVar [[r.DOF.Scatter.BackgroundCompositing:2    ; additive background scattering]]
[2022.02.04-15.31.52:112][  0]LogConfig: Setting CVar [[r.DOF.Scatter.EnableBokehSettings:1      ; bokeh simulation when scattering]]
[2022.02.04-15.31.52:112][  0]LogConfig: Setting CVar [[r.DOF.Scatter.MaxSpriteRatio:0.1         ; only a maximum of 10% of scattered bokeh]]
[2022.02.04-15.31.52:112][  0]LogConfig: Setting CVar [[r.DOF.Recombine.Quality:1                ; cheap slight out of focus]]
[2022.02.04-15.31.52:112][  0]LogConfig: Setting CVar [[r.DOF.Recombine.EnableBokehSettings:0    ; no bokeh simulation on slight out of focus]]
[2022.02.04-15.31.52:112][  0]LogConfig: Setting CVar [[r.DOF.TemporalAAQuality:1                ; more stable temporal accumulation]]
[2022.02.04-15.31.52:112][  0]LogConfig: Setting CVar [[r.DOF.Kernel.MaxForegroundRadius:0.025]]
[2022.02.04-15.31.52:112][  0]LogConfig: Setting CVar [[r.DOF.Kernel.MaxBackgroundRadius:0.025]]
[2022.02.04-15.31.52:112][  0]LogConfig: Applying CVar settings from Section [TextureQuality@3] File [C:/HTW/5.Semester/Vertiefung der Programmierung/Projekt/Younglings/Saved/Config/Windows/Scalability.ini]
[2022.02.04-15.31.52:112][  0]LogConfig: Setting CVar [[r.Streaming.MipBias:0]]
[2022.02.04-15.31.52:112][  0]LogConfig: Setting CVar [[r.Streaming.AmortizeCPUToGPUCopy:0]]
[2022.02.04-15.31.52:112][  0]LogConfig: Setting CVar [[r.Streaming.MaxNumTexturesToStreamPerFrame:0]]
[2022.02.04-15.31.52:112][  0]LogConfig: Setting CVar [[r.Streaming.Boost:1]]
[2022.02.04-15.31.52:112][  0]LogConfig: Setting CVar [[r.MaxAnisotropy:8]]
[2022.02.04-15.31.52:112][  0]LogConfig: Setting CVar [[r.VT.MaxAnisotropy:8]]
[2022.02.04-15.31.52:112][  0]LogConfig: Setting CVar [[r.Streaming.LimitPoolSizeToVRAM:0]]
[2022.02.04-15.31.52:113][  0]LogConfig: Setting CVar [[r.Streaming.PoolSize:1000]]
[2022.02.04-15.31.52:113][  0]LogConfig: Setting CVar [[r.Streaming.MaxEffectiveScreenSize:0]]
[2022.02.04-15.31.52:113][  0]LogConfig: Applying CVar settings from Section [EffectsQuality@3] File [C:/HTW/5.Semester/Vertiefung der Programmierung/Projekt/Younglings/Saved/Config/Windows/Scalability.ini]
[2022.02.04-15.31.52:113][  0]LogConfig: Setting CVar [[r.TranslucencyLightingVolumeDim:64]]
[2022.02.04-15.31.52:113][  0]LogConfig: Setting CVar [[r.RefractionQuality:2]]
[2022.02.04-15.31.52:113][  0]LogConfig: Setting CVar [[r.SSR.Quality:3]]
[2022.02.04-15.31.52:113][  0]LogConfig: Setting CVar [[r.SSR.HalfResSceneColor:0]]
[2022.02.04-15.31.52:113][  0]LogConfig: Setting CVar [[r.SceneColorFormat:4]]
[2022.02.04-15.31.52:113][  0]LogConfig: Setting CVar [[r.DetailMode:2]]
[2022.02.04-15.31.52:113][  0]LogConfig: Setting CVar [[r.TranslucencyVolumeBlur:1]]
[2022.02.04-15.31.52:113][  0]LogConfig: Setting CVar [[r.MaterialQualityLevel:1 ; High quality]]
[2022.02.04-15.31.52:113][  0]LogConfig: Setting CVar [[r.AnisotropicMaterials:1]]
[2022.02.04-15.31.52:113][  0]LogConfig: Setting CVar [[r.SSS.Scale:1]]
[2022.02.04-15.31.52:113][  0]LogConfig: Setting CVar [[r.SSS.SampleSet:2]]
[2022.02.04-15.31.52:113][  0]LogConfig: Setting CVar [[r.SSS.Quality:1]]
[2022.02.04-15.31.52:113][  0]LogConfig: Setting CVar [[r.SSS.HalfRes:0]]
[2022.02.04-15.31.52:113][  0]LogConfig: Setting CVar [[r.SSGI.Quality:3]]
[2022.02.04-15.31.52:113][  0]LogConfig: Setting CVar [[r.EmitterSpawnRateScale:1.0]]
[2022.02.04-15.31.52:113][  0]LogConfig: Setting CVar [[r.ParticleLightQuality:2]]
[2022.02.04-15.31.52:113][  0]LogConfig: Setting CVar [[r.SkyAtmosphere.AerialPerspectiveLUT.FastApplyOnOpaque:1 ; Always have FastSkyLUT 1 in this case to avoid wrong sky]]
[2022.02.04-15.31.52:114][  0]LogConfig: Setting CVar [[r.SkyAtmosphere.AerialPerspectiveLUT.SampleCountMaxPerSlice:4]]
[2022.02.04-15.31.52:114][  0]LogConfig: Setting CVar [[r.SkyAtmosphere.AerialPerspectiveLUT.DepthResolution:16.0]]
[2022.02.04-15.31.52:114][  0]LogConfig: Setting CVar [[r.SkyAtmosphere.FastSkyLUT:1]]
[2022.02.04-15.31.52:114][  0]LogConfig: Setting CVar [[r.SkyAtmosphere.FastSkyLUT.SampleCountMin:4.0]]
[2022.02.04-15.31.52:114][  0]LogConfig: Setting CVar [[r.SkyAtmosphere.FastSkyLUT.SampleCountMax:128.0]]
[2022.02.04-15.31.52:114][  0]LogConfig: Setting CVar [[r.SkyAtmosphere.SampleCountMin:4.0]]
[2022.02.04-15.31.52:114][  0]LogConfig: Setting CVar [[r.SkyAtmosphere.SampleCountMax:128.0]]
[2022.02.04-15.31.52:114][  0]LogConfig: Setting CVar [[r.SkyAtmosphere.TransmittanceLUT.UseSmallFormat:0]]
[2022.02.04-15.31.52:114][  0]LogConfig: Setting CVar [[r.SkyAtmosphere.TransmittanceLUT.SampleCount:10.0]]
[2022.02.04-15.31.52:114][  0]LogConfig: Setting CVar [[r.SkyAtmosphere.MultiScatteringLUT.SampleCount:15.0]]
[2022.02.04-15.31.52:114][  0]LogConfig: Setting CVar [[r.SkyLight.RealTimeReflectionCapture:1]]
[2022.02.04-15.31.52:114][  0]LogConfig: Applying CVar settings from Section [FoliageQuality@3] File [C:/HTW/5.Semester/Vertiefung der Programmierung/Projekt/Younglings/Saved/Config/Windows/Scalability.ini]
[2022.02.04-15.31.52:114][  0]LogConfig: Setting CVar [[foliage.DensityScale:1.0]]
[2022.02.04-15.31.52:114][  0]LogConfig: Setting CVar [[grass.DensityScale:1.0]]
[2022.02.04-15.31.52:114][  0]LogConfig: Applying CVar settings from Section [ShadingQuality@3] File [C:/HTW/5.Semester/Vertiefung der Programmierung/Projekt/Younglings/Saved/Config/Windows/Scalability.ini]
[2022.02.04-15.31.52:114][  0]LogConfig: Setting CVar [[r.HairStrands.SkyLighting.IntegrationType:2]]
[2022.02.04-15.31.52:114][  0]LogConfig: Setting CVar [[r.HairStrands.SkyAO.SampleCount:4]]
[2022.02.04-15.31.52:114][  0]LogConfig: Setting CVar [[r.HairStrands.Visibility.MSAA.SamplePerPixel:4]]
[2022.02.04-15.31.52:115][  0]LogConfig: Applying CVar settings from Section [Startup] File [../../../Engine/Config/ConsoleVariables.ini]
[2022.02.04-15.31.52:115][  0]LogConfig: Setting CVar [[net.UseAdaptiveNetUpdateFrequency:0]]
[2022.02.04-15.31.52:115][  0]LogConfig: Setting CVar [[p.chaos.AllowCreatePhysxBodies:1]]
[2022.02.04-15.31.52:115][  0]LogConfig: Setting CVar [[fx.SkipVectorVMBackendOptimizations:1]]
[2022.02.04-15.31.52:115][  0]LogConfig: Applying CVar settings from Section [ConsoleVariables] File [C:/HTW/5.Semester/Vertiefung der Programmierung/Projekt/Younglings/Saved/Config/Windows/Engine.ini]
[2022.02.04-15.31.52:115][  0]LogConfig: Applying CVar settings from Section [ConsoleVariables] File [C:/HTW/5.Semester/Vertiefung der Programmierung/Projekt/Younglings/Saved/Config/Windows/Editor.ini]
[2022.02.04-15.31.52:116][  0]LogInit: Computer: MSI
[2022.02.04-15.31.52:116][  0]LogInit: User: sirlo
[2022.02.04-15.31.52:116][  0]LogInit: CPU Page size=4096, Cores=6
[2022.02.04-15.31.52:116][  0]LogInit: High frequency timer resolution =10.000000 MHz
[2022.02.04-15.31.52:116][  0]LogMemory: Memory total: Physical=15.8GB (16GB approx)
[2022.02.04-15.31.52:116][  0]LogMemory: Platform Memory Stats for Windows
[2022.02.04-15.31.52:116][  0]LogMemory: Process Physical Memory: 143.48 MB used, 143.49 MB peak
[2022.02.04-15.31.52:116][  0]LogMemory: Process Virtual Memory: 123.75 MB used, 123.75 MB peak
[2022.02.04-15.31.52:116][  0]LogMemory: Physical Memory: 14312.88 MB used,  1893.57 MB free, 16206.45 MB total
[2022.02.04-15.31.52:116][  0]LogMemory: Virtual Memory: 134210240.00 MB used,  7485.55 MB free, 134217728.00 MB total
[2022.02.04-15.31.52:202][  0]LogWindows: WindowsPlatformFeatures enabled
[2022.02.04-15.31.52:472][  0]LogInit: Physics initialised using underlying interface: PhysX
[2022.02.04-15.31.52:473][  0]LogInit: Using OS detected language (de-DE).
[2022.02.04-15.31.52:473][  0]LogInit: Using OS detected locale (de-DE).
[2022.02.04-15.31.52:489][  0]LogTextLocalizationManager: No specific localization for 'de-DE' exists, so the 'de' localization will be used.
[2022.02.04-15.31.52:490][  0]LogTextLocalizationResource: LocRes '../../../Engine/Content/Localization/Editor/de/Editor.locres' could not be opened for reading!
[2022.02.04-15.31.52:490][  0]LogTextLocalizationResource: LocRes '../../../Engine/Content/Localization/EditorTutorials/de/EditorTutorials.locres' could not be opened for reading!
[2022.02.04-15.31.52:490][  0]LogTextLocalizationResource: LocRes '../../../Engine/Content/Localization/Keywords/de/Keywords.locres' could not be opened for reading!
[2022.02.04-15.31.52:491][  0]LogTextLocalizationResource: LocRes '../../../Engine/Content/Localization/Category/de/Category.locres' could not be opened for reading!
[2022.02.04-15.31.52:491][  0]LogTextLocalizationResource: LocRes '../../../Engine/Content/Localization/ToolTips/de/ToolTips.locres' could not be opened for reading!
[2022.02.04-15.31.52:491][  0]LogTextLocalizationResource: LocRes '../../../Engine/Content/Localization/PropertyNames/de/PropertyNames.locres' could not be opened for reading!
[2022.02.04-15.31.52:491][  0]LogTextLocalizationResource: LocRes '../../../Engine/Content/Localization/Engine/de/Engine.locres' could not be opened for reading!
[2022.02.04-15.31.52:493][  0]LogInit: Setting process to per monitor DPI aware
[2022.02.04-15.31.52:544][  0]LogWindowsTextInputMethodSystem: Display: IME system deactivated.
[2022.02.04-15.31.52:576][  0]LogSlate: New Slate User Created.  User Index 0, Is Virtual User: 0
[2022.02.04-15.31.52:576][  0]LogSlate: Slate User Registered.  User Index 0, Is Virtual User: 0
[2022.02.04-15.31.52:899][  0]LogD3D11RHI: Loaded GFSDK_Aftermath_Lib.x64.dll
[2022.02.04-15.31.52:908][  0]LogHMD: Failed to initialize OpenVR with code 110
[2022.02.04-15.31.52:909][  0]LogD3D11RHI: D3D11 min allowed feature level: 11_0
[2022.02.04-15.31.52:909][  0]LogD3D11RHI: D3D11 max allowed feature level: 11_0
[2022.02.04-15.31.52:909][  0]LogD3D11RHI: D3D11 adapters:
[2022.02.04-15.31.53:101][  0]LogD3D11RHI:    0. 'NVIDIA GeForce RTX 3070 Laptop GPU' (Feature Level 11_0)
[2022.02.04-15.31.53:101][  0]LogD3D11RHI:       8044/0/8103 MB DedicatedVideo/DedicatedSystem/SharedSystem, Outputs:1, VendorId:0x10de
[2022.02.04-15.31.53:236][  0]LogD3D11RHI:    1. 'Intel(R) UHD Graphics' (Feature Level 11_0)
[2022.02.04-15.31.53:236][  0]LogD3D11RHI:       128/0/8103 MB DedicatedVideo/DedicatedSystem/SharedSystem, Outputs:1, VendorId:0x8086
[2022.02.04-15.31.53:245][  0]LogD3D11RHI:    2. 'Microsoft Basic Render Driver' (Feature Level 11_0)
[2022.02.04-15.31.53:245][  0]LogD3D11RHI:       0/0/8103 MB DedicatedVideo/DedicatedSystem/SharedSystem, Outputs:0, VendorId:0x1414
[2022.02.04-15.31.53:245][  0]LogD3D11RHI: Chosen D3D11 Adapter:
[2022.02.04-15.31.53:245][  0]LogD3D11RHI:     Description : NVIDIA GeForce RTX 3070 Laptop GPU
[2022.02.04-15.31.53:245][  0]LogD3D11RHI:     VendorId    : 10de
[2022.02.04-15.31.53:245][  0]LogD3D11RHI:     DeviceId    : 249d
[2022.02.04-15.31.53:245][  0]LogD3D11RHI:     SubSysId    : 12ef1462
[2022.02.04-15.31.53:245][  0]LogD3D11RHI:     Revision    : 00a1
[2022.02.04-15.31.53:246][  0]LogD3D11RHI:     DedicatedVideoMemory : 8434745344 bytes
[2022.02.04-15.31.53:246][  0]LogD3D11RHI:     DedicatedSystemMemory : 0 bytes
[2022.02.04-15.31.53:246][  0]LogD3D11RHI:     SharedSystemMemory : 8496848896 bytes
[2022.02.04-15.31.53:246][  0]LogD3D11RHI:     AdapterLuid : 0 73143
[2022.02.04-15.31.53:256][  0]LogD3D11RHI: Creating new Direct3DDevice
[2022.02.04-15.31.53:256][  0]LogD3D11RHI:     GPU DeviceId: 0x249d (for the marketing name, search the web for "GPU Device Id")
[2022.02.04-15.31.53:256][  0]LogWindows: EnumDisplayDevices:
[2022.02.04-15.31.53:256][  0]LogWindows:    0. 'Intel(R) UHD Graphics' (P:0 D:1)
[2022.02.04-15.31.53:256][  0]LogWindows:    1. 'Intel(R) UHD Graphics' (P:0 D:0)
[2022.02.04-15.31.53:256][  0]LogWindows:    2. 'Intel(R) UHD Graphics' (P:0 D:0)
[2022.02.04-15.31.53:257][  0]LogWindows:    3. 'NVIDIA GeForce RTX 3070 Laptop GPU' (P:1 D:1)
[2022.02.04-15.31.53:257][  0]LogWindows:    4. 'NVIDIA GeForce RTX 3070 Laptop GPU' (P:0 D:0)
[2022.02.04-15.31.53:257][  0]LogWindows:    5. 'NVIDIA GeForce RTX 3070 Laptop GPU' (P:0 D:0)
[2022.02.04-15.31.53:257][  0]LogWindows:    6. 'NVIDIA GeForce RTX 3070 Laptop GPU' (P:0 D:0)
[2022.02.04-15.31.53:257][  0]LogWindows: DebugString: PrimaryIsNotTheChoosenAdapter PrimaryIsNotTheChoosenAdapter PrimaryIsNotTheChoosenAdapter FoundDriverCount:4 
[2022.02.04-15.31.53:258][  0]LogD3D11RHI:     Adapter Name: NVIDIA GeForce RTX 3070 Laptop GPU
[2022.02.04-15.31.53:258][  0]LogD3D11RHI:   Driver Version: 472.88 (internal:30.0.14.7288, unified:472.88)
[2022.02.04-15.31.53:258][  0]LogD3D11RHI:      Driver Date: 12-8-2021
[2022.02.04-15.31.53:258][  0]LogRHI: Texture pool is 5630 MB (70% of 8044 MB)
[2022.02.04-15.31.53:258][  0]LogD3D11RHI: Creating D3DDevice using adapter:
[2022.02.04-15.31.53:258][  0]LogD3D11RHI:     Description : NVIDIA GeForce RTX 3070 Laptop GPU
[2022.02.04-15.31.53:258][  0]LogD3D11RHI:     VendorId    : 10de
[2022.02.04-15.31.53:258][  0]LogD3D11RHI:     DeviceId    : 249d
[2022.02.04-15.31.53:258][  0]LogD3D11RHI:     SubSysId    : 12ef1462
[2022.02.04-15.31.53:258][  0]LogD3D11RHI:     Revision    : 00a1
[2022.02.04-15.31.53:258][  0]LogD3D11RHI:     DedicatedVideoMemory : 8434745344 bytes
[2022.02.04-15.31.53:258][  0]LogD3D11RHI:     DedicatedSystemMemory : 0 bytes
[2022.02.04-15.31.53:258][  0]LogD3D11RHI:     SharedSystemMemory : 8496848896 bytes
[2022.02.04-15.31.53:258][  0]LogD3D11RHI:     AdapterLuid : 0 73143
[2022.02.04-15.31.53:332][  0]LogD3D11RHI: RHI has support for 64 bit atomics
[2022.02.04-15.31.53:332][  0]LogD3D11RHI: Async texture creation enabled
[2022.02.04-15.31.53:332][  0]LogD3D11RHI: Array index from any shader is supported
[2022.02.04-15.31.53:365][  0]LogD3D11RHI: GPU Timing Frequency: 1000.000000 (Debug: 2 1)
[2022.02.04-15.31.53:429][  0]LogRHI: GeForceNow SDK initialized: 1
[2022.02.04-15.31.53:709][  0]LogTargetPlatformManager: Display: Loaded TargetPlatform 'AllDesktop'
[2022.02.04-15.31.53:736][  0]LogTargetPlatformManager: Display: Loaded TargetPlatform 'Android'
[2022.02.04-15.31.53:736][  0]LogTargetPlatformManager: Display: Loaded TargetPlatform 'Android_ASTC'
[2022.02.04-15.31.53:736][  0]LogTargetPlatformManager: Display: Loaded TargetPlatform 'Android_DXT'
[2022.02.04-15.31.53:736][  0]LogTargetPlatformManager: Display: Loaded TargetPlatform 'Android_ETC2'
[2022.02.04-15.31.53:736][  0]LogTargetPlatformManager: Display: Loaded TargetPlatform 'AndroidClient'
[2022.02.04-15.31.53:736][  0]LogTargetPlatformManager: Display: Loaded TargetPlatform 'Android_ASTCClient'
[2022.02.04-15.31.53:736][  0]LogTargetPlatformManager: Display: Loaded TargetPlatform 'Android_DXTClient'
[2022.02.04-15.31.53:736][  0]LogTargetPlatformManager: Display: Loaded TargetPlatform 'Android_ETC2Client'
[2022.02.04-15.31.53:737][  0]LogTargetPlatformManager: Display: Loaded TargetPlatform 'Android_Multi'
[2022.02.04-15.31.53:737][  0]LogTargetPlatformManager: Display: Loaded TargetPlatform 'Android_MultiClient'
[2022.02.04-15.31.53:775][  0]LogTargetPlatformManager: Display: Loaded TargetPlatform 'IOSClient'
[2022.02.04-15.31.53:775][  0]LogTargetPlatformManager: Display: Loaded TargetPlatform 'IOS'
[2022.02.04-15.31.53:791][  0]LogTargetPlatformManager: Display: Loaded TargetPlatform 'Linux'
[2022.02.04-15.31.53:801][  0]LogTargetPlatformManager: Display: Loaded TargetPlatform 'LinuxNoEditor'
[2022.02.04-15.31.53:812][  0]LogTargetPlatformManager: Display: Loaded TargetPlatform 'LinuxClient'
[2022.02.04-15.31.53:821][  0]LogTargetPlatformManager: Display: Loaded TargetPlatform 'LinuxServer'
[2022.02.04-15.31.53:837][  0]LogTargetPlatformManager: Display: Loaded TargetPlatform 'LinuxAArch64NoEditor'
[2022.02.04-15.31.53:847][  0]LogTargetPlatformManager: Display: Loaded TargetPlatform 'LinuxAArch64Client'
[2022.02.04-15.31.53:858][  0]LogTargetPlatformManager: Display: Loaded TargetPlatform 'LinuxAArch64Server'
[2022.02.04-15.31.53:887][  0]LogTargetPlatformManager: Display: Loaded TargetPlatform 'Lumin'
[2022.02.04-15.31.53:887][  0]LogTargetPlatformManager: Display: Loaded TargetPlatform 'LuminClient'
[2022.02.04-15.31.53:901][  0]LogTargetPlatformManager: Display: Loaded TargetPlatform 'MacNoEditor'
[2022.02.04-15.31.53:913][  0]LogTargetPlatformManager: Display: Loaded TargetPlatform 'Mac'
[2022.02.04-15.31.53:922][  0]LogTargetPlatformManager: Display: Loaded TargetPlatform 'MacClient'
[2022.02.04-15.31.53:932][  0]LogTargetPlatformManager: Display: Loaded TargetPlatform 'MacServer'
[2022.02.04-15.31.53:947][  0]LogTargetPlatformManager: Display: Loaded TargetPlatform 'TVOSClient'
[2022.02.04-15.31.53:947][  0]LogTargetPlatformManager: Display: Loaded TargetPlatform 'TVOS'
[2022.02.04-15.31.53:961][  0]LogTargetPlatformManager: Display: Loaded TargetPlatform 'WindowsNoEditor'
[2022.02.04-15.31.53:971][  0]LogTargetPlatformManager: Display: Loaded TargetPlatform 'Windows'
[2022.02.04-15.31.53:981][  0]LogTargetPlatformManager: Display: Loaded TargetPlatform 'WindowsClient'
[2022.02.04-15.31.53:991][  0]LogTargetPlatformManager: Display: Loaded TargetPlatform 'WindowsServer'
[2022.02.04-15.31.53:991][  0]LogTargetPlatformManager: Display: Building Assets For Windows
[2022.02.04-15.31.54:026][  0]LogAudioDebug: Display: Lib vorbis DLL was dynamically loaded.
[2022.02.04-15.31.54:171][  0]LogTextureFormatOodle: Display: Oodle Texture 2.9.0 init RDO Off
[2022.02.04-15.31.54:351][  0]LogRendererCore: Ray tracing is disabled. Reason: r.RayTracing=0.
[2022.02.04-15.31.54:352][  0]LogShaderCompilers: Guid format shader working directory is -33 characters bigger than the processId version (../../../../../HTW/5.Semester/Vertiefung der Programmierung/Projekt/Younglings/Intermediate/Shaders/WorkingDirectory/28692/).
[2022.02.04-15.31.54:352][  0]LogShaderCompilers: Cleaned the shader compiler working directory 'C:/Users/sirlo/AppData/Local/Temp/UnrealShaderWorkingDir/BDF0E3FE4FEC62B80124A3B6BB44A98F/'.
[2022.02.04-15.31.54:353][  0]LogXGEController: Cannot use XGE Controller as Incredibuild is not installed on this machine.
[2022.02.04-15.31.54:353][  0]LogShaderCompilers: Cannot use XGE Shader Compiler as Incredibuild is not installed on this machine.
[2022.02.04-15.31.54:353][  0]LogShaderCompilers: Display: Using Local Shader Compiler.
[2022.02.04-15.31.55:221][  0]LogDerivedDataCache: Display: Max Cache Size: 512 MB
[2022.02.04-15.31.55:357][  0]LogDerivedDataCache: Loaded boot cache 0.14s 94MB C:/Users/sirlo/AppData/Local/UnrealEngine/4.27/DerivedDataCache/Boot.ddc.
[2022.02.04-15.31.55:357][  0]LogDerivedDataCache: Display: Loaded Boot cache: C:/Users/sirlo/AppData/Local/UnrealEngine/4.27/DerivedDataCache/Boot.ddc
[2022.02.04-15.31.55:357][  0]LogDerivedDataCache: FDerivedDataBackendGraph:  Pak pak cache file ../../../../../HTW/5.Semester/Vertiefung der Programmierung/Projekt/Younglings/DerivedDataCache/DDC.ddp not found, will not use a pak cache.
[2022.02.04-15.31.55:357][  0]LogDerivedDataCache: Unable to find inner node Pak for hierarchical cache Hierarchy.
[2022.02.04-15.31.55:358][  0]LogDerivedDataCache: FDerivedDataBackendGraph:  CompressedPak pak cache file ../../../../../HTW/5.Semester/Vertiefung der Programmierung/Projekt/Younglings/DerivedDataCache/Compressed.ddp not found, will not use a pak cache.
[2022.02.04-15.31.55:358][  0]LogDerivedDataCache: Unable to find inner node CompressedPak for hierarchical cache Hierarchy.
[2022.02.04-15.31.55:375][  0]LogDerivedDataCache: Display: Pak cache opened for reading ../../../Engine/DerivedDataCache/Compressed.ddp.
[2022.02.04-15.31.55:375][  0]LogDerivedDataCache: FDerivedDataBackendGraph:  EnterprisePak pak cache file ../../../Enterprise/DerivedDataCache/Compressed.ddp not found, will not use a pak cache.
[2022.02.04-15.31.55:375][  0]LogDerivedDataCache: Unable to find inner node EnterprisePak for hierarchical cache Hierarchy.
[2022.02.04-15.31.55:389][  0]LogDerivedDataCache: Speed tests for C:/Users/sirlo/AppData/Local/UnrealEngine/Common/DerivedDataCache took 0.01 seconds
[2022.02.04-15.31.55:389][  0]LogDerivedDataCache: Display: Performance to C:/Users/sirlo/AppData/Local/UnrealEngine/Common/DerivedDataCache: Latency=0.25ms. RandomReadSpeed=195.97MBs, RandomWriteSpeed=171.12MBs. Assigned SpeedClass 'Local'
[2022.02.04-15.31.55:389][  0]LogDerivedDataCache: Using Local data cache path C:/Users/sirlo/AppData/Local/UnrealEngine/Common/DerivedDataCache: Writable
[2022.02.04-15.31.55:390][  0]LogDerivedDataCache: Shared data cache path not found in *engine.ini, will not use an Shared cache.
[2022.02.04-15.31.55:390][  0]LogDerivedDataCache: Unable to find inner node Shared for hierarchical cache Hierarchy.
[2022.02.04-15.31.55:436][  0]LogSlate: Using FreeType 2.10.0
[2022.02.04-15.31.55:438][  0]LogSlate: SlateFontServices - WITH_FREETYPE: 1, WITH_HARFBUZZ: 1
[2022.02.04-15.31.55:481][  0]LogAssetRegistry: FAssetRegistry took 0.0029 seconds to start up
[2022.02.04-15.31.55:843][  0]LogInit: Selected Device Profile: [Windows]
[2022.02.04-15.31.55:844][  0]LogInit: Active device profile: [000001FDAE6C3F00][000001FDAB4BCC80 49] Windows
[2022.02.04-15.31.55:844][  0]LogInit: Profiles: [000001FDAE6C3F00][000001FDAB4BCC80 49] Windows, [000001FDAE6CFF00][000001FDA38E2E00 49] WindowsNoEditor, [000001FDAE6C0200][000001FDA38E6F80 49] WindowsServer, [000001FDAE6CC600][000001FDA38EB100 49] WindowsClient, [000001FDAE6C3900][000001FDA38EF280 49] IOS, [000001FDAE6CF800][000001FDA38F3400 49] iPadAir, [000001FDAE6C0700][000001FD9DE11580 49] iPadAir2, [000001FDAE670B00][000001FD9DE19840 49] IPadPro, [000001FDAE670C00][000001FD9DE15880 49] iPadAir3, [000001FDAE6C2100][000001FD9DE1DA00 49] iPadAir4, [000001FDAE670700][000001FD9DE21B80 49] iPadMini2, [000001FDAE6C0900][000001FD9DE24180 49] iPadMini3, [000001FDAE671600][000001FD9DE28300 49] iPadMini4, [000001FDAE6C2F00][000001FD9DE2C480 49] iPadMini5, [000001FDAE6CD300][000001FD9DE34740 49] iPhone6, [000001FDAE6CD400][000001FD9DE30780 49] iPodTouch6, [000001FDAE671400][000001FDA414EA00 49] iPhone7, [000001FDAE65FF00][000001FD9DE38A40 49] iPodTouch7, [000001FDAE6CE100][000001FDAD81CB80 49] iPhone5S, [000001FDAE65C700][000001FDAD820CC0 49] iPhone6Plus, [000001FDAE6CFA00][000001FDAD828E40 49] iPhone6S, [000001FDAE65F500][000001FDAD82CFC0 49] iPhone6SPlus, [000001FDAE6CC900][000001FDAD831140 49] iPhone7Plus, [000001FDAE65CD00][000001FDAD8352C0 49] iPhoneSE, [000001FDAE6CDC00][000001FDAD839440 49] iPhone8, [000001FDAE65EE00][000001FDAD83D5C0 49] iPhone8Plus, [000001FDAE6CF100][000001FDAD841740 49] iPhoneX, [000001FDAE65D400][000001FDAD8458C0 49] iPhoneXS, [000001FDAE6CDF00][000001FDAD849A40 49] iPhoneXSMax, [000001FDAE65E800][000001FDAD84DBC0 49] iPhoneXR, [000001FDAE6CEE00][000001FDAD8501C0 49] iPhone11, [000001FDAE65DA00][000001FDAD854340 49] iPhone11Pro, [000001FDAE6CD100][000001FDAD8584C0 49] iPhone11ProMax, [000001FDAE65FB00][000001FDAD85C640 49] iPhoneSE2, [000001FDAE6CE600][000001FDAD8607C0 49] iPhone12Mini, [000001FDAE65CB00][000001FDAD864940 49] iPhone12, [000001FDAE6CD600][000001FDAD868AC0 49] iPhone12Pro, [000001FDAE65F100][000001FDAD824C00 49] iPhone12ProMax, [000001FDAE6CC300][000001FDAD86CD40 49] iPadPro105, [000001FDAE65FC00][000001FDAD870E80 49] iPadPro129, [000001FDAE6CFD00][000001FDAD874FC0 49] iPadPro97, [000001FDAE65EC00][000001FDAD87D140 49] iPadPro2_129, [000001FDAE6CD700][000001FDAD8812C0 49] iPad5, [000001FDAE65D600][000001FDAD885440 49] iPad6, [000001FDAE6CCB00][000001FDAD8895C0 49] iPad7, [000001FDAE65EF00][000001FDAD88D740 49] iPad8, [000001FDAE6CD800][000001FDAD8918C0 49] iPadPro11, [000001FDAE65FD00][000001FDAD895A40 49] iPadPro2_11, [000001FDAE6CC800][000001FDAD899BC0 49] iPadPro3_129, [000001FDAE65F700][000001FDAD89C1C0 49] iPadPro4_129, [000001FDAE6CFC00][000001FDAD8A0340 49] AppleTV, [000001FDAE65EA00][000001FDAD8A44C0 49] AppleTV4K, [000001FDAE6CD200][000001FDAD8A8640 49] TVOS, [000001FDAE65CF00][000001FDAD8AC7C0 49] Mac, [000001FDAE6CD500][000001FDAD8B0940 49] MacClient, [000001FDAE65D200][000001FDAD8B4AC0 49] MacNoEditor, [000001FDAE6CFB00][000001FDAD8B8C40 49] MacServer, [000001FDAE65C900][000001FDAD878D80 49] Linux, [000001FDAE6CEC00][000001FDAD8BCEC0 49] LinuxAArch64, [000001FDAE65E400][000001FDAD8C5000 49] LinuxNoEditor, [000001FDAE6CED00][000001FDAD8CD140 49] LinuxAArch64NoEditor, [000001FDAE65DC00][000001FD92F472C0 49] LinuxClient, [000001FDAE6CDD00][000001FD92F4B440 49] LinuxAArch64Client, [000001FDAE65E300][000001FD92F4F5C0 49] LinuxServer, [000001FDAE6CDE00][000001FD92F53740 49] LinuxAArch64Server, [000001FDAE65F000][000001FD92F578C0 49] Android, [000001FDAE6CE500][000001FD92F5BA40 49] Android_Low, [000001FDAE65F900][000001FD92F5FBC0 49] Android_Mid, [000001FDAE6CFE00][000001FD92F621C0 49] Android_High, [000001FDAE65CE00][000001FD92F66340 49] Android_Default, [000001FDAE6CCF00][000001FD92F6A4C0 49] Android_Adreno4xx, [000001FDAE72C100][000001FD92F6E640 49] Android_Adreno5xx_Low, [000001FDAE673800][000001FDAA1987C0 49] Android_Adreno5xx, [000001FDAE72C800][000001FDAA19C940 49] Android_Adreno6xx, [000001FDAE672700][000001FDAA1A0AC0 49] Android_Adreno6xx_Vulkan, [000001FDAE72D500][000001FDAA1A4C40 49] Android_Mali_T6xx, [000001FDAE672B00][000001FDAA1A8DC0 49] Android_Mali_T7xx, [000001FDAE72E800][000001FDAA1ACF40 49] Android_Mali_T8xx, [000001FDAE671D00][000001FD92F43080 49] Android_Mali_G71, [000001FDAE72E500][000001FDAA1B11C0 49] Android_Mali_G72, [000001FDAE672E00][000001FDAA1B5300 49] Android_Mali_G72_Vulkan, [000001FDAE72D300][000001FDAA1BD480 49] Android_Mali_G76, [000001FDAE673D00][000001FDAA1C1600 49] Android_Mali_G76_Vulkan, [000001FDAE72E700][000001FDAA1C5780 49] Android_Mali_G77, [000001FDAE671700][000001FDAA1C9900 49] Android_Mali_G77_Vulkan, [000001FDAE72CD00][000001FDAA1CDA80 49] Android_Mali_G78, [000001FDAE673500][000001FDAA1D1C00 49] Android_Mali_G78_Vulkan, [000001FDAE72E200][000001FDAA1D4200 49] Android_Mali_G710, [000001FDAE671500][000001FDAA1D8380 49] Android_Mali_G710_Vulkan, [000001FDAE72E100][000001FDAA1DC500 49] Android_Vulkan_SM5, [000001FDAE672500][000001FDAA1E0680 49] Android_PowerVR_G6xxx, [000001FDAE72D000][000001FDAA1E4800 49] Android_PowerVR_GT7xxx, [000001FDAE672A00][000001FDAA1E8980 49] Android_PowerVR_GE8xxx, [000001FDAE72C200][000001FDAA1ECB00 49] Android_PowerVR_GM9xxx, [000001FDAE671300][000001FDAA1F0C80 49] Android_PowerVR_GM9xxx_Vulkan, [000001FDAE72DB00][000001FDAA1F4E00 49] Android_TegraK1, [000001FDAE673B00][000001FDAA1F8F80 49] Android_Unknown_Vulkan, [000001FDAE65C500][000001FDAA1FD100 49] Lumin, [000001FDAE672100][000001FDAA1B9240 49] Lumin_Desktop, [000001FDAE65EB00][000001FDAA201380 49] HoloLens, 
[2022.02.04-15.31.56:086][  0]LogMeshReduction: Using QuadricMeshReduction for automatic static mesh reduction
[2022.02.04-15.31.56:086][  0]LogMeshReduction: Using SimplygonMeshReduction for automatic skeletal mesh reduction
[2022.02.04-15.31.56:086][  0]LogMeshReduction: Using ProxyLODMeshReduction for automatic mesh merging
[2022.02.04-15.31.56:086][  0]LogMeshReduction: No distributed automatic mesh merging module available
[2022.02.04-15.31.56:087][  0]LogMeshMerging: No distributed automatic mesh merging module available
[2022.02.04-15.31.56:116][  0]LogNetVersion: Younglings 1.0.0, NetCL: 17155196, EngineNetVer: 17, GameNetVer: 0 (Checksum: 988630336)
[2022.02.04-15.31.56:667][  0]LogTexture: Default maximum texture size for cubemaps generated from long-lat sources has been changed from 512 to unlimited. In order to preserve old behaiour for '/Engine/MapTemplates/Sky/DaylightAmbientCubemap.DaylightAmbientCubemap', its maximum texture size has been explicitly set to 512.
[2022.02.04-15.31.56:740][  0]LogHMD: PokeAHoleMaterial loaded successfully
[2022.02.04-15.31.56:746][  0]LogUObjectArray: 17178 objects as part of root set at end of initial load.
[2022.02.04-15.31.56:746][  0]LogUObjectAllocator: 4302048 out of 0 bytes used by permanent object pool.
[2022.02.04-15.31.56:746][  0]LogUObjectArray: CloseDisregardForGC: 0/0 objects in disregard for GC pool
[2022.02.04-15.31.57:278][  0]LogNiagaraDebuggerClient: Niagara Debugger Client Initialized | Session: 3F0C7F6240875F38F7BDAC9AF5EB6DFB | Instance: 844842F342F5FBA1221A06916D0B7384 (MSI-28692).
[2022.02.04-15.31.57:714][  0]LogPython: Using Python 3.7.7
[2022.02.04-15.31.58:263][  0]LogTcpMessaging: Initializing TcpMessaging bridge
[2022.02.04-15.31.58:276][  0]LogUdpMessaging: Initializing bridge on interface 0.0.0.0:0 to multicast group 230.0.0.1:6666.
[2022.02.04-15.31.59:592][  0]SourceControl: Source control is disabled
[2022.02.04-15.31.59:592][  0]SourceControl: Source control is disabled
[2022.02.04-15.31.59:610][  0]SourceControl: Source control is disabled
[2022.02.04-15.31.59:634][  0]SourceControl: Source control is disabled
[2022.02.04-15.31.59:683][  0]SourceControl: Source control is disabled
[2022.02.04-15.31.59:706][  0]LogUProjectInfo: Found projects:
[2022.02.04-15.31.59:736][  0]LogOpenImageDenoise: OIDN starting up
[2022.02.04-15.31.59:878][  0]LogAndroidPermission: UAndroidPermissionCallbackProxy::GetInstance
[2022.02.04-15.32.00:006][  0]LogAudioCaptureCore: Display: No Audio Capture implementations found. Audio input will be silent.
[2022.02.04-15.32.00:006][  0]LogAudioCaptureCore: Display: No Audio Capture implementations found. Audio input will be silent.
[2022.02.04-15.32.00:349][  0]LogOcInput: OculusInput pre-init called
[2022.02.04-15.32.00:574][  0]LogCollectionManager: Loaded 0 collections in 0.001684 seconds
[2022.02.04-15.32.00:725][  0]LogFileCache: Scanning file cache for directory 'C:/HTW/5.Semester/Vertiefung der Programmierung/Projekt/Younglings/Saved/Collections/' took 0.00s
[2022.02.04-15.32.00:725][  0]LogFileCache: Scanning file cache for directory 'C:/HTW/5.Semester/Vertiefung der Programmierung/Projekt/Younglings/Content/Developers/sirlo/Collections/' took 0.00s
[2022.02.04-15.32.00:725][  0]LogFileCache: Scanning file cache for directory 'C:/HTW/5.Semester/Vertiefung der Programmierung/Projekt/Younglings/Content/Collections/' took 0.00s
[2022.02.04-15.32.00:725][  0]LogEngine: Initializing Engine...
[2022.02.04-15.32.00:741][  0]LogHMD: Failed to enumerate extensions. Please check that you have a valid OpenXR runtime installed.
[2022.02.04-15.32.00:742][  0]LogHMD: Failed to initialize OpenVR with code 110
[2022.02.04-15.32.00:742][  0]LogMagicLeap: Warning: VR disabled because ZI is not enabled.  To enable, in the editor, Edit -> Project Settings -> Plugins -> Magic Leap Plugin -> Enable Zero Iteration
[2022.02.04-15.32.00:746][  0]LogStats: UGameplayTagsManager::InitializeManager -  0.001 s
[2022.02.04-15.32.00:892][  0]LogInit: Initializing FReadOnlyCVARCache
[2022.02.04-15.32.00:911][  0]LogAIModule: Creating AISystem for world Untitled
[2022.02.04-15.32.00:912][  0]LogAudio: Display: Initializing Audio Device Manager...
[2022.02.04-15.32.00:923][  0]LogAudio: Display: Loading Default Audio Settings Objects...
[2022.02.04-15.32.00:924][  0]LogAudio: Display: No default SoundConcurrencyObject specified (or failed to load).
[2022.02.04-15.32.00:926][  0]LogAudio: Display: Audio Device Manager Initialized
[2022.02.04-15.32.00:926][  0]LogAudio: Display: Creating Audio Device:                 Id: 1, Scope: Shared, Realtime: True
[2022.02.04-15.32.00:926][  0]LogAudioMixer: Display: Audio Mixer Platform Settings:
[2022.02.04-15.32.00:926][  0]LogAudioMixer: Display: 	Sample Rate:						  48000
[2022.02.04-15.32.00:926][  0]LogAudioMixer: Display: 	Callback Buffer Frame Size Requested: 1024
[2022.02.04-15.32.00:927][  0]LogAudioMixer: Display: 	Callback Buffer Frame Size To Use:	  1024
[2022.02.04-15.32.00:927][  0]LogAudioMixer: Display: 	Number of buffers to queue:			  2
[2022.02.04-15.32.00:927][  0]LogAudioMixer: Display: 	Max Channels (voices):				  32
[2022.02.04-15.32.00:927][  0]LogAudioMixer: Display: 	Number of Async Source Workers:		  0
[2022.02.04-15.32.00:927][  0]LogAudio: Display: AudioDevice MaxSources: 32
[2022.02.04-15.32.00:927][  0]LogAudio: Display: Audio Spatialization Plugin: None (built-in).
[2022.02.04-15.32.00:927][  0]LogAudio: Display: Audio Reverb Plugin: None (built-in).
[2022.02.04-15.32.00:927][  0]LogAudio: Display: Audio Occlusion Plugin: None (built-in).
[2022.02.04-15.32.00:928][  0]LogAudioMixer: Display: Initializing audio mixer.
[2022.02.04-15.32.01:085][  0]LogAudioMixer: Display: 0: FrontLeft
[2022.02.04-15.32.01:086][  0]LogAudioMixer: Display: 1: FrontRight
[2022.02.04-15.32.01:086][  0]LogAudioMixer: Display: 2: FrontCenter
[2022.02.04-15.32.01:086][  0]LogAudioMixer: Display: 3: LowFrequency
[2022.02.04-15.32.01:086][  0]LogAudioMixer: Display: 4: BackLeft
[2022.02.04-15.32.01:086][  0]LogAudioMixer: Display: 5: BackRight
[2022.02.04-15.32.01:086][  0]LogAudioMixer: Display: 6: SideLeft
[2022.02.04-15.32.01:086][  0]LogAudioMixer: Display: 7: SideRight
[2022.02.04-15.32.01:420][  0]LogAudioMixer: Display: Using Audio Device Kopfhörer (CORSAIR VOID PRO Wireless Gaming Headset)
[2022.02.04-15.32.01:424][  0]LogAudioMixer: Display: Initializing Sound Submixes...
[2022.02.04-15.32.01:428][  0]LogAudioMixer: Display: Creating Master Submix 'MasterSubmixDefault'
[2022.02.04-15.32.01:428][  0]LogAudioMixer: Display: Creating Master Submix 'MasterReverbSubmixDefault'
[2022.02.04-15.32.01:429][  0]LogAudioMixer: Display: Creating Master Submix 'MasterEQSubmixDefault'
[2022.02.04-15.32.01:429][  0]LogAudioMixer: FMixerPlatformXAudio2::StartAudioStream() called
[2022.02.04-15.32.01:429][  0]LogAudioMixer: Display: Output buffers initialized: Frames=1024, Channels=8, Samples=8192
[2022.02.04-15.32.01:431][  0]LogAudioMixer: Display: Starting AudioMixerPlatformInterface::RunInternal()
[2022.02.04-15.32.01:431][  0]LogAudioMixer: Display: FMixerPlatformXAudio2::SubmitBuffer() called for the first time
[2022.02.04-15.32.01:431][  0]LogInit: FAudioDevice initialized.
[2022.02.04-15.32.01:431][  0]LogAudio: Display: Audio Device (ID: 1) registered with world 'Untitled'.
[2022.02.04-15.32.01:432][  0]LogNetVersion: Set ProjectVersion to 1.0.0.0. Version Checksum will be recalculated on next use.
[2022.02.04-15.32.01:490][  0]LogDerivedDataCache: Saved boot cache 0.06s 94MB C:/Users/sirlo/AppData/Local/UnrealEngine/4.27/DerivedDataCache/Boot.ddc.
[2022.02.04-15.32.01:491][  0]LogInit: Texture streaming: Enabled
[2022.02.04-15.32.01:527][  0]LogAnalytics: Display: [UEEditor.Rocket.Release] APIServer = https://datarouter.ol.epicgames.com/. AppVersion = 4.27.2-18319896+++UE4+Release-4.27
[2022.02.04-15.32.01:542][  0]LogEngineSessionManager: EngineSessionManager initialized
[2022.02.04-15.32.01:542][  0]LogEditorSessionSummary: Verbose: Initializing EditorSessionSummaryWriter for editor session tracking
[2022.02.04-15.32.01:549][  0]LogEditorSessionSummary: EditorSessionSummaryWriter initialized
[2022.02.04-15.32.01:591][  0]LogInit: Transaction tracking system initialized
[2022.02.04-15.32.01:657][  0]BlueprintLog: New page: Editor Load
[2022.02.04-15.32.01:842][  0]LocalizationService: Localization service is disabled
[2022.02.04-15.32.01:924][  0]TimingProfiler: Initialize
[2022.02.04-15.32.01:926][  0]TimingProfiler: OnSessionChanged
[2022.02.04-15.32.01:926][  0]LoadingProfiler: Initialize
[2022.02.04-15.32.01:927][  0]LoadingProfiler: OnSessionChanged
[2022.02.04-15.32.01:927][  0]NetworkingProfiler: Initialize
[2022.02.04-15.32.01:927][  0]NetworkingProfiler: OnSessionChanged
[2022.02.04-15.32.01:928][  0]MemoryProfiler: Initialize
[2022.02.04-15.32.01:928][  0]MemoryProfiler: OnSessionChanged
[2022.02.04-15.32.02:197][  0]LogCook: Display: CookSettings for Memory: MemoryMaxUsedVirtual 0MiB, MemoryMaxUsedPhysical 16384MiB, MemoryMinFreeVirtual 0MiB, MemoryMinFreePhysical 1024MiB
[2022.02.04-15.32.02:198][  0]LogCook: Display: Mobile HDR setting 1
[2022.02.04-15.32.02:730][  0]LogFileCache: Scanning file cache for directory 'C:/HTW/5.Semester/Vertiefung der Programmierung/Projekt/Younglings/Content/' took 0.00s
[2022.02.04-15.32.02:911][  0]LogInit: Display: Engine is initialized. Leaving FEngineLoop::Init()
[2022.02.04-15.32.02:918][  0]SourceControl: Source control is disabled
[2022.02.04-15.32.02:919][  0]LogUnrealEdMisc: Loading editor; pre map load, took 13.285
[2022.02.04-15.32.02:920][  0]Cmd: MAP LOAD FILE="../../../../../HTW/5.Semester/Vertiefung der Programmierung/Projekt/Younglings/Content/_Game/Maps/MainLevel.umap" TEMPLATE=0 SHOWPROGRESS=1 FEATURELEVEL=3
[2022.02.04-15.32.02:922][  0]LightingResults: New page: Lighting Build
[2022.02.04-15.32.02:925][  0]LogWorld: UWorld::CleanupWorld for Untitled, bSessionEnded=true, bCleanupResources=true
[2022.02.04-15.32.02:925][  0]LogSlate: InvalidateAllWidgets triggered.  All widgets were invalidated
[2022.02.04-15.32.02:925][  0]MapCheck: New page: Map Check
[2022.02.04-15.32.02:925][  0]LightingResults: New page: Lighting Build
[2022.02.04-15.32.02:929][  0]LogAudio: Display: Audio Device unregistered from world 'None'.
[2022.02.04-15.32.02:933][  0]LogUObjectHash: Compacting FUObjectHashTables data took   0.71ms
[2022.02.04-15.32.03:272][  0]LogAudio: Display: Audio Device (ID: 1) registered with world 'MainLevel'.
[2022.02.04-15.32.03:273][  0]LogAIModule: Creating AISystem for world MainLevel
[2022.02.04-15.32.03:281][  0]LogEditorServer: Finished looking for orphan Actors (0.000 secs)
[2022.02.04-15.32.03:288][  0]LogUObjectHash: Compacting FUObjectHashTables data took   0.74ms
[2022.02.04-15.32.03:290][  0]Cmd: MAP CHECKDEP NOCLEARLOG
[2022.02.04-15.32.03:291][  0]MapCheck: Map check complete: 0 Error(s), 0 Warning(s), took 0,159ms to complete.
[2022.02.04-15.32.03:291][  0]LogFileHelpers: Loading map 'MainLevel' took 0.371
[2022.02.04-15.32.03:295][  0]LogUnrealEdMisc: Total Editor Startup Time, took 13.661
[2022.02.04-15.32.03:456][  0]LogSlate: Updating window title bar state: overlay mode, drag disabled, window buttons hidden, title bar hidden
[2022.02.04-15.32.03:462][  0]LogSlate: Updating window title bar state: overlay mode, drag disabled, window buttons hidden, title bar hidden
[2022.02.04-15.32.03:472][  0]LogSlate: Updating window title bar state: overlay mode, drag disabled, window buttons hidden, title bar hidden
[2022.02.04-15.32.03:478][  0]LogSlate: Updating window title bar state: overlay mode, drag disabled, window buttons hidden, title bar hidden
[2022.02.04-15.32.03:497][  0]LogNativeClassHierarchy: Verbose: Native class hierarchy populated in 0.0091 seconds. Added 3828 classes and 930 folders.
[2022.02.04-15.32.03:504][  0]LogNativeClassHierarchy: Verbose: Native class hierarchy updated for 'WidgetCarousel' in 0.0002 seconds. Added 0 classes and 0 folders.
[2022.02.04-15.32.03:511][  0]LogPakFile: PakFile PrimaryIndexSize=187
[2022.02.04-15.32.03:511][  0]LogPakFile: PakFile PathHashIndexSize=101
[2022.02.04-15.32.03:511][  0]LogPakFile: PakFile FullDirectoryIndexSize=148
[2022.02.04-15.32.03:512][  0]LogShaderLibrary: Display: ShaderCodeLibraryPakFileMountedCallback: PakFile 'C:/EpicGames/UE_4.27/FeaturePacks/FP_FirstPerson.upack' (chunk index -1, root 'root:/') mounted
[2022.02.04-15.32.03:512][  0]LogShaderLibrary: Display: ShaderCodeLibraryPakFileMountedCallback: pending pak file info (ChunkID:-1 Root:root:/ File:C:/EpicGames/UE_4.27/FeaturePacks/FP_FirstPerson.upack)
[2022.02.04-15.32.03:512][  0]LogPakFile: OnPakFileMounted2Time == 0.000786
[2022.02.04-15.32.03:516][  0]LogPakFile: PakFile PrimaryIndexSize=189
[2022.02.04-15.32.03:517][  0]LogPakFile: PakFile PathHashIndexSize=101
[2022.02.04-15.32.03:517][  0]LogPakFile: PakFile FullDirectoryIndexSize=152
[2022.02.04-15.32.03:517][  0]LogShaderLibrary: Display: ShaderCodeLibraryPakFileMountedCallback: PakFile 'C:/EpicGames/UE_4.27/FeaturePacks/FP_FirstPersonBP.upack' (chunk index -1, root 'root:/') mounted
[2022.02.04-15.32.03:517][  0]LogShaderLibrary: Display: ShaderCodeLibraryPakFileMountedCallback: pending pak file info (ChunkID:-1 Root:root:/ File:C:/EpicGames/UE_4.27/FeaturePacks/FP_FirstPersonBP.upack)
[2022.02.04-15.32.03:517][  0]LogPakFile: OnPakFileMounted2Time == 0.000206
[2022.02.04-15.32.03:519][  0]LogPakFile: PakFile PrimaryIndexSize=191
[2022.02.04-15.32.03:519][  0]LogPakFile: PakFile PathHashIndexSize=101
[2022.02.04-15.32.03:519][  0]LogPakFile: PakFile FullDirectoryIndexSize=160
[2022.02.04-15.32.03:519][  0]LogShaderLibrary: Display: ShaderCodeLibraryPakFileMountedCallback: PakFile 'C:/EpicGames/UE_4.27/FeaturePacks/MobileStarterContent.upack' (chunk index -1, root 'root:/') mounted
[2022.02.04-15.32.03:520][  0]LogShaderLibrary: Display: ShaderCodeLibraryPakFileMountedCallback: pending pak file info (ChunkID:-1 Root:root:/ File:C:/EpicGames/UE_4.27/FeaturePacks/MobileStarterContent.upack)
[2022.02.04-15.32.03:520][  0]LogPakFile: OnPakFileMounted2Time == 0.000192
[2022.02.04-15.32.03:521][  0]LogPakFile: PakFile PrimaryIndexSize=185
[2022.02.04-15.32.03:521][  0]LogPakFile: PakFile PathHashIndexSize=101
[2022.02.04-15.32.03:522][  0]LogPakFile: PakFile FullDirectoryIndexSize=148
[2022.02.04-15.32.03:522][  0]LogShaderLibrary: Display: ShaderCodeLibraryPakFileMountedCallback: PakFile 'C:/EpicGames/UE_4.27/FeaturePacks/StarterContent.upack' (chunk index -1, root 'root:/') mounted
[2022.02.04-15.32.03:522][  0]LogShaderLibrary: Display: ShaderCodeLibraryPakFileMountedCallback: pending pak file info (ChunkID:-1 Root:root:/ File:C:/EpicGames/UE_4.27/FeaturePacks/StarterContent.upack)
[2022.02.04-15.32.03:522][  0]LogPakFile: OnPakFileMounted2Time == 0.000196
[2022.02.04-15.32.03:524][  0]LogPakFile: PakFile PrimaryIndexSize=190
[2022.02.04-15.32.03:524][  0]LogPakFile: PakFile PathHashIndexSize=101
[2022.02.04-15.32.03:524][  0]LogPakFile: PakFile FullDirectoryIndexSize=154
[2022.02.04-15.32.03:524][  0]LogShaderLibrary: Display: ShaderCodeLibraryPakFileMountedCallback: PakFile 'C:/EpicGames/UE_4.27/FeaturePacks/TP_2DSideScroller.upack' (chunk index -1, root 'root:/') mounted
[2022.02.04-15.32.03:525][  0]LogShaderLibrary: Display: ShaderCodeLibraryPakFileMountedCallback: pending pak file info (ChunkID:-1 Root:root:/ File:C:/EpicGames/UE_4.27/FeaturePacks/TP_2DSideScroller.upack)
[2022.02.04-15.32.03:525][  0]LogPakFile: OnPakFileMounted2Time == 0.000234
[2022.02.04-15.32.03:527][  0]LogPakFile: PakFile PrimaryIndexSize=192
[2022.02.04-15.32.03:527][  0]LogPakFile: PakFile PathHashIndexSize=101
[2022.02.04-15.32.03:527][  0]LogPakFile: PakFile FullDirectoryIndexSize=158
[2022.02.04-15.32.03:527][  0]LogShaderLibrary: Display: ShaderCodeLibraryPakFileMountedCallback: PakFile 'C:/EpicGames/UE_4.27/FeaturePacks/TP_2DSideScrollerBP.upack' (chunk index -1, root 'root:/') mounted
[2022.02.04-15.32.03:527][  0]LogShaderLibrary: Display: ShaderCodeLibraryPakFileMountedCallback: pending pak file info (ChunkID:-1 Root:root:/ File:C:/EpicGames/UE_4.27/FeaturePacks/TP_2DSideScrollerBP.upack)
[2022.02.04-15.32.03:527][  0]LogPakFile: OnPakFileMounted2Time == 0.000177
[2022.02.04-15.32.03:529][  0]LogPakFile: PakFile PrimaryIndexSize=182
[2022.02.04-15.32.03:529][  0]LogPakFile: PakFile PathHashIndexSize=101
[2022.02.04-15.32.03:529][  0]LogPakFile: PakFile FullDirectoryIndexSize=138
[2022.02.04-15.32.03:529][  0]LogShaderLibrary: Display: ShaderCodeLibraryPakFileMountedCallback: PakFile 'C:/EpicGames/UE_4.27/FeaturePacks/TP_Flying.upack' (chunk index -1, root 'root:/') mounted
[2022.02.04-15.32.03:529][  0]LogShaderLibrary: Display: ShaderCodeLibraryPakFileMountedCallback: pending pak file info (ChunkID:-1 Root:root:/ File:C:/EpicGames/UE_4.27/FeaturePacks/TP_Flying.upack)
[2022.02.04-15.32.03:529][  0]LogPakFile: OnPakFileMounted2Time == 0.000186
[2022.02.04-15.32.03:531][  0]LogPakFile: PakFile PrimaryIndexSize=184
[2022.02.04-15.32.03:531][  0]LogPakFile: PakFile PathHashIndexSize=101
[2022.02.04-15.32.03:531][  0]LogPakFile: PakFile FullDirectoryIndexSize=142
[2022.02.04-15.32.03:531][  0]LogShaderLibrary: Display: ShaderCodeLibraryPakFileMountedCallback: PakFile 'C:/EpicGames/UE_4.27/FeaturePacks/TP_FlyingBP.upack' (chunk index -1, root 'root:/') mounted
[2022.02.04-15.32.03:532][  0]LogShaderLibrary: Display: ShaderCodeLibraryPakFileMountedCallback: pending pak file info (ChunkID:-1 Root:root:/ File:C:/EpicGames/UE_4.27/FeaturePacks/TP_FlyingBP.upack)
[2022.02.04-15.32.03:532][  0]LogPakFile: OnPakFileMounted2Time == 0.000169
[2022.02.04-15.32.03:533][  0]LogPakFile: PakFile PrimaryIndexSize=188
[2022.02.04-15.32.03:533][  0]LogPakFile: PakFile PathHashIndexSize=101
[2022.02.04-15.32.03:533][  0]LogPakFile: PakFile FullDirectoryIndexSize=150
[2022.02.04-15.32.03:533][  0]LogShaderLibrary: Display: ShaderCodeLibraryPakFileMountedCallback: PakFile 'C:/EpicGames/UE_4.27/FeaturePacks/TP_HandheldARBP.upack' (chunk index -1, root 'root:/') mounted
[2022.02.04-15.32.03:533][  0]LogShaderLibrary: Display: ShaderCodeLibraryPakFileMountedCallback: pending pak file info (ChunkID:-1 Root:root:/ File:C:/EpicGames/UE_4.27/FeaturePacks/TP_HandheldARBP.upack)
[2022.02.04-15.32.03:533][  0]LogPakFile: OnPakFileMounted2Time == 0.000173
[2022.02.04-15.32.03:536][  0]LogPakFile: PakFile PrimaryIndexSize=182
[2022.02.04-15.32.03:537][  0]LogPakFile: PakFile PathHashIndexSize=101
[2022.02.04-15.32.03:537][  0]LogPakFile: PakFile FullDirectoryIndexSize=138
[2022.02.04-15.32.03:537][  0]LogShaderLibrary: Display: ShaderCodeLibraryPakFileMountedCallback: PakFile 'C:/EpicGames/UE_4.27/FeaturePacks/TP_Puzzle.upack' (chunk index -1, root 'root:/') mounted
[2022.02.04-15.32.03:537][  0]LogShaderLibrary: Display: ShaderCodeLibraryPakFileMountedCallback: pending pak file info (ChunkID:-1 Root:root:/ File:C:/EpicGames/UE_4.27/FeaturePacks/TP_Puzzle.upack)
[2022.02.04-15.32.03:537][  0]LogPakFile: OnPakFileMounted2Time == 0.000169
[2022.02.04-15.32.03:539][  0]LogPakFile: PakFile PrimaryIndexSize=184
[2022.02.04-15.32.03:539][  0]LogPakFile: PakFile PathHashIndexSize=101
[2022.02.04-15.32.03:539][  0]LogPakFile: PakFile FullDirectoryIndexSize=142
[2022.02.04-15.32.03:539][  0]LogShaderLibrary: Display: ShaderCodeLibraryPakFileMountedCallback: PakFile 'C:/EpicGames/UE_4.27/FeaturePacks/TP_PuzzleBP.upack' (chunk index -1, root 'root:/') mounted
[2022.02.04-15.32.03:539][  0]LogShaderLibrary: Display: ShaderCodeLibraryPakFileMountedCallback: pending pak file info (ChunkID:-1 Root:root:/ File:C:/EpicGames/UE_4.27/FeaturePacks/TP_PuzzleBP.upack)
[2022.02.04-15.32.03:539][  0]LogPakFile: OnPakFileMounted2Time == 0.000204
[2022.02.04-15.32.03:541][  0]LogPakFile: PakFile PrimaryIndexSize=183
[2022.02.04-15.32.03:541][  0]LogPakFile: PakFile PathHashIndexSize=101
[2022.02.04-15.32.03:541][  0]LogPakFile: PakFile FullDirectoryIndexSize=140
[2022.02.04-15.32.03:541][  0]LogShaderLibrary: Display: ShaderCodeLibraryPakFileMountedCallback: PakFile 'C:/EpicGames/UE_4.27/FeaturePacks/TP_Rolling.upack' (chunk index -1, root 'root:/') mounted
[2022.02.04-15.32.03:541][  0]LogShaderLibrary: Display: ShaderCodeLibraryPakFileMountedCallback: pending pak file info (ChunkID:-1 Root:root:/ File:C:/EpicGames/UE_4.27/FeaturePacks/TP_Rolling.upack)
[2022.02.04-15.32.03:541][  0]LogPakFile: OnPakFileMounted2Time == 0.000170
[2022.02.04-15.32.03:543][  0]LogPakFile: PakFile PrimaryIndexSize=185
[2022.02.04-15.32.03:543][  0]LogPakFile: PakFile PathHashIndexSize=101
[2022.02.04-15.32.03:543][  0]LogPakFile: PakFile FullDirectoryIndexSize=144
[2022.02.04-15.32.03:544][  0]LogShaderLibrary: Display: ShaderCodeLibraryPakFileMountedCallback: PakFile 'C:/EpicGames/UE_4.27/FeaturePacks/TP_RollingBP.upack' (chunk index -1, root 'root:/') mounted
[2022.02.04-15.32.03:544][  0]LogShaderLibrary: Display: ShaderCodeLibraryPakFileMountedCallback: pending pak file info (ChunkID:-1 Root:root:/ File:C:/EpicGames/UE_4.27/FeaturePacks/TP_RollingBP.upack)
[2022.02.04-15.32.03:544][  0]LogPakFile: OnPakFileMounted2Time == 0.000195
[2022.02.04-15.32.03:545][  0]LogPakFile: PakFile PrimaryIndexSize=188
[2022.02.04-15.32.03:546][  0]LogPakFile: PakFile PathHashIndexSize=101
[2022.02.04-15.32.03:546][  0]LogPakFile: PakFile FullDirectoryIndexSize=150
[2022.02.04-15.32.03:546][  0]LogShaderLibrary: Display: ShaderCodeLibraryPakFileMountedCallback: PakFile 'C:/EpicGames/UE_4.27/FeaturePacks/TP_SideScroller.upack' (chunk index -1, root 'root:/') mounted
[2022.02.04-15.32.03:546][  0]LogShaderLibrary: Display: ShaderCodeLibraryPakFileMountedCallback: pending pak file info (ChunkID:-1 Root:root:/ File:C:/EpicGames/UE_4.27/FeaturePacks/TP_SideScroller.upack)
[2022.02.04-15.32.03:546][  0]LogPakFile: OnPakFileMounted2Time == 0.000170
[2022.02.04-15.32.03:548][  0]LogPakFile: PakFile PrimaryIndexSize=190
[2022.02.04-15.32.03:548][  0]LogPakFile: PakFile PathHashIndexSize=101
[2022.02.04-15.32.03:548][  0]LogPakFile: PakFile FullDirectoryIndexSize=154
[2022.02.04-15.32.03:548][  0]LogShaderLibrary: Display: ShaderCodeLibraryPakFileMountedCallback: PakFile 'C:/EpicGames/UE_4.27/FeaturePacks/TP_SideScrollerBP.upack' (chunk index -1, root 'root:/') mounted
[2022.02.04-15.32.03:548][  0]LogShaderLibrary: Display: ShaderCodeLibraryPakFileMountedCallback: pending pak file info (ChunkID:-1 Root:root:/ File:C:/EpicGames/UE_4.27/FeaturePacks/TP_SideScrollerBP.upack)
[2022.02.04-15.32.03:548][  0]LogPakFile: OnPakFileMounted2Time == 0.000179
[2022.02.04-15.32.03:550][  0]LogPakFile: PakFile PrimaryIndexSize=187
[2022.02.04-15.32.03:550][  0]LogPakFile: PakFile PathHashIndexSize=101
[2022.02.04-15.32.03:550][  0]LogPakFile: PakFile FullDirectoryIndexSize=148
[2022.02.04-15.32.03:550][  0]LogShaderLibrary: Display: ShaderCodeLibraryPakFileMountedCallback: PakFile 'C:/EpicGames/UE_4.27/FeaturePacks/TP_ThirdPerson.upack' (chunk index -1, root 'root:/') mounted
[2022.02.04-15.32.03:550][  0]LogShaderLibrary: Display: ShaderCodeLibraryPakFileMountedCallback: pending pak file info (ChunkID:-1 Root:root:/ File:C:/EpicGames/UE_4.27/FeaturePacks/TP_ThirdPerson.upack)
[2022.02.04-15.32.03:550][  0]LogPakFile: OnPakFileMounted2Time == 0.000197
[2022.02.04-15.32.03:552][  0]LogPakFile: PakFile PrimaryIndexSize=189
[2022.02.04-15.32.03:552][  0]LogPakFile: PakFile PathHashIndexSize=101
[2022.02.04-15.32.03:552][  0]LogPakFile: PakFile FullDirectoryIndexSize=152
[2022.02.04-15.32.03:552][  0]LogShaderLibrary: Display: ShaderCodeLibraryPakFileMountedCallback: PakFile 'C:/EpicGames/UE_4.27/FeaturePacks/TP_ThirdPersonBP.upack' (chunk index -1, root 'root:/') mounted
[2022.02.04-15.32.03:552][  0]LogShaderLibrary: Display: ShaderCodeLibraryPakFileMountedCallback: pending pak file info (ChunkID:-1 Root:root:/ File:C:/EpicGames/UE_4.27/FeaturePacks/TP_ThirdPersonBP.upack)
[2022.02.04-15.32.03:552][  0]LogPakFile: OnPakFileMounted2Time == 0.000207
[2022.02.04-15.32.03:555][  0]LogPakFile: PakFile PrimaryIndexSize=183
[2022.02.04-15.32.03:555][  0]LogPakFile: PakFile PathHashIndexSize=101
[2022.02.04-15.32.03:555][  0]LogPakFile: PakFile FullDirectoryIndexSize=140
[2022.02.04-15.32.03:555][  0]LogShaderLibrary: Display: ShaderCodeLibraryPakFileMountedCallback: PakFile 'C:/EpicGames/UE_4.27/FeaturePacks/TP_TopDown.upack' (chunk index -1, root 'root:/') mounted
[2022.02.04-15.32.03:555][  0]LogShaderLibrary: Display: ShaderCodeLibraryPakFileMountedCallback: pending pak file info (ChunkID:-1 Root:root:/ File:C:/EpicGames/UE_4.27/FeaturePacks/TP_TopDown.upack)
[2022.02.04-15.32.03:555][  0]LogPakFile: OnPakFileMounted2Time == 0.000229
[2022.02.04-15.32.03:557][  0]LogPakFile: PakFile PrimaryIndexSize=185
[2022.02.04-15.32.03:557][  0]LogPakFile: PakFile PathHashIndexSize=101
[2022.02.04-15.32.03:557][  0]LogPakFile: PakFile FullDirectoryIndexSize=144
[2022.02.04-15.32.03:558][  0]LogShaderLibrary: Display: ShaderCodeLibraryPakFileMountedCallback: PakFile 'C:/EpicGames/UE_4.27/FeaturePacks/TP_TopDownBP.upack' (chunk index -1, root 'root:/') mounted
[2022.02.04-15.32.03:558][  0]LogShaderLibrary: Display: ShaderCodeLibraryPakFileMountedCallback: pending pak file info (ChunkID:-1 Root:root:/ File:C:/EpicGames/UE_4.27/FeaturePacks/TP_TopDownBP.upack)
[2022.02.04-15.32.03:558][  0]LogPakFile: OnPakFileMounted2Time == 0.000179
[2022.02.04-15.32.03:560][  0]LogPakFile: PakFile PrimaryIndexSize=185
[2022.02.04-15.32.03:560][  0]LogPakFile: PakFile PathHashIndexSize=101
[2022.02.04-15.32.03:560][  0]LogPakFile: PakFile FullDirectoryIndexSize=144
[2022.02.04-15.32.03:560][  0]LogShaderLibrary: Display: ShaderCodeLibraryPakFileMountedCallback: PakFile 'C:/EpicGames/UE_4.27/FeaturePacks/TP_TwinStick.upack' (chunk index -1, root 'root:/') mounted
[2022.02.04-15.32.03:560][  0]LogShaderLibrary: Display: ShaderCodeLibraryPakFileMountedCallback: pending pak file info (ChunkID:-1 Root:root:/ File:C:/EpicGames/UE_4.27/FeaturePacks/TP_TwinStick.upack)
[2022.02.04-15.32.03:560][  0]LogPakFile: OnPakFileMounted2Time == 0.000178
[2022.02.04-15.32.03:562][  0]LogPakFile: PakFile PrimaryIndexSize=187
[2022.02.04-15.32.03:562][  0]LogPakFile: PakFile PathHashIndexSize=101
[2022.02.04-15.32.03:562][  0]LogPakFile: PakFile FullDirectoryIndexSize=148
[2022.02.04-15.32.03:562][  0]LogShaderLibrary: Display: ShaderCodeLibraryPakFileMountedCallback: PakFile 'C:/EpicGames/UE_4.27/FeaturePacks/TP_TwinStickBP.upack' (chunk index -1, root 'root:/') mounted
[2022.02.04-15.32.03:562][  0]LogShaderLibrary: Display: ShaderCodeLibraryPakFileMountedCallback: pending pak file info (ChunkID:-1 Root:root:/ File:C:/EpicGames/UE_4.27/FeaturePacks/TP_TwinStickBP.upack)
[2022.02.04-15.32.03:562][  0]LogPakFile: OnPakFileMounted2Time == 0.000167
[2022.02.04-15.32.03:564][  0]LogPakFile: PakFile PrimaryIndexSize=183
[2022.02.04-15.32.03:564][  0]LogPakFile: PakFile PathHashIndexSize=101
[2022.02.04-15.32.03:564][  0]LogPakFile: PakFile FullDirectoryIndexSize=140
[2022.02.04-15.32.03:564][  0]LogShaderLibrary: Display: ShaderCodeLibraryPakFileMountedCallback: PakFile 'C:/EpicGames/UE_4.27/FeaturePacks/TP_Vehicle.upack' (chunk index -1, root 'root:/') mounted
[2022.02.04-15.32.03:564][  0]LogShaderLibrary: Display: ShaderCodeLibraryPakFileMountedCallback: pending pak file info (ChunkID:-1 Root:root:/ File:C:/EpicGames/UE_4.27/FeaturePacks/TP_Vehicle.upack)
[2022.02.04-15.32.03:564][  0]LogPakFile: OnPakFileMounted2Time == 0.000185
[2022.02.04-15.32.03:566][  0]LogPakFile: PakFile PrimaryIndexSize=186
[2022.02.04-15.32.03:566][  0]LogPakFile: PakFile PathHashIndexSize=101
[2022.02.04-15.32.03:566][  0]LogPakFile: PakFile FullDirectoryIndexSize=146
[2022.02.04-15.32.03:566][  0]LogShaderLibrary: Display: ShaderCodeLibraryPakFileMountedCallback: PakFile 'C:/EpicGames/UE_4.27/FeaturePacks/TP_VehicleAdv.upack' (chunk index -1, root 'root:/') mounted
[2022.02.04-15.32.03:566][  0]LogShaderLibrary: Display: ShaderCodeLibraryPakFileMountedCallback: pending pak file info (ChunkID:-1 Root:root:/ File:C:/EpicGames/UE_4.27/FeaturePacks/TP_VehicleAdv.upack)
[2022.02.04-15.32.03:566][  0]LogPakFile: OnPakFileMounted2Time == 0.000186
[2022.02.04-15.32.03:568][  0]LogPakFile: PakFile PrimaryIndexSize=188
[2022.02.04-15.32.03:568][  0]LogPakFile: PakFile PathHashIndexSize=101
[2022.02.04-15.32.03:568][  0]LogPakFile: PakFile FullDirectoryIndexSize=150
[2022.02.04-15.32.03:568][  0]LogShaderLibrary: Display: ShaderCodeLibraryPakFileMountedCallback: PakFile 'C:/EpicGames/UE_4.27/FeaturePacks/TP_VehicleAdvBP.upack' (chunk index -1, root 'root:/') mounted
[2022.02.04-15.32.03:568][  0]LogShaderLibrary: Display: ShaderCodeLibraryPakFileMountedCallback: pending pak file info (ChunkID:-1 Root:root:/ File:C:/EpicGames/UE_4.27/FeaturePacks/TP_VehicleAdvBP.upack)
[2022.02.04-15.32.03:569][  0]LogPakFile: OnPakFileMounted2Time == 0.000240
[2022.02.04-15.32.03:571][  0]LogPakFile: PakFile PrimaryIndexSize=185
[2022.02.04-15.32.03:571][  0]LogPakFile: PakFile PathHashIndexSize=101
[2022.02.04-15.32.03:571][  0]LogPakFile: PakFile FullDirectoryIndexSize=144
[2022.02.04-15.32.03:571][  0]LogShaderLibrary: Display: ShaderCodeLibraryPakFileMountedCallback: PakFile 'C:/EpicGames/UE_4.27/FeaturePacks/TP_VehicleBP.upack' (chunk index -1, root 'root:/') mounted
[2022.02.04-15.32.03:571][  0]LogShaderLibrary: Display: ShaderCodeLibraryPakFileMountedCallback: pending pak file info (ChunkID:-1 Root:root:/ File:C:/EpicGames/UE_4.27/FeaturePacks/TP_VehicleBP.upack)
[2022.02.04-15.32.03:571][  0]LogPakFile: OnPakFileMounted2Time == 0.000189
[2022.02.04-15.32.03:573][  0]LogPakFile: PakFile PrimaryIndexSize=192
[2022.02.04-15.32.03:574][  0]LogPakFile: PakFile PathHashIndexSize=101
[2022.02.04-15.32.03:574][  0]LogPakFile: PakFile FullDirectoryIndexSize=158
[2022.02.04-15.32.03:574][  0]LogShaderLibrary: Display: ShaderCodeLibraryPakFileMountedCallback: PakFile 'C:/EpicGames/UE_4.27/FeaturePacks/TP_VirtualRealityBP.upack' (chunk index -1, root 'root:/') mounted
[2022.02.04-15.32.03:574][  0]LogShaderLibrary: Display: ShaderCodeLibraryPakFileMountedCallback: pending pak file info (ChunkID:-1 Root:root:/ File:C:/EpicGames/UE_4.27/FeaturePacks/TP_VirtualRealityBP.upack)
[2022.02.04-15.32.03:574][  0]LogPakFile: OnPakFileMounted2Time == 0.000197
[2022.02.04-15.32.03:735][  0]LogNativeClassHierarchy: Verbose: Native class hierarchy updated for 'AddContentDialog' in 0.0004 seconds. Added 0 classes and 0 folders.
[2022.02.04-15.32.03:744][  0]LogNativeClassHierarchy: Verbose: Native class hierarchy updated for 'SceneOutliner' in 0.0003 seconds. Added 2 classes and 0 folders.
[2022.02.04-15.32.03:890][  0]LogSlate: Took 0.000856 seconds to synchronously load lazily loaded font '../../../Engine/Content/Slate/Fonts/Roboto-Regular.ttf' (155K)
[2022.02.04-15.32.03:892][  0]LogSlate: Took 0.000657 seconds to synchronously load lazily loaded font '../../../Engine/Content/Editor/Slate/Fonts/FontAwesome.ttf' (139K)
[2022.02.04-15.32.03:893][  0]LogSlate: Took 0.000641 seconds to synchronously load lazily loaded font '../../../Engine/Content/Slate/Fonts/Roboto-Bold.ttf' (160K)
[2022.02.04-15.32.03:997][  0]LogRenderer: Reallocating scene render targets to support 1208x572 Format 10 NumSamples 1 (Frame:1).
[2022.02.04-15.32.04:037][  0]LogSlate: Took 0.000664 seconds to synchronously load lazily loaded font '../../../Engine/Content/Slate/Fonts/Roboto-Light.ttf' (167K)
[2022.02.04-15.32.04:095][  0]LogNativeClassHierarchy: Verbose: Native class hierarchy updated for 'HierarchicalLODOutliner' in 0.0003 seconds. Added 0 classes and 0 folders.
[2022.02.04-15.32.04:096][  0]LogLoad: (Engine Initialization) Total time: 14.46 seconds
[2022.02.04-15.32.04:096][  0]LogLoad: (Engine Initialization) Total Blueprint compile time: 0.00 seconds
[2022.02.04-15.32.04:139][  0]LogAssetRegistry: Asset discovery search completed in 8.6599 seconds
[2022.02.04-15.32.04:151][  0]LogCollectionManager: Fixed up redirectors for 0 collections in 0.000002 seconds (updated 0 objects)
[2022.02.04-15.32.04:154][  0]LogContentStreaming: Texture pool size now 1000 MB
[2022.02.04-15.32.05:113][ 91]LogSlate: Took 0.000219 seconds to synchronously load lazily loaded font '../../../Engine/Content/Slate/Fonts/Roboto-Light.ttf' (167K)
[2022.02.04-15.32.09:154][498]LogTemp: Repeating last play command: Selected Viewport
[2022.02.04-15.32.09:160][498]LogPlayLevel: PlayLevel: No blueprints needed recompiling
[2022.02.04-15.32.09:162][498]PIE: New page: PIE session: MainLevel (04.02.2022, 17:32:09)
[2022.02.04-15.32.09:163][498]LogOnline: OSS: Creating online subsystem instance for: NULL
[2022.02.04-15.32.09:164][498]LogOnline: OSS: TryLoadSubsystemAndSetDefault: Loaded subsystem for module [NULL]
[2022.02.04-15.32.09:165][498]LogPlayLevel: Creating play world package: /Game/_Game/Maps/UEDPIE_0_MainLevel
[2022.02.04-15.32.09:167][498]LogPlayLevel: PIE: StaticDuplicateObject took: (0.002237s)
[2022.02.04-15.32.09:168][498]LogAIModule: Creating AISystem for world MainLevel
[2022.02.04-15.32.09:168][498]LogPlayLevel: PIE: World Init took: (0.001337s)
[2022.02.04-15.32.09:169][498]LogPlayLevel: PIE: Created PIE world by copying editor world from /Game/_Game/Maps/MainLevel.MainLevel to /Game/_Game/Maps/UEDPIE_0_MainLevel.MainLevel (0.003971s)
[2022.02.04-15.32.09:178][498]LogUObjectHash: Compacting FUObjectHashTables data took   0.71ms
[2022.02.04-15.32.09:179][498]LogAudio: Display: Creating Audio Device:                 Id: 2, Scope: Unique, Realtime: True
[2022.02.04-15.32.09:179][498]LogAudioMixer: Display: Audio Mixer Platform Settings:
[2022.02.04-15.32.09:179][498]LogAudioMixer: Display: 	Sample Rate:						  48000
[2022.02.04-15.32.09:179][498]LogAudioMixer: Display: 	Callback Buffer Frame Size Requested: 1024
[2022.02.04-15.32.09:180][498]LogAudioMixer: Display: 	Callback Buffer Frame Size To Use:	  1024
[2022.02.04-15.32.09:180][498]LogAudioMixer: Display: 	Number of buffers to queue:			  2
[2022.02.04-15.32.09:180][498]LogAudioMixer: Display: 	Max Channels (voices):				  32
[2022.02.04-15.32.09:180][498]LogAudioMixer: Display: 	Number of Async Source Workers:		  0
[2022.02.04-15.32.09:180][498]LogAudio: Display: AudioDevice MaxSources: 32
[2022.02.04-15.32.09:181][498]LogAudio: Display: Audio Spatialization Plugin: None (built-in).
[2022.02.04-15.32.09:181][498]LogAudio: Display: Audio Reverb Plugin: None (built-in).
[2022.02.04-15.32.09:181][498]LogAudio: Display: Audio Occlusion Plugin: None (built-in).
[2022.02.04-15.32.09:181][498]LogAudioMixer: Display: Initializing audio mixer.
[2022.02.04-15.32.09:186][498]LogAudioMixer: Display: 0: FrontLeft
[2022.02.04-15.32.09:186][498]LogAudioMixer: Display: 1: FrontRight
[2022.02.04-15.32.09:186][498]LogAudioMixer: Display: 2: FrontCenter
[2022.02.04-15.32.09:186][498]LogAudioMixer: Display: 3: LowFrequency
[2022.02.04-15.32.09:186][498]LogAudioMixer: Display: 4: BackLeft
[2022.02.04-15.32.09:186][498]LogAudioMixer: Display: 5: BackRight
[2022.02.04-15.32.09:186][498]LogAudioMixer: Display: 6: SideLeft
[2022.02.04-15.32.09:186][498]LogAudioMixer: Display: 7: SideRight
[2022.02.04-15.32.09:488][498]LogAudioMixer: Display: Using Audio Device Kopfhörer (CORSAIR VOID PRO Wireless Gaming Headset)
[2022.02.04-15.32.09:489][498]LogAudioMixer: Display: Initializing Sound Submixes...
[2022.02.04-15.32.09:489][498]LogAudioMixer: Display: Creating Master Submix 'MasterSubmixDefault'
[2022.02.04-15.32.09:489][498]LogAudioMixer: Display: Creating Master Submix 'MasterReverbSubmixDefault'
[2022.02.04-15.32.09:489][498]LogAudioMixer: Display: Creating Master Submix 'MasterEQSubmixDefault'
[2022.02.04-15.32.09:489][498]LogAudioMixer: FMixerPlatformXAudio2::StartAudioStream() called
[2022.02.04-15.32.09:489][498]LogAudioMixer: Display: Output buffers initialized: Frames=1024, Channels=8, Samples=8192
[2022.02.04-15.32.09:491][498]LogAudioMixer: Display: Starting AudioMixerPlatformInterface::RunInternal()
[2022.02.04-15.32.09:491][498]LogAudioMixer: Display: FMixerPlatformXAudio2::SubmitBuffer() called for the first time
[2022.02.04-15.32.09:491][498]LogInit: FAudioDevice initialized.
[2022.02.04-15.32.09:491][498]LogAudio: Display: Audio Device (ID: 2) registered with world 'MainLevel'.
[2022.02.04-15.32.09:499][498]LogLoad: Game class is 'BP_MainLevel_GM_C'
[2022.02.04-15.32.09:500][498]LogWorld: Bringing World /Game/_Game/Maps/UEDPIE_0_MainLevel.MainLevel up for play (max tick rate 0) at 2022.02.04-16.32.09
[2022.02.04-15.32.09:500][498]LogWorld: Bringing up level for play took: 0.000500
[2022.02.04-15.32.09:500][498]LogOnline: OSS: Creating online subsystem instance for: :Context_5
[2022.02.04-15.32.09:504][498]LogNativeClassHierarchy: Verbose: Native class hierarchy updated for 'MovieSceneCapture' in 0.0003 seconds. Added 20 classes and 0 folders.
[2022.02.04-15.32.39:502][498]PIE: Server logged in
[2022.02.04-15.32.39:504][498]PIE: Play in editor total start time 30,347 seconds.
[2022.02.04-15.32.39:514][498]LogAudioMixer: Resetting audio stream to device id 
[2022.02.04-15.32.39:526][498]LogAudioMixer: Display: 0: FrontLeft
[2022.02.04-15.32.39:526][498]LogAudioMixer: Display: 1: FrontRight
[2022.02.04-15.32.39:526][498]LogAudioMixer: Display: 2: FrontCenter
[2022.02.04-15.32.39:527][498]LogAudioMixer: Display: 3: LowFrequency
[2022.02.04-15.32.39:527][498]LogAudioMixer: Display: 4: BackLeft
[2022.02.04-15.32.39:527][498]LogAudioMixer: Display: 5: BackRight
[2022.02.04-15.32.39:527][498]LogAudioMixer: Display: 6: SideLeft
[2022.02.04-15.32.39:527][498]LogAudioMixer: Display: 7: SideRight
[2022.02.04-15.32.39:867][498]LogAudioMixer: Resetting audio stream to device id 
[2022.02.04-15.32.39:875][498]LogAudioMixer: Display: 0: FrontLeft
[2022.02.04-15.32.39:876][498]LogAudioMixer: Display: 1: FrontRight
[2022.02.04-15.32.39:876][498]LogAudioMixer: Display: 2: FrontCenter
[2022.02.04-15.32.39:876][498]LogAudioMixer: Display: 3: LowFrequency
[2022.02.04-15.32.39:876][498]LogAudioMixer: Display: 4: BackLeft
[2022.02.04-15.32.39:876][498]LogAudioMixer: Display: 5: BackRight
[2022.02.04-15.32.39:876][498]LogAudioMixer: Display: 6: SideLeft
[2022.02.04-15.32.39:876][498]LogAudioMixer: Display: 7: SideRight
[2022.02.04-15.32.40:209][499]LogCharacterMovement: Warning: GetSimulationTimeStep() - Max iterations 8 hit while remaining time 0.091714 > MaxSimulationTimeStep (0.050) for 'BP_RunCharacter_C_0', movement 'Walking'
[2022.02.04-15.32.47:140][504]LogAudioMixer: Resetting audio stream to device id 
[2022.02.04-15.32.47:147][504]LogAudioMixer: Display: 0: FrontLeft
[2022.02.04-15.32.47:147][504]LogAudioMixer: Display: 1: FrontRight
[2022.02.04-15.32.47:148][504]LogAudioMixer: Display: 2: FrontCenter
[2022.02.04-15.32.47:148][504]LogAudioMixer: Display: 3: LowFrequency
[2022.02.04-15.32.47:148][504]LogAudioMixer: Display: 4: BackLeft
[2022.02.04-15.32.47:148][504]LogAudioMixer: Display: 5: BackRight
[2022.02.04-15.32.47:148][504]LogAudioMixer: Display: 6: SideLeft
[2022.02.04-15.32.47:148][504]LogAudioMixer: Display: 7: SideRight
[2022.02.04-15.32.47:456][504]LogAudioMixer: Resetting audio stream to device id 
[2022.02.04-15.32.47:464][504]LogAudioMixer: Display: 0: FrontLeft
[2022.02.04-15.32.47:464][504]LogAudioMixer: Display: 1: FrontRight
[2022.02.04-15.32.47:464][504]LogAudioMixer: Display: 2: FrontCenter
[2022.02.04-15.32.47:464][504]LogAudioMixer: Display: 3: LowFrequency
[2022.02.04-15.32.47:464][504]LogAudioMixer: Display: 4: BackLeft
[2022.02.04-15.32.47:464][504]LogAudioMixer: Display: 5: BackRight
[2022.02.04-15.32.47:464][504]LogAudioMixer: Display: 6: SideLeft
[2022.02.04-15.32.47:464][504]LogAudioMixer: Display: 7: SideRight
