Log file open, 02/04/22 22:25:16
LogWindows: Failed to load 'aqProf.dll' (GetLastError=126)
LogWindows: File 'aqProf.dll' does not exist
LogWindows: Failed to load 'VtuneApi.dll' (GetLastError=126)
LogWindows: File 'VtuneApi.dll' does not exist
LogWindows: Failed to load 'VtuneApi32e.dll' (GetLastError=126)
LogWindows: File 'VtuneApi32e.dll' does not exist
LogConsoleResponse: Display: Failed to find resolution value strings in scalability ini. Falling back to default.
LogConsoleResponse: Display: Failed to find resolution value strings in scalability ini. Falling back to default.
LogInit: Display: Running engine for game: Younglings
LogPlatformFile: Not using cached read wrapper
LogTaskGraph: Started task graph with 5 named threads and 35 total threads with 3 sets of task threads.
LogStats: Stats thread started at 0.257616
LogICUInternationalization: ICU TimeZone Detection - Raw Offset: +1:00, Platform Override: ''
LogInit: Display: Loading text-based GConfig....
LogPluginManager: Mounting plugin MeshPainting
LogPluginManager: Mounting plugin XGEController
LogPluginManager: Mounting plugin Paper2D
LogPluginManager: Mounting plugin AISupport
LogPluginManager: Mounting plugin LightPropagationVolume
LogPluginManager: Mounting plugin EnvironmentQueryEditor
LogPluginManager: Mounting plugin LiveLink
LogPluginManager: Mounting plugin CameraShakePreviewer
LogPluginManager: Mounting plugin OodleData
LogPluginManager: Mounting plugin GameplayCameras
LogPluginManager: Mounting plugin CLionSourceCodeAccess
LogPluginManager: Mounting plugin CodeLiteSourceCodeAccess
LogPluginManager: Mounting plugin OodleNetwork
LogPluginManager: Mounting plugin GitSourceControl
LogPluginManager: Mounting plugin NullSourceCodeAccess
LogPluginManager: Mounting plugin KDevelopSourceCodeAccess
LogPluginManager: Mounting plugin PerforceSourceControl
LogPluginManager: Mounting plugin PlasticSourceControl
LogPluginManager: Mounting plugin PixWinPlugin
LogPluginManager: Mounting plugin PluginUtils
LogPluginManager: Mounting plugin RiderLink
LogPluginManager: Mounting plugin PropertyAccessNode
LogPluginManager: Mounting plugin SubversionSourceControl
LogPluginManager: Mounting plugin UObjectPlugin
LogPluginManager: Mounting plugin VisualStudioSourceCodeAccess
LogPluginManager: Mounting plugin VisualStudioCodeSourceCodeAccess
LogPluginManager: Mounting plugin XCodeSourceCodeAccess
LogPluginManager: Mounting plugin TextureFormatOodle
LogPluginManager: Mounting plugin DatasmithContent
LogPluginManager: Mounting plugin AnimationSharing
LogPluginManager: Mounting plugin VariantManagerContent
LogPluginManager: Mounting plugin AssetManagerEditor
LogPluginManager: Mounting plugin CurveEditorTools
LogPluginManager: Mounting plugin RiderSourceCodeAccess
LogPluginManager: Mounting plugin DataValidation
LogPluginManager: Mounting plugin FacialAnimation
LogPluginManager: Mounting plugin GameplayTagsEditor
LogPluginManager: Mounting plugin GeometryMode
LogPluginManager: Mounting plugin AlembicImporter
LogPluginManager: Mounting plugin AutomationUtils
LogPluginManager: Mounting plugin BackChannel
LogPluginManager: Mounting plugin MacGraphicsSwitching
LogPluginManager: Mounting plugin MaterialAnalyzer
LogPluginManager: Mounting plugin MobileLauncherProfileWizard
LogPluginManager: Mounting plugin PluginBrowser
LogPluginManager: Mounting plugin CryptoKeys
LogPluginManager: Mounting plugin ChaosCloth
LogPluginManager: Mounting plugin SpeedTreeImporter
LogPluginManager: Mounting plugin ChaosNiagara
LogPluginManager: Mounting plugin ChaosClothEditor
LogPluginManager: Mounting plugin LuminPlatformFeatures
LogPluginManager: Mounting plugin ChaosSolverPlugin
LogPluginManager: Mounting plugin MagicLeap
LogPluginManager: Mounting plugin MagicLeapLightEstimation
LogPluginManager: Mounting plugin ChaosEditor
LogPluginManager: Mounting plugin Niagara
LogPluginManager: Mounting plugin MagicLeapMedia
LogPluginManager: Mounting plugin CharacterAI
LogPluginManager: Mounting plugin MagicLeapPassableWorld
LogPluginManager: Mounting plugin MLSDK
LogPluginManager: Mounting plugin GeometryCache
LogPluginManager: Mounting plugin GeometryCollectionPlugin
LogPluginManager: Mounting plugin GeometryProcessing
LogPluginManager: Mounting plugin MotoSynth
LogPluginManager: Mounting plugin OpenImageDenoise
LogPluginManager: Mounting plugin PlanarCut
LogPluginManager: Mounting plugin PlatformCrypto
LogPluginManager: Mounting plugin PythonScriptPlugin
LogPluginManager: Mounting plugin ProxyLODPlugin
LogPluginManager: Mounting plugin SkeletalReduction
LogPluginManager: Mounting plugin AndroidMedia
LogPluginManager: Mounting plugin AvfMedia
LogPluginManager: Mounting plugin ImgMedia
LogPluginManager: Mounting plugin MediaCompositing
LogPluginManager: Mounting plugin MediaPlayerEditor
LogPluginManager: Mounting plugin WebMMedia
LogPluginManager: Mounting plugin WmfMedia
LogPluginManager: Mounting plugin TcpMessaging
LogPluginManager: Mounting plugin ActorSequence
LogPluginManager: Mounting plugin UdpMessaging
LogPluginManager: Mounting plugin LevelSequenceEditor
LogPluginManager: Mounting plugin MatineeToLevelSequence
LogPluginManager: Mounting plugin TemplateSequence
LogPluginManager: Mounting plugin OnlineSubsystem
LogPluginManager: Mounting plugin OnlineSubsystemNull
LogPluginManager: Mounting plugin OnlineSubsystemUtils
LogPluginManager: Mounting plugin LauncherChunkInstaller
LogPluginManager: Mounting plugin ActorLayerUtilities
LogPluginManager: Mounting plugin AndroidDeviceProfileSelector
LogPluginManager: Mounting plugin AndroidMoviePlayer
LogPluginManager: Mounting plugin AndroidPermission
LogPluginManager: Mounting plugin AppleImageUtils
LogPluginManager: Mounting plugin AppleMoviePlayer
LogPluginManager: Mounting plugin AssetTags
LogPluginManager: Mounting plugin ArchVisCharacter
LogPluginManager: Mounting plugin AudioSynesthesia
LogPluginManager: Mounting plugin CableComponent
LogPluginManager: Mounting plugin AudioCapture
LogPluginManager: Mounting plugin ChunkDownloader
LogPluginManager: Mounting plugin CustomMeshComponent
LogPluginManager: Mounting plugin EditableMesh
LogPluginManager: Mounting plugin ExampleDeviceProfileSelector
LogPluginManager: Mounting plugin GoogleCloudMessaging
LogPluginManager: Mounting plugin GooglePAD
LogPluginManager: Mounting plugin IOSDeviceProfileSelector
LogPluginManager: Mounting plugin LinuxDeviceProfileSelector
LogPluginManager: Mounting plugin LocationServicesBPLibrary
LogPluginManager: Mounting plugin MobilePatchingUtils
LogPluginManager: Mounting plugin OpenXR
LogPluginManager: Mounting plugin OpenXREyeTracker
LogPluginManager: Mounting plugin OpenXRHandTracking
LogPluginManager: Mounting plugin PhysXVehicles
LogPluginManager: Mounting plugin ProceduralMeshComponent
LogPluginManager: Mounting plugin PostSplashScreen
LogPluginManager: Mounting plugin PropertyAccessEditor
LogPluginManager: Mounting plugin RuntimePhysXCooking
LogPluginManager: Mounting plugin SignificanceManager
LogPluginManager: Mounting plugin SoundFields
LogPluginManager: Mounting plugin Synthesis
LogPluginManager: Mounting plugin WebMMoviePlayer
LogPluginManager: Mounting plugin WindowsMoviePlayer
LogPluginManager: Mounting plugin ScreenshotTools
LogPluginManager: Mounting plugin Takes
LogPluginManager: Mounting plugin ContentBrowserAssetDataSource
LogPluginManager: Mounting plugin ContentBrowserClassDataSource
LogPluginManager: Mounting plugin ContentBrowserFileDataSource
LogPluginManager: Mounting plugin OnlineSubsystemGooglePlay
LogPluginManager: Mounting plugin OnlineSubsystemIOS
LogPluginManager: Mounting plugin OculusVR
LogPluginManager: Mounting plugin SteamVR
PixWinPlugin: PIX capture plugin failed to initialize! Check that the process is launched from PIX.
LogInit: Using libcurl 7.55.1-DEV
LogInit:  - built for x86_64-pc-win32
LogInit:  - supports SSL with OpenSSL/1.1.1
LogInit:  - supports HTTP deflate (compression) using libz 1.2.8
LogInit:  - other features:
LogInit:      CURL_VERSION_SSL
LogInit:      CURL_VERSION_LIBZ
LogInit:      CURL_VERSION_IPV6
LogInit:      CURL_VERSION_ASYNCHDNS
LogInit:      CURL_VERSION_LARGEFILE
LogInit:      CURL_VERSION_IDN
LogInit:  CurlRequestOptions (configurable via config and command line):
LogInit:  - bVerifyPeer = true  - Libcurl will verify peer certificate
LogInit:  - bUseHttpProxy = false  - Libcurl will NOT use HTTP proxy
LogInit:  - bDontReuseConnections = false  - Libcurl will reuse connections
LogInit:  - MaxHostConnections = 16  - Libcurl will limit the number of connections to a host
LogInit:  - LocalHostAddr = Default
LogInit:  - BufferSize = 65536
LogOnline: OSS: Creating online subsystem instance for: NULL
LogInit: WinSock: version 1.1 (2.2), MaxSocks=32767, MaxUdp=65467
LogOnline: OSS: TryLoadSubsystemAndSetDefault: Loaded subsystem for module [NULL]
LogOculusPluginWrapper: OculusPlugin initialized successfully
LogHMD: Failed initializing OVRPlugin 1.59.0
LogInit: Build: ++UE4+Release-4.27-CL-18319896
LogInit: Engine Version: 4.27.2-18319896+++UE4+Release-4.27
LogInit: Compatible Engine Version: 4.27.0-17155196+++UE4+Release-4.27
LogInit: Net CL: 17155196
LogInit: OS: Windows 10 (Release 2009) (), CPU: Intel(R) Core(TM) i7-10750H CPU @ 2.60GHz, GPU: Intel(R) UHD Graphics
LogInit: Compiled (64-bit): Nov 30 2021 07:12:08
LogInit: Compiled with Visual C++: 19.24.28315.00
LogInit: Build Configuration: Development
LogInit: Branch Name: ++UE4+Release-4.27
LogInit: Command Line:  -skipcompile
LogInit: Base Directory: C:/EpicGames/UE_4.27/Engine/Binaries/Win64/
LogInit: Allocator: TBB
LogInit: Installed Engine Build: 1
LogDevObjectVersion: Number of dev versions registered: 29
LogDevObjectVersion:   Dev-Blueprints (B0D832E4-1F89-4F0D-ACCF-7EB736FD4AA2): 10
LogDevObjectVersion:   Dev-Build (E1C64328-A22C-4D53-A36C-8E866417BD8C): 0
LogDevObjectVersion:   Dev-Core (375EC13C-06E4-48FB-B500-84F0262A717E): 4
LogDevObjectVersion:   Dev-Editor (E4B068ED-F494-42E9-A231-DA0B2E46BB41): 40
LogDevObjectVersion:   Dev-Framework (CFFC743F-43B0-4480-9391-14DF171D2073): 37
LogDevObjectVersion:   Dev-Mobile (B02B49B5-BB20-44E9-A304-32B752E40360): 3
LogDevObjectVersion:   Dev-Networking (A4E4105C-59A1-49B5-A7C5-40C4547EDFEE): 0
LogDevObjectVersion:   Dev-Online (39C831C9-5AE6-47DC-9A44-9C173E1C8E7C): 0
LogDevObjectVersion:   Dev-Physics (78F01B33-EBEA-4F98-B9B4-84EACCB95AA2): 14
LogDevObjectVersion:   Dev-Platform (6631380F-2D4D-43E0-8009-CF276956A95A): 0
LogDevObjectVersion:   Dev-Rendering (12F88B9F-8875-4AFC-A67C-D90C383ABD29): 45
LogDevObjectVersion:   Dev-Sequencer (7B5AE74C-D270-4C10-A958-57980B212A5A): 13
LogDevObjectVersion:   Dev-VR (D7296918-1DD6-4BDD-9DE2-64A83CC13884): 3
LogDevObjectVersion:   Dev-LoadTimes (C2A15278-BFE7-4AFE-6C17-90FF531DF755): 1
LogDevObjectVersion:   Private-Geometry (6EACA3D4-40EC-4CC1-B786-8BED09428FC5): 3
LogDevObjectVersion:   Dev-AnimPhys (29E575DD-E0A3-4627-9D10-D276232CDCEA): 17
LogDevObjectVersion:   Dev-Anim (AF43A65D-7FD3-4947-9873-3E8ED9C1BB05): 15
LogDevObjectVersion:   Dev-ReflectionCapture (6B266CEC-1EC7-4B8F-A30B-E4D90942FC07): 1
LogDevObjectVersion:   Dev-Automation (0DF73D61-A23F-47EA-B727-89E90C41499A): 1
LogDevObjectVersion:   FortniteMain (601D1886-AC64-4F84-AA16-D3DE0DEAC7D6): 47
LogDevObjectVersion:   FortniteRelease (E7086368-6B23-4C58-8439-1B7016265E91): 1
LogDevObjectVersion:   Dev-Enterprise (9DFFBCD6-494F-0158-E221-12823C92A888): 10
LogDevObjectVersion:   Dev-Niagara (F2AED0AC-9AFE-416F-8664-AA7FFA26D6FC): 1
LogDevObjectVersion:   Dev-Destruction (174F1F0B-B4C6-45A5-B13F-2EE8D0FB917D): 10
LogDevObjectVersion:   Dev-Physics-Ext (35F94A83-E258-406C-A318-09F59610247C): 41
LogDevObjectVersion:   Dev-PhysicsMaterial-Chaos (B68FC16E-8B1B-42E2-B453-215C058844FE): 1
LogDevObjectVersion:   Dev-CineCamera (B2E18506-4273-CFC2-A54E-F4BB758BBA07): 1
LogDevObjectVersion:   Dev-VirtualProduction (64F58936-FD1B-42BA-BA96-7289D5D0FA4E): 1
LogDevObjectVersion:   Dev-MediaFramework (6F0ED827-A609-4895-9C91-998D90180EA4): 2
LogInit: Presizing for max 25165824 objects, including 0 objects not considered by GC, pre-allocating 0 bytes for permanent pool.
LogConfig: Applying CVar settings from Section [/Script/Engine.StreamingSettings] File [C:/HTW/5.Semester/Vertiefung der Programmierung/Projekt/Younglings/Saved/Config/Windows/Engine.ini]
LogConfig: Setting CVar [[s.MinBulkDataSizeForAsyncLoading:131072]]
LogConfig: Setting CVar [[s.AsyncLoadingThreadEnabled:0]]
LogConfig: Setting CVar [[s.EventDrivenLoaderEnabled:1]]
LogConfig: Setting CVar [[s.WarnIfTimeLimitExceeded:0]]
LogConfig: Setting CVar [[s.TimeLimitExceededMultiplier:1.5]]
LogConfig: Setting CVar [[s.TimeLimitExceededMinTime:0.005]]
LogConfig: Setting CVar [[s.UseBackgroundLevelStreaming:1]]
LogConfig: Setting CVar [[s.PriorityAsyncLoadingExtraTime:15.0]]
LogConfig: Setting CVar [[s.LevelStreamingActorsUpdateTimeLimit:5.0]]
LogConfig: Setting CVar [[s.PriorityLevelStreamingActorsUpdateExtraTime:5.0]]
LogConfig: Setting CVar [[s.LevelStreamingComponentsRegistrationGranularity:10]]
LogConfig: Setting CVar [[s.UnregisterComponentsTimeLimit:1.0]]
LogConfig: Setting CVar [[s.LevelStreamingComponentsUnregistrationGranularity:5]]
LogConfig: Setting CVar [[s.FlushStreamingOnExit:1]]
LogInit: Object subsystem initialized
LogConfig: Setting CVar [[con.DebugEarlyDefault:1]]
LogConfig: Setting CVar [[r.setres:1280x720]]
[2022.02.04-21.25.18:059][  0]LogConfig: Setting CVar [[r.VSync:0]]
[2022.02.04-21.25.18:059][  0]LogConfig: Setting CVar [[r.RHICmdBypass:0]]
[2022.02.04-21.25.18:059][  0]LogConfig: Applying CVar settings from Section [/Script/Engine.RendererSettings] File [C:/HTW/5.Semester/Vertiefung der Programmierung/Projekt/Younglings/Saved/Config/Windows/Engine.ini]
[2022.02.04-21.25.18:059][  0]LogConfig: Setting CVar [[r.GPUCrashDebugging:0]]
[2022.02.04-21.25.18:059][  0]LogConfig: Applying CVar settings from Section [/Script/Engine.RendererOverrideSettings] File [C:/HTW/5.Semester/Vertiefung der Programmierung/Projekt/Younglings/Saved/Config/Windows/Engine.ini]
[2022.02.04-21.25.18:059][  0]LogConfig: Applying CVar settings from Section [/Script/Engine.StreamingSettings] File [C:/HTW/5.Semester/Vertiefung der Programmierung/Projekt/Younglings/Saved/Config/Windows/Engine.ini]
[2022.02.04-21.25.18:059][  0]LogConfig: Setting CVar [[s.MinBulkDataSizeForAsyncLoading:131072]]
[2022.02.04-21.25.18:059][  0]LogConfig: Setting CVar [[s.AsyncLoadingThreadEnabled:0]]
[2022.02.04-21.25.18:059][  0]LogConfig: Setting CVar [[s.EventDrivenLoaderEnabled:1]]
[2022.02.04-21.25.18:059][  0]LogConfig: Setting CVar [[s.WarnIfTimeLimitExceeded:0]]
[2022.02.04-21.25.18:059][  0]LogConfig: Setting CVar [[s.TimeLimitExceededMultiplier:1.5]]
[2022.02.04-21.25.18:059][  0]LogConfig: Setting CVar [[s.TimeLimitExceededMinTime:0.005]]
[2022.02.04-21.25.18:059][  0]LogConfig: Setting CVar [[s.UseBackgroundLevelStreaming:1]]
[2022.02.04-21.25.18:059][  0]LogConfig: Setting CVar [[s.PriorityAsyncLoadingExtraTime:15.0]]
[2022.02.04-21.25.18:060][  0]LogConfig: Setting CVar [[s.LevelStreamingActorsUpdateTimeLimit:5.0]]
[2022.02.04-21.25.18:060][  0]LogConfig: Setting CVar [[s.PriorityLevelStreamingActorsUpdateExtraTime:5.0]]
[2022.02.04-21.25.18:060][  0]LogConfig: Setting CVar [[s.LevelStreamingComponentsRegistrationGranularity:10]]
[2022.02.04-21.25.18:060][  0]LogConfig: Setting CVar [[s.UnregisterComponentsTimeLimit:1.0]]
[2022.02.04-21.25.18:060][  0]LogConfig: Setting CVar [[s.LevelStreamingComponentsUnregistrationGranularity:5]]
[2022.02.04-21.25.18:060][  0]LogConfig: Setting CVar [[s.FlushStreamingOnExit:1]]
[2022.02.04-21.25.18:060][  0]LogConfig: Applying CVar settings from Section [/Script/Engine.GarbageCollectionSettings] File [C:/HTW/5.Semester/Vertiefung der Programmierung/Projekt/Younglings/Saved/Config/Windows/Engine.ini]
[2022.02.04-21.25.18:060][  0]LogConfig: Setting CVar [[gc.MaxObjectsNotConsideredByGC:1]]
[2022.02.04-21.25.18:060][  0]LogConfig: Setting CVar [[gc.SizeOfPermanentObjectPool:0]]
[2022.02.04-21.25.18:060][  0]LogConfig: Setting CVar [[gc.FlushStreamingOnGC:0]]
[2022.02.04-21.25.18:060][  0]LogConfig: Setting CVar [[gc.NumRetriesBeforeForcingGC:10]]
[2022.02.04-21.25.18:060][  0]LogConfig: Setting CVar [[gc.AllowParallelGC:1]]
[2022.02.04-21.25.18:060][  0]LogConfig: Setting CVar [[gc.TimeBetweenPurgingPendingKillObjects:61.1]]
[2022.02.04-21.25.18:060][  0]LogConfig: Setting CVar [[gc.MaxObjectsInEditor:25165824]]
[2022.02.04-21.25.18:060][  0]LogConfig: Setting CVar [[gc.IncrementalBeginDestroyEnabled:1]]
[2022.02.04-21.25.18:060][  0]LogConfig: Setting CVar [[gc.CreateGCClusters:1]]
[2022.02.04-21.25.18:060][  0]LogConfig: Setting CVar [[gc.MinGCClusterSize:5]]
[2022.02.04-21.25.18:060][  0]LogConfig: Setting CVar [[gc.ActorClusteringEnabled:0]]
[2022.02.04-21.25.18:060][  0]LogConfig: Setting CVar [[gc.BlueprintClusteringEnabled:0]]
[2022.02.04-21.25.18:061][  0]LogConfig: Setting CVar [[gc.UseDisregardForGCOnDedicatedServers:0]]
[2022.02.04-21.25.18:061][  0]LogConfig: Setting CVar [[gc.MultithreadedDestructionEnabled:1]]
[2022.02.04-21.25.18:061][  0]LogConfig: Applying CVar settings from Section [/Script/Engine.NetworkSettings] File [C:/HTW/5.Semester/Vertiefung der Programmierung/Projekt/Younglings/Saved/Config/Windows/Engine.ini]
[2022.02.04-21.25.18:061][  0]LogConfig: Applying CVar settings from Section [/Script/UnrealEd.CookerSettings] File [C:/HTW/5.Semester/Vertiefung der Programmierung/Projekt/Younglings/Saved/Config/Windows/Engine.ini]
[2022.02.04-21.25.18:078][  0]LogConfig: Applying CVar settings from Section [ViewDistanceQuality@3] File [C:/HTW/5.Semester/Vertiefung der Programmierung/Projekt/Younglings/Saved/Config/Windows/Scalability.ini]
[2022.02.04-21.25.18:078][  0]LogConfig: Setting CVar [[r.SkeletalMeshLODBias:0]]
[2022.02.04-21.25.18:079][  0]LogConfig: Setting CVar [[r.ViewDistanceScale:1.0]]
[2022.02.04-21.25.18:079][  0]LogConfig: Applying CVar settings from Section [AntiAliasingQuality@3] File [C:/HTW/5.Semester/Vertiefung der Programmierung/Projekt/Younglings/Saved/Config/Windows/Scalability.ini]
[2022.02.04-21.25.18:079][  0]LogConfig: Setting CVar [[r.PostProcessAAQuality:4]]
[2022.02.04-21.25.18:079][  0]LogConfig: Applying CVar settings from Section [ShadowQuality@3] File [C:/HTW/5.Semester/Vertiefung der Programmierung/Projekt/Younglings/Saved/Config/Windows/Scalability.ini]
[2022.02.04-21.25.18:079][  0]LogConfig: Setting CVar [[r.LightFunctionQuality:1]]
[2022.02.04-21.25.18:079][  0]LogConfig: Setting CVar [[r.ShadowQuality:5]]
[2022.02.04-21.25.18:079][  0]LogConfig: Setting CVar [[r.Shadow.CSM.MaxCascades:10]]
[2022.02.04-21.25.18:079][  0]LogConfig: Setting CVar [[r.Shadow.MaxResolution:2048]]
[2022.02.04-21.25.18:079][  0]LogConfig: Setting CVar [[r.Shadow.MaxCSMResolution:2048]]
[2022.02.04-21.25.18:079][  0]LogConfig: Setting CVar [[r.Shadow.RadiusThreshold:0.01]]
[2022.02.04-21.25.18:079][  0]LogConfig: Setting CVar [[r.Shadow.DistanceScale:1.0]]
[2022.02.04-21.25.18:079][  0]LogConfig: Setting CVar [[r.Shadow.CSM.TransitionScale:1.0]]
[2022.02.04-21.25.18:079][  0]LogConfig: Setting CVar [[r.Shadow.PreShadowResolutionFactor:1.0]]
[2022.02.04-21.25.18:079][  0]LogConfig: Setting CVar [[r.DistanceFieldShadowing:1]]
[2022.02.04-21.25.18:079][  0]LogConfig: Setting CVar [[r.DistanceFieldAO:1]]
[2022.02.04-21.25.18:079][  0]LogConfig: Setting CVar [[r.AOQuality:2]]
[2022.02.04-21.25.18:079][  0]LogConfig: Setting CVar [[r.VolumetricFog:1]]
[2022.02.04-21.25.18:080][  0]LogConfig: Setting CVar [[r.VolumetricFog.GridPixelSize:8]]
[2022.02.04-21.25.18:080][  0]LogConfig: Setting CVar [[r.VolumetricFog.GridSizeZ:128]]
[2022.02.04-21.25.18:080][  0]LogConfig: Setting CVar [[r.VolumetricFog.HistoryMissSupersampleCount:4]]
[2022.02.04-21.25.18:080][  0]LogConfig: Setting CVar [[r.LightMaxDrawDistanceScale:1]]
[2022.02.04-21.25.18:080][  0]LogConfig: Setting CVar [[r.CapsuleShadows:1]]
[2022.02.04-21.25.18:080][  0]LogConfig: Applying CVar settings from Section [PostProcessQuality@3] File [C:/HTW/5.Semester/Vertiefung der Programmierung/Projekt/Younglings/Saved/Config/Windows/Scalability.ini]
[2022.02.04-21.25.18:080][  0]LogConfig: Setting CVar [[r.MotionBlurQuality:4]]
[2022.02.04-21.25.18:080][  0]LogConfig: Setting CVar [[r.AmbientOcclusionMipLevelFactor:0.4]]
[2022.02.04-21.25.18:080][  0]LogConfig: Setting CVar [[r.AmbientOcclusionMaxQuality:100]]
[2022.02.04-21.25.18:080][  0]LogConfig: Setting CVar [[r.AmbientOcclusionLevels:-1]]
[2022.02.04-21.25.18:080][  0]LogConfig: Setting CVar [[r.AmbientOcclusionRadiusScale:1.0]]
[2022.02.04-21.25.18:080][  0]LogConfig: Setting CVar [[r.DepthOfFieldQuality:2]]
[2022.02.04-21.25.18:080][  0]LogConfig: Setting CVar [[r.RenderTargetPoolMin:400]]
[2022.02.04-21.25.18:080][  0]LogConfig: Setting CVar [[r.LensFlareQuality:2]]
[2022.02.04-21.25.18:080][  0]LogConfig: Setting CVar [[r.SceneColorFringeQuality:1]]
[2022.02.04-21.25.18:080][  0]LogConfig: Setting CVar [[r.EyeAdaptationQuality:2]]
[2022.02.04-21.25.18:080][  0]LogConfig: Setting CVar [[r.BloomQuality:5]]
[2022.02.04-21.25.18:080][  0]LogConfig: Setting CVar [[r.FastBlurThreshold:100]]
[2022.02.04-21.25.18:080][  0]LogConfig: Setting CVar [[r.Upscale.Quality:3]]
[2022.02.04-21.25.18:080][  0]LogConfig: Setting CVar [[r.Tonemapper.GrainQuantization:1]]
[2022.02.04-21.25.18:081][  0]LogConfig: Setting CVar [[r.LightShaftQuality:1]]
[2022.02.04-21.25.18:081][  0]LogConfig: Setting CVar [[r.Filter.SizeScale:1]]
[2022.02.04-21.25.18:081][  0]LogConfig: Setting CVar [[r.Tonemapper.Quality:5]]
[2022.02.04-21.25.18:081][  0]LogConfig: Setting CVar [[r.DOF.Gather.AccumulatorQuality:1        ; higher gathering accumulator quality]]
[2022.02.04-21.25.18:081][  0]LogConfig: Setting CVar [[r.DOF.Gather.PostfilterMethod:1          ; Median3x3 postfilering method]]
[2022.02.04-21.25.18:081][  0]LogConfig: Setting CVar [[r.DOF.Gather.EnableBokehSettings:0       ; no bokeh simulation when gathering]]
[2022.02.04-21.25.18:081][  0]LogConfig: Setting CVar [[r.DOF.Gather.RingCount:4                 ; medium number of samples when gathering]]
[2022.02.04-21.25.18:081][  0]LogConfig: Setting CVar [[r.DOF.Scatter.ForegroundCompositing:1    ; additive foreground scattering]]
[2022.02.04-21.25.18:081][  0]LogConfig: Setting CVar [[r.DOF.Scatter.BackgroundCompositing:2    ; additive background scattering]]
[2022.02.04-21.25.18:081][  0]LogConfig: Setting CVar [[r.DOF.Scatter.EnableBokehSettings:1      ; bokeh simulation when scattering]]
[2022.02.04-21.25.18:081][  0]LogConfig: Setting CVar [[r.DOF.Scatter.MaxSpriteRatio:0.1         ; only a maximum of 10% of scattered bokeh]]
[2022.02.04-21.25.18:081][  0]LogConfig: Setting CVar [[r.DOF.Recombine.Quality:1                ; cheap slight out of focus]]
[2022.02.04-21.25.18:081][  0]LogConfig: Setting CVar [[r.DOF.Recombine.EnableBokehSettings:0    ; no bokeh simulation on slight out of focus]]
[2022.02.04-21.25.18:081][  0]LogConfig: Setting CVar [[r.DOF.TemporalAAQuality:1                ; more stable temporal accumulation]]
[2022.02.04-21.25.18:081][  0]LogConfig: Setting CVar [[r.DOF.Kernel.MaxForegroundRadius:0.025]]
[2022.02.04-21.25.18:081][  0]LogConfig: Setting CVar [[r.DOF.Kernel.MaxBackgroundRadius:0.025]]
[2022.02.04-21.25.18:081][  0]LogConfig: Applying CVar settings from Section [TextureQuality@3] File [C:/HTW/5.Semester/Vertiefung der Programmierung/Projekt/Younglings/Saved/Config/Windows/Scalability.ini]
[2022.02.04-21.25.18:081][  0]LogConfig: Setting CVar [[r.Streaming.MipBias:0]]
[2022.02.04-21.25.18:081][  0]LogConfig: Setting CVar [[r.Streaming.AmortizeCPUToGPUCopy:0]]
[2022.02.04-21.25.18:081][  0]LogConfig: Setting CVar [[r.Streaming.MaxNumTexturesToStreamPerFrame:0]]
[2022.02.04-21.25.18:081][  0]LogConfig: Setting CVar [[r.Streaming.Boost:1]]
[2022.02.04-21.25.18:082][  0]LogConfig: Setting CVar [[r.MaxAnisotropy:8]]
[2022.02.04-21.25.18:082][  0]LogConfig: Setting CVar [[r.VT.MaxAnisotropy:8]]
[2022.02.04-21.25.18:082][  0]LogConfig: Setting CVar [[r.Streaming.LimitPoolSizeToVRAM:0]]
[2022.02.04-21.25.18:082][  0]LogConfig: Setting CVar [[r.Streaming.PoolSize:1000]]
[2022.02.04-21.25.18:082][  0]LogConfig: Setting CVar [[r.Streaming.MaxEffectiveScreenSize:0]]
[2022.02.04-21.25.18:082][  0]LogConfig: Applying CVar settings from Section [EffectsQuality@3] File [C:/HTW/5.Semester/Vertiefung der Programmierung/Projekt/Younglings/Saved/Config/Windows/Scalability.ini]
[2022.02.04-21.25.18:082][  0]LogConfig: Setting CVar [[r.TranslucencyLightingVolumeDim:64]]
[2022.02.04-21.25.18:082][  0]LogConfig: Setting CVar [[r.RefractionQuality:2]]
[2022.02.04-21.25.18:082][  0]LogConfig: Setting CVar [[r.SSR.Quality:3]]
[2022.02.04-21.25.18:082][  0]LogConfig: Setting CVar [[r.SSR.HalfResSceneColor:0]]
[2022.02.04-21.25.18:082][  0]LogConfig: Setting CVar [[r.SceneColorFormat:4]]
[2022.02.04-21.25.18:082][  0]LogConfig: Setting CVar [[r.DetailMode:2]]
[2022.02.04-21.25.18:082][  0]LogConfig: Setting CVar [[r.TranslucencyVolumeBlur:1]]
[2022.02.04-21.25.18:082][  0]LogConfig: Setting CVar [[r.MaterialQualityLevel:1 ; High quality]]
[2022.02.04-21.25.18:082][  0]LogConfig: Setting CVar [[r.AnisotropicMaterials:1]]
[2022.02.04-21.25.18:082][  0]LogConfig: Setting CVar [[r.SSS.Scale:1]]
[2022.02.04-21.25.18:082][  0]LogConfig: Setting CVar [[r.SSS.SampleSet:2]]
[2022.02.04-21.25.18:082][  0]LogConfig: Setting CVar [[r.SSS.Quality:1]]
[2022.02.04-21.25.18:082][  0]LogConfig: Setting CVar [[r.SSS.HalfRes:0]]
[2022.02.04-21.25.18:082][  0]LogConfig: Setting CVar [[r.SSGI.Quality:3]]
[2022.02.04-21.25.18:082][  0]LogConfig: Setting CVar [[r.EmitterSpawnRateScale:1.0]]
[2022.02.04-21.25.18:083][  0]LogConfig: Setting CVar [[r.ParticleLightQuality:2]]
[2022.02.04-21.25.18:083][  0]LogConfig: Setting CVar [[r.SkyAtmosphere.AerialPerspectiveLUT.FastApplyOnOpaque:1 ; Always have FastSkyLUT 1 in this case to avoid wrong sky]]
[2022.02.04-21.25.18:083][  0]LogConfig: Setting CVar [[r.SkyAtmosphere.AerialPerspectiveLUT.SampleCountMaxPerSlice:4]]
[2022.02.04-21.25.18:083][  0]LogConfig: Setting CVar [[r.SkyAtmosphere.AerialPerspectiveLUT.DepthResolution:16.0]]
[2022.02.04-21.25.18:083][  0]LogConfig: Setting CVar [[r.SkyAtmosphere.FastSkyLUT:1]]
[2022.02.04-21.25.18:083][  0]LogConfig: Setting CVar [[r.SkyAtmosphere.FastSkyLUT.SampleCountMin:4.0]]
[2022.02.04-21.25.18:083][  0]LogConfig: Setting CVar [[r.SkyAtmosphere.FastSkyLUT.SampleCountMax:128.0]]
[2022.02.04-21.25.18:083][  0]LogConfig: Setting CVar [[r.SkyAtmosphere.SampleCountMin:4.0]]
[2022.02.04-21.25.18:083][  0]LogConfig: Setting CVar [[r.SkyAtmosphere.SampleCountMax:128.0]]
[2022.02.04-21.25.18:083][  0]LogConfig: Setting CVar [[r.SkyAtmosphere.TransmittanceLUT.UseSmallFormat:0]]
[2022.02.04-21.25.18:083][  0]LogConfig: Setting CVar [[r.SkyAtmosphere.TransmittanceLUT.SampleCount:10.0]]
[2022.02.04-21.25.18:083][  0]LogConfig: Setting CVar [[r.SkyAtmosphere.MultiScatteringLUT.SampleCount:15.0]]
[2022.02.04-21.25.18:083][  0]LogConfig: Setting CVar [[r.SkyLight.RealTimeReflectionCapture:1]]
[2022.02.04-21.25.18:083][  0]LogConfig: Applying CVar settings from Section [FoliageQuality@3] File [C:/HTW/5.Semester/Vertiefung der Programmierung/Projekt/Younglings/Saved/Config/Windows/Scalability.ini]
[2022.02.04-21.25.18:083][  0]LogConfig: Setting CVar [[foliage.DensityScale:1.0]]
[2022.02.04-21.25.18:083][  0]LogConfig: Setting CVar [[grass.DensityScale:1.0]]
[2022.02.04-21.25.18:083][  0]LogConfig: Applying CVar settings from Section [ShadingQuality@3] File [C:/HTW/5.Semester/Vertiefung der Programmierung/Projekt/Younglings/Saved/Config/Windows/Scalability.ini]
[2022.02.04-21.25.18:083][  0]LogConfig: Setting CVar [[r.HairStrands.SkyLighting.IntegrationType:2]]
[2022.02.04-21.25.18:083][  0]LogConfig: Setting CVar [[r.HairStrands.SkyAO.SampleCount:4]]
[2022.02.04-21.25.18:083][  0]LogConfig: Setting CVar [[r.HairStrands.Visibility.MSAA.SamplePerPixel:4]]
[2022.02.04-21.25.18:084][  0]LogInit: Selected Device Profile: [Windows]
[2022.02.04-21.25.18:084][  0]LogInit: Applying CVar settings loaded from the selected device profile: [Windows]
[2022.02.04-21.25.18:084][  0]LogHAL: Display: Platform has ~ 16 GB [16993697792 / 17179869184 / 16], which maps to Larger [LargestMinGB=32, LargerMinGB=12, DefaultMinGB=8, SmallerMinGB=6, SmallestMinGB=0)
[2022.02.04-21.25.18:084][  0]LogInit: Going up to parent DeviceProfile []
[2022.02.04-21.25.18:084][  0]LogConfig: Applying CVar settings from Section [ViewDistanceQuality@3] File [C:/HTW/5.Semester/Vertiefung der Programmierung/Projekt/Younglings/Saved/Config/Windows/Scalability.ini]
[2022.02.04-21.25.18:084][  0]LogConfig: Setting CVar [[r.SkeletalMeshLODBias:0]]
[2022.02.04-21.25.18:084][  0]LogConfig: Setting CVar [[r.ViewDistanceScale:1.0]]
[2022.02.04-21.25.18:084][  0]LogConfig: Applying CVar settings from Section [AntiAliasingQuality@3] File [C:/HTW/5.Semester/Vertiefung der Programmierung/Projekt/Younglings/Saved/Config/Windows/Scalability.ini]
[2022.02.04-21.25.18:084][  0]LogConfig: Setting CVar [[r.PostProcessAAQuality:4]]
[2022.02.04-21.25.18:084][  0]LogConfig: Applying CVar settings from Section [ShadowQuality@3] File [C:/HTW/5.Semester/Vertiefung der Programmierung/Projekt/Younglings/Saved/Config/Windows/Scalability.ini]
[2022.02.04-21.25.18:084][  0]LogConfig: Setting CVar [[r.LightFunctionQuality:1]]
[2022.02.04-21.25.18:084][  0]LogConfig: Setting CVar [[r.ShadowQuality:5]]
[2022.02.04-21.25.18:084][  0]LogConfig: Setting CVar [[r.Shadow.CSM.MaxCascades:10]]
[2022.02.04-21.25.18:084][  0]LogConfig: Setting CVar [[r.Shadow.MaxResolution:2048]]
[2022.02.04-21.25.18:084][  0]LogConfig: Setting CVar [[r.Shadow.MaxCSMResolution:2048]]
[2022.02.04-21.25.18:084][  0]LogConfig: Setting CVar [[r.Shadow.RadiusThreshold:0.01]]
[2022.02.04-21.25.18:084][  0]LogConfig: Setting CVar [[r.Shadow.DistanceScale:1.0]]
[2022.02.04-21.25.18:085][  0]LogConfig: Setting CVar [[r.Shadow.CSM.TransitionScale:1.0]]
[2022.02.04-21.25.18:085][  0]LogConfig: Setting CVar [[r.Shadow.PreShadowResolutionFactor:1.0]]
[2022.02.04-21.25.18:085][  0]LogConfig: Setting CVar [[r.DistanceFieldShadowing:1]]
[2022.02.04-21.25.18:085][  0]LogConfig: Setting CVar [[r.DistanceFieldAO:1]]
[2022.02.04-21.25.18:085][  0]LogConfig: Setting CVar [[r.AOQuality:2]]
[2022.02.04-21.25.18:085][  0]LogConfig: Setting CVar [[r.VolumetricFog:1]]
[2022.02.04-21.25.18:085][  0]LogConfig: Setting CVar [[r.VolumetricFog.GridPixelSize:8]]
[2022.02.04-21.25.18:085][  0]LogConfig: Setting CVar [[r.VolumetricFog.GridSizeZ:128]]
[2022.02.04-21.25.18:085][  0]LogConfig: Setting CVar [[r.VolumetricFog.HistoryMissSupersampleCount:4]]
[2022.02.04-21.25.18:085][  0]LogConfig: Setting CVar [[r.LightMaxDrawDistanceScale:1]]
[2022.02.04-21.25.18:085][  0]LogConfig: Setting CVar [[r.CapsuleShadows:1]]
[2022.02.04-21.25.18:085][  0]LogConfig: Applying CVar settings from Section [PostProcessQuality@3] File [C:/HTW/5.Semester/Vertiefung der Programmierung/Projekt/Younglings/Saved/Config/Windows/Scalability.ini]
[2022.02.04-21.25.18:085][  0]LogConfig: Setting CVar [[r.MotionBlurQuality:4]]
[2022.02.04-21.25.18:085][  0]LogConfig: Setting CVar [[r.AmbientOcclusionMipLevelFactor:0.4]]
[2022.02.04-21.25.18:085][  0]LogConfig: Setting CVar [[r.AmbientOcclusionMaxQuality:100]]
[2022.02.04-21.25.18:085][  0]LogConfig: Setting CVar [[r.AmbientOcclusionLevels:-1]]
[2022.02.04-21.25.18:085][  0]LogConfig: Setting CVar [[r.AmbientOcclusionRadiusScale:1.0]]
[2022.02.04-21.25.18:085][  0]LogConfig: Setting CVar [[r.DepthOfFieldQuality:2]]
[2022.02.04-21.25.18:085][  0]LogConfig: Setting CVar [[r.RenderTargetPoolMin:400]]
[2022.02.04-21.25.18:085][  0]LogConfig: Setting CVar [[r.LensFlareQuality:2]]
[2022.02.04-21.25.18:086][  0]LogConfig: Setting CVar [[r.SceneColorFringeQuality:1]]
[2022.02.04-21.25.18:086][  0]LogConfig: Setting CVar [[r.EyeAdaptationQuality:2]]
[2022.02.04-21.25.18:086][  0]LogConfig: Setting CVar [[r.BloomQuality:5]]
[2022.02.04-21.25.18:086][  0]LogConfig: Setting CVar [[r.FastBlurThreshold:100]]
[2022.02.04-21.25.18:086][  0]LogConfig: Setting CVar [[r.Upscale.Quality:3]]
[2022.02.04-21.25.18:086][  0]LogConfig: Setting CVar [[r.Tonemapper.GrainQuantization:1]]
[2022.02.04-21.25.18:086][  0]LogConfig: Setting CVar [[r.LightShaftQuality:1]]
[2022.02.04-21.25.18:086][  0]LogConfig: Setting CVar [[r.Filter.SizeScale:1]]
[2022.02.04-21.25.18:086][  0]LogConfig: Setting CVar [[r.Tonemapper.Quality:5]]
[2022.02.04-21.25.18:086][  0]LogConfig: Setting CVar [[r.DOF.Gather.AccumulatorQuality:1        ; higher gathering accumulator quality]]
[2022.02.04-21.25.18:086][  0]LogConfig: Setting CVar [[r.DOF.Gather.PostfilterMethod:1          ; Median3x3 postfilering method]]
[2022.02.04-21.25.18:086][  0]LogConfig: Setting CVar [[r.DOF.Gather.EnableBokehSettings:0       ; no bokeh simulation when gathering]]
[2022.02.04-21.25.18:086][  0]LogConfig: Setting CVar [[r.DOF.Gather.RingCount:4                 ; medium number of samples when gathering]]
[2022.02.04-21.25.18:086][  0]LogConfig: Setting CVar [[r.DOF.Scatter.ForegroundCompositing:1    ; additive foreground scattering]]
[2022.02.04-21.25.18:086][  0]LogConfig: Setting CVar [[r.DOF.Scatter.BackgroundCompositing:2    ; additive background scattering]]
[2022.02.04-21.25.18:086][  0]LogConfig: Setting CVar [[r.DOF.Scatter.EnableBokehSettings:1      ; bokeh simulation when scattering]]
[2022.02.04-21.25.18:086][  0]LogConfig: Setting CVar [[r.DOF.Scatter.MaxSpriteRatio:0.1         ; only a maximum of 10% of scattered bokeh]]
[2022.02.04-21.25.18:086][  0]LogConfig: Setting CVar [[r.DOF.Recombine.Quality:1                ; cheap slight out of focus]]
[2022.02.04-21.25.18:087][  0]LogConfig: Setting CVar [[r.DOF.Recombine.EnableBokehSettings:0    ; no bokeh simulation on slight out of focus]]
[2022.02.04-21.25.18:087][  0]LogConfig: Setting CVar [[r.DOF.TemporalAAQuality:1                ; more stable temporal accumulation]]
[2022.02.04-21.25.18:087][  0]LogConfig: Setting CVar [[r.DOF.Kernel.MaxForegroundRadius:0.025]]
[2022.02.04-21.25.18:087][  0]LogConfig: Setting CVar [[r.DOF.Kernel.MaxBackgroundRadius:0.025]]
[2022.02.04-21.25.18:087][  0]LogConfig: Applying CVar settings from Section [TextureQuality@3] File [C:/HTW/5.Semester/Vertiefung der Programmierung/Projekt/Younglings/Saved/Config/Windows/Scalability.ini]
[2022.02.04-21.25.18:087][  0]LogConfig: Setting CVar [[r.Streaming.MipBias:0]]
[2022.02.04-21.25.18:087][  0]LogConfig: Setting CVar [[r.Streaming.AmortizeCPUToGPUCopy:0]]
[2022.02.04-21.25.18:087][  0]LogConfig: Setting CVar [[r.Streaming.MaxNumTexturesToStreamPerFrame:0]]
[2022.02.04-21.25.18:087][  0]LogConfig: Setting CVar [[r.Streaming.Boost:1]]
[2022.02.04-21.25.18:087][  0]LogConfig: Setting CVar [[r.MaxAnisotropy:8]]
[2022.02.04-21.25.18:087][  0]LogConfig: Setting CVar [[r.VT.MaxAnisotropy:8]]
[2022.02.04-21.25.18:087][  0]LogConfig: Setting CVar [[r.Streaming.LimitPoolSizeToVRAM:0]]
[2022.02.04-21.25.18:087][  0]LogConfig: Setting CVar [[r.Streaming.PoolSize:1000]]
[2022.02.04-21.25.18:087][  0]LogConfig: Setting CVar [[r.Streaming.MaxEffectiveScreenSize:0]]
[2022.02.04-21.25.18:087][  0]LogConfig: Applying CVar settings from Section [EffectsQuality@3] File [C:/HTW/5.Semester/Vertiefung der Programmierung/Projekt/Younglings/Saved/Config/Windows/Scalability.ini]
[2022.02.04-21.25.18:087][  0]LogConfig: Setting CVar [[r.TranslucencyLightingVolumeDim:64]]
[2022.02.04-21.25.18:087][  0]LogConfig: Setting CVar [[r.RefractionQuality:2]]
[2022.02.04-21.25.18:087][  0]LogConfig: Setting CVar [[r.SSR.Quality:3]]
[2022.02.04-21.25.18:087][  0]LogConfig: Setting CVar [[r.SSR.HalfResSceneColor:0]]
[2022.02.04-21.25.18:088][  0]LogConfig: Setting CVar [[r.SceneColorFormat:4]]
[2022.02.04-21.25.18:088][  0]LogConfig: Setting CVar [[r.DetailMode:2]]
[2022.02.04-21.25.18:088][  0]LogConfig: Setting CVar [[r.TranslucencyVolumeBlur:1]]
[2022.02.04-21.25.18:088][  0]LogConfig: Setting CVar [[r.MaterialQualityLevel:1 ; High quality]]
[2022.02.04-21.25.18:088][  0]LogConfig: Setting CVar [[r.AnisotropicMaterials:1]]
[2022.02.04-21.25.18:088][  0]LogConfig: Setting CVar [[r.SSS.Scale:1]]
[2022.02.04-21.25.18:088][  0]LogConfig: Setting CVar [[r.SSS.SampleSet:2]]
[2022.02.04-21.25.18:088][  0]LogConfig: Setting CVar [[r.SSS.Quality:1]]
[2022.02.04-21.25.18:088][  0]LogConfig: Setting CVar [[r.SSS.HalfRes:0]]
[2022.02.04-21.25.18:088][  0]LogConfig: Setting CVar [[r.SSGI.Quality:3]]
[2022.02.04-21.25.18:088][  0]LogConfig: Setting CVar [[r.EmitterSpawnRateScale:1.0]]
[2022.02.04-21.25.18:088][  0]LogConfig: Setting CVar [[r.ParticleLightQuality:2]]
[2022.02.04-21.25.18:088][  0]LogConfig: Setting CVar [[r.SkyAtmosphere.AerialPerspectiveLUT.FastApplyOnOpaque:1 ; Always have FastSkyLUT 1 in this case to avoid wrong sky]]
[2022.02.04-21.25.18:088][  0]LogConfig: Setting CVar [[r.SkyAtmosphere.AerialPerspectiveLUT.SampleCountMaxPerSlice:4]]
[2022.02.04-21.25.18:088][  0]LogConfig: Setting CVar [[r.SkyAtmosphere.AerialPerspectiveLUT.DepthResolution:16.0]]
[2022.02.04-21.25.18:088][  0]LogConfig: Setting CVar [[r.SkyAtmosphere.FastSkyLUT:1]]
[2022.02.04-21.25.18:088][  0]LogConfig: Setting CVar [[r.SkyAtmosphere.FastSkyLUT.SampleCountMin:4.0]]
[2022.02.04-21.25.18:088][  0]LogConfig: Setting CVar [[r.SkyAtmosphere.FastSkyLUT.SampleCountMax:128.0]]
[2022.02.04-21.25.18:088][  0]LogConfig: Setting CVar [[r.SkyAtmosphere.SampleCountMin:4.0]]
[2022.02.04-21.25.18:088][  0]LogConfig: Setting CVar [[r.SkyAtmosphere.SampleCountMax:128.0]]
[2022.02.04-21.25.18:089][  0]LogConfig: Setting CVar [[r.SkyAtmosphere.TransmittanceLUT.UseSmallFormat:0]]
[2022.02.04-21.25.18:089][  0]LogConfig: Setting CVar [[r.SkyAtmosphere.TransmittanceLUT.SampleCount:10.0]]
[2022.02.04-21.25.18:089][  0]LogConfig: Setting CVar [[r.SkyAtmosphere.MultiScatteringLUT.SampleCount:15.0]]
[2022.02.04-21.25.18:089][  0]LogConfig: Setting CVar [[r.SkyLight.RealTimeReflectionCapture:1]]
[2022.02.04-21.25.18:089][  0]LogConfig: Applying CVar settings from Section [FoliageQuality@3] File [C:/HTW/5.Semester/Vertiefung der Programmierung/Projekt/Younglings/Saved/Config/Windows/Scalability.ini]
[2022.02.04-21.25.18:089][  0]LogConfig: Setting CVar [[foliage.DensityScale:1.0]]
[2022.02.04-21.25.18:089][  0]LogConfig: Setting CVar [[grass.DensityScale:1.0]]
[2022.02.04-21.25.18:089][  0]LogConfig: Applying CVar settings from Section [ShadingQuality@3] File [C:/HTW/5.Semester/Vertiefung der Programmierung/Projekt/Younglings/Saved/Config/Windows/Scalability.ini]
[2022.02.04-21.25.18:089][  0]LogConfig: Setting CVar [[r.HairStrands.SkyLighting.IntegrationType:2]]
[2022.02.04-21.25.18:089][  0]LogConfig: Setting CVar [[r.HairStrands.SkyAO.SampleCount:4]]
[2022.02.04-21.25.18:089][  0]LogConfig: Setting CVar [[r.HairStrands.Visibility.MSAA.SamplePerPixel:4]]
[2022.02.04-21.25.18:089][  0]LogConfig: Applying CVar settings from Section [Startup] File [../../../Engine/Config/ConsoleVariables.ini]
[2022.02.04-21.25.18:090][  0]LogConfig: Setting CVar [[net.UseAdaptiveNetUpdateFrequency:0]]
[2022.02.04-21.25.18:090][  0]LogConfig: Setting CVar [[p.chaos.AllowCreatePhysxBodies:1]]
[2022.02.04-21.25.18:090][  0]LogConfig: Setting CVar [[fx.SkipVectorVMBackendOptimizations:1]]
[2022.02.04-21.25.18:090][  0]LogConfig: Applying CVar settings from Section [ConsoleVariables] File [C:/HTW/5.Semester/Vertiefung der Programmierung/Projekt/Younglings/Saved/Config/Windows/Engine.ini]
[2022.02.04-21.25.18:090][  0]LogConfig: Applying CVar settings from Section [ConsoleVariables] File [C:/HTW/5.Semester/Vertiefung der Programmierung/Projekt/Younglings/Saved/Config/Windows/Editor.ini]
[2022.02.04-21.25.18:090][  0]LogInit: Computer: MSI
[2022.02.04-21.25.18:090][  0]LogInit: User: sirlo
[2022.02.04-21.25.18:090][  0]LogInit: CPU Page size=4096, Cores=6
[2022.02.04-21.25.18:090][  0]LogInit: High frequency timer resolution =10.000000 MHz
[2022.02.04-21.25.18:090][  0]LogMemory: Memory total: Physical=15.8GB (16GB approx)
[2022.02.04-21.25.18:090][  0]LogMemory: Platform Memory Stats for Windows
[2022.02.04-21.25.18:090][  0]LogMemory: Process Physical Memory: 143.11 MB used, 143.11 MB peak
[2022.02.04-21.25.18:091][  0]LogMemory: Process Virtual Memory: 123.90 MB used, 123.90 MB peak
[2022.02.04-21.25.18:091][  0]LogMemory: Physical Memory: 13074.97 MB used,  3131.48 MB free, 16206.45 MB total
[2022.02.04-21.25.18:091][  0]LogMemory: Virtual Memory: 134210368.00 MB used,  7363.61 MB free, 134217728.00 MB total
[2022.02.04-21.25.18:171][  0]LogWindows: WindowsPlatformFeatures enabled
[2022.02.04-21.25.18:361][  0]LogInit: Physics initialised using underlying interface: PhysX
[2022.02.04-21.25.18:362][  0]LogInit: Using OS detected language (de-DE).
[2022.02.04-21.25.18:362][  0]LogInit: Using OS detected locale (de-DE).
[2022.02.04-21.25.18:368][  0]LogTextLocalizationManager: No specific localization for 'de-DE' exists, so the 'de' localization will be used.
[2022.02.04-21.25.18:368][  0]LogTextLocalizationResource: LocRes '../../../Engine/Content/Localization/Editor/de/Editor.locres' could not be opened for reading!
[2022.02.04-21.25.18:368][  0]LogTextLocalizationResource: LocRes '../../../Engine/Content/Localization/EditorTutorials/de/EditorTutorials.locres' could not be opened for reading!
[2022.02.04-21.25.18:369][  0]LogTextLocalizationResource: LocRes '../../../Engine/Content/Localization/Keywords/de/Keywords.locres' could not be opened for reading!
[2022.02.04-21.25.18:369][  0]LogTextLocalizationResource: LocRes '../../../Engine/Content/Localization/Category/de/Category.locres' could not be opened for reading!
[2022.02.04-21.25.18:369][  0]LogTextLocalizationResource: LocRes '../../../Engine/Content/Localization/ToolTips/de/ToolTips.locres' could not be opened for reading!
[2022.02.04-21.25.18:369][  0]LogTextLocalizationResource: LocRes '../../../Engine/Content/Localization/PropertyNames/de/PropertyNames.locres' could not be opened for reading!
[2022.02.04-21.25.18:369][  0]LogTextLocalizationResource: LocRes '../../../Engine/Content/Localization/Engine/de/Engine.locres' could not be opened for reading!
[2022.02.04-21.25.18:371][  0]LogInit: Setting process to per monitor DPI aware
[2022.02.04-21.25.18:412][  0]LogWindowsTextInputMethodSystem: Display: IME system deactivated.
[2022.02.04-21.25.18:432][  0]LogSlate: New Slate User Created.  User Index 0, Is Virtual User: 0
[2022.02.04-21.25.18:433][  0]LogSlate: Slate User Registered.  User Index 0, Is Virtual User: 0
[2022.02.04-21.25.18:651][  0]LogD3D11RHI: Loaded GFSDK_Aftermath_Lib.x64.dll
[2022.02.04-21.25.18:657][  0]LogHMD: Failed to initialize OpenVR with code 110
[2022.02.04-21.25.18:657][  0]LogD3D11RHI: D3D11 min allowed feature level: 11_0
[2022.02.04-21.25.18:657][  0]LogD3D11RHI: D3D11 max allowed feature level: 11_0
[2022.02.04-21.25.18:658][  0]LogD3D11RHI: D3D11 adapters:
[2022.02.04-21.25.18:822][  0]LogD3D11RHI:    0. 'NVIDIA GeForce RTX 3070 Laptop GPU' (Feature Level 11_0)
[2022.02.04-21.25.18:822][  0]LogD3D11RHI:       8044/0/8103 MB DedicatedVideo/DedicatedSystem/SharedSystem, Outputs:1, VendorId:0x10de
[2022.02.04-21.25.18:992][  0]LogD3D11RHI:    1. 'Intel(R) UHD Graphics' (Feature Level 11_0)
[2022.02.04-21.25.18:992][  0]LogD3D11RHI:       128/0/8103 MB DedicatedVideo/DedicatedSystem/SharedSystem, Outputs:1, VendorId:0x8086
[2022.02.04-21.25.19:001][  0]LogD3D11RHI:    2. 'Microsoft Basic Render Driver' (Feature Level 11_0)
[2022.02.04-21.25.19:001][  0]LogD3D11RHI:       0/0/8103 MB DedicatedVideo/DedicatedSystem/SharedSystem, Outputs:0, VendorId:0x1414
[2022.02.04-21.25.19:001][  0]LogD3D11RHI: Chosen D3D11 Adapter:
[2022.02.04-21.25.19:001][  0]LogD3D11RHI:     Description : NVIDIA GeForce RTX 3070 Laptop GPU
[2022.02.04-21.25.19:001][  0]LogD3D11RHI:     VendorId    : 10de
[2022.02.04-21.25.19:001][  0]LogD3D11RHI:     DeviceId    : 249d
[2022.02.04-21.25.19:001][  0]LogD3D11RHI:     SubSysId    : 12ef1462
[2022.02.04-21.25.19:001][  0]LogD3D11RHI:     Revision    : 00a1
[2022.02.04-21.25.19:001][  0]LogD3D11RHI:     DedicatedVideoMemory : 8434745344 bytes
[2022.02.04-21.25.19:001][  0]LogD3D11RHI:     DedicatedSystemMemory : 0 bytes
[2022.02.04-21.25.19:001][  0]LogD3D11RHI:     SharedSystemMemory : 8496848896 bytes
[2022.02.04-21.25.19:001][  0]LogD3D11RHI:     AdapterLuid : 0 73143
[2022.02.04-21.25.19:012][  0]LogD3D11RHI: Creating new Direct3DDevice
[2022.02.04-21.25.19:012][  0]LogD3D11RHI:     GPU DeviceId: 0x249d (for the marketing name, search the web for "GPU Device Id")
[2022.02.04-21.25.19:012][  0]LogWindows: EnumDisplayDevices:
[2022.02.04-21.25.19:012][  0]LogWindows:    0. 'Intel(R) UHD Graphics' (P:0 D:1)
[2022.02.04-21.25.19:012][  0]LogWindows:    1. 'Intel(R) UHD Graphics' (P:0 D:0)
[2022.02.04-21.25.19:012][  0]LogWindows:    2. 'Intel(R) UHD Graphics' (P:0 D:0)
[2022.02.04-21.25.19:013][  0]LogWindows:    3. 'NVIDIA GeForce RTX 3070 Laptop GPU' (P:1 D:1)
[2022.02.04-21.25.19:013][  0]LogWindows:    4. 'NVIDIA GeForce RTX 3070 Laptop GPU' (P:0 D:0)
[2022.02.04-21.25.19:013][  0]LogWindows:    5. 'NVIDIA GeForce RTX 3070 Laptop GPU' (P:0 D:0)
[2022.02.04-21.25.19:013][  0]LogWindows:    6. 'NVIDIA GeForce RTX 3070 Laptop GPU' (P:0 D:0)
[2022.02.04-21.25.19:013][  0]LogWindows: DebugString: PrimaryIsNotTheChoosenAdapter PrimaryIsNotTheChoosenAdapter PrimaryIsNotTheChoosenAdapter FoundDriverCount:4 
[2022.02.04-21.25.19:014][  0]LogD3D11RHI:     Adapter Name: NVIDIA GeForce RTX 3070 Laptop GPU
[2022.02.04-21.25.19:014][  0]LogD3D11RHI:   Driver Version: 472.88 (internal:30.0.14.7288, unified:472.88)
[2022.02.04-21.25.19:014][  0]LogD3D11RHI:      Driver Date: 12-8-2021
[2022.02.04-21.25.19:014][  0]LogRHI: Texture pool is 5630 MB (70% of 8044 MB)
[2022.02.04-21.25.19:014][  0]LogD3D11RHI: Creating D3DDevice using adapter:
[2022.02.04-21.25.19:014][  0]LogD3D11RHI:     Description : NVIDIA GeForce RTX 3070 Laptop GPU
[2022.02.04-21.25.19:014][  0]LogD3D11RHI:     VendorId    : 10de
[2022.02.04-21.25.19:014][  0]LogD3D11RHI:     DeviceId    : 249d
[2022.02.04-21.25.19:014][  0]LogD3D11RHI:     SubSysId    : 12ef1462
[2022.02.04-21.25.19:014][  0]LogD3D11RHI:     Revision    : 00a1
[2022.02.04-21.25.19:014][  0]LogD3D11RHI:     DedicatedVideoMemory : 8434745344 bytes
[2022.02.04-21.25.19:014][  0]LogD3D11RHI:     DedicatedSystemMemory : 0 bytes
[2022.02.04-21.25.19:014][  0]LogD3D11RHI:     SharedSystemMemory : 8496848896 bytes
[2022.02.04-21.25.19:014][  0]LogD3D11RHI:     AdapterLuid : 0 73143
[2022.02.04-21.25.19:086][  0]LogD3D11RHI: RHI has support for 64 bit atomics
[2022.02.04-21.25.19:086][  0]LogD3D11RHI: Async texture creation enabled
[2022.02.04-21.25.19:086][  0]LogD3D11RHI: Array index from any shader is supported
[2022.02.04-21.25.19:104][  0]LogD3D11RHI: GPU Timing Frequency: 1000.000000 (Debug: 2 2)
[2022.02.04-21.25.19:162][  0]LogRHI: GeForceNow SDK initialized: 1
[2022.02.04-21.25.19:429][  0]LogTargetPlatformManager: Display: Loaded TargetPlatform 'AllDesktop'
[2022.02.04-21.25.19:453][  0]LogTargetPlatformManager: Display: Loaded TargetPlatform 'Android'
[2022.02.04-21.25.19:453][  0]LogTargetPlatformManager: Display: Loaded TargetPlatform 'Android_ASTC'
[2022.02.04-21.25.19:453][  0]LogTargetPlatformManager: Display: Loaded TargetPlatform 'Android_DXT'
[2022.02.04-21.25.19:453][  0]LogTargetPlatformManager: Display: Loaded TargetPlatform 'Android_ETC2'
[2022.02.04-21.25.19:453][  0]LogTargetPlatformManager: Display: Loaded TargetPlatform 'AndroidClient'
[2022.02.04-21.25.19:454][  0]LogTargetPlatformManager: Display: Loaded TargetPlatform 'Android_ASTCClient'
[2022.02.04-21.25.19:454][  0]LogTargetPlatformManager: Display: Loaded TargetPlatform 'Android_DXTClient'
[2022.02.04-21.25.19:454][  0]LogTargetPlatformManager: Display: Loaded TargetPlatform 'Android_ETC2Client'
[2022.02.04-21.25.19:454][  0]LogTargetPlatformManager: Display: Loaded TargetPlatform 'Android_Multi'
[2022.02.04-21.25.19:454][  0]LogTargetPlatformManager: Display: Loaded TargetPlatform 'Android_MultiClient'
[2022.02.04-21.25.19:486][  0]LogTargetPlatformManager: Display: Loaded TargetPlatform 'IOSClient'
[2022.02.04-21.25.19:486][  0]LogTargetPlatformManager: Display: Loaded TargetPlatform 'IOS'
[2022.02.04-21.25.19:502][  0]LogTargetPlatformManager: Display: Loaded TargetPlatform 'Linux'
[2022.02.04-21.25.19:511][  0]LogTargetPlatformManager: Display: Loaded TargetPlatform 'LinuxNoEditor'
[2022.02.04-21.25.19:520][  0]LogTargetPlatformManager: Display: Loaded TargetPlatform 'LinuxClient'
[2022.02.04-21.25.19:531][  0]LogTargetPlatformManager: Display: Loaded TargetPlatform 'LinuxServer'
[2022.02.04-21.25.19:545][  0]LogTargetPlatformManager: Display: Loaded TargetPlatform 'LinuxAArch64NoEditor'
[2022.02.04-21.25.19:554][  0]LogTargetPlatformManager: Display: Loaded TargetPlatform 'LinuxAArch64Client'
[2022.02.04-21.25.19:564][  0]LogTargetPlatformManager: Display: Loaded TargetPlatform 'LinuxAArch64Server'
[2022.02.04-21.25.19:591][  0]LogTargetPlatformManager: Display: Loaded TargetPlatform 'Lumin'
[2022.02.04-21.25.19:592][  0]LogTargetPlatformManager: Display: Loaded TargetPlatform 'LuminClient'
[2022.02.04-21.25.19:605][  0]LogTargetPlatformManager: Display: Loaded TargetPlatform 'MacNoEditor'
[2022.02.04-21.25.19:614][  0]LogTargetPlatformManager: Display: Loaded TargetPlatform 'Mac'
[2022.02.04-21.25.19:622][  0]LogTargetPlatformManager: Display: Loaded TargetPlatform 'MacClient'
[2022.02.04-21.25.19:632][  0]LogTargetPlatformManager: Display: Loaded TargetPlatform 'MacServer'
[2022.02.04-21.25.19:647][  0]LogTargetPlatformManager: Display: Loaded TargetPlatform 'TVOSClient'
[2022.02.04-21.25.19:647][  0]LogTargetPlatformManager: Display: Loaded TargetPlatform 'TVOS'
[2022.02.04-21.25.19:660][  0]LogTargetPlatformManager: Display: Loaded TargetPlatform 'WindowsNoEditor'
[2022.02.04-21.25.19:670][  0]LogTargetPlatformManager: Display: Loaded TargetPlatform 'Windows'
[2022.02.04-21.25.19:679][  0]LogTargetPlatformManager: Display: Loaded TargetPlatform 'WindowsClient'
[2022.02.04-21.25.19:688][  0]LogTargetPlatformManager: Display: Loaded TargetPlatform 'WindowsServer'
[2022.02.04-21.25.19:688][  0]LogTargetPlatformManager: Display: Building Assets For Windows
[2022.02.04-21.25.19:723][  0]LogAudioDebug: Display: Lib vorbis DLL was dynamically loaded.
[2022.02.04-21.25.19:849][  0]LogTextureFormatOodle: Display: Oodle Texture 2.9.0 init RDO Off
[2022.02.04-21.25.19:975][  0]LogRendererCore: Ray tracing is disabled. Reason: r.RayTracing=0.
[2022.02.04-21.25.19:975][  0]LogShaderCompilers: Guid format shader working directory is -33 characters bigger than the processId version (../../../../../HTW/5.Semester/Vertiefung der Programmierung/Projekt/Younglings/Intermediate/Shaders/WorkingDirectory/17764/).
[2022.02.04-21.25.19:976][  0]LogShaderCompilers: Cleaned the shader compiler working directory 'C:/Users/sirlo/AppData/Local/Temp/UnrealShaderWorkingDir/3AD29DA349C7151FBDA06982178C2BAB/'.
[2022.02.04-21.25.19:976][  0]LogXGEController: Cannot use XGE Controller as Incredibuild is not installed on this machine.
[2022.02.04-21.25.19:976][  0]LogShaderCompilers: Cannot use XGE Shader Compiler as Incredibuild is not installed on this machine.
[2022.02.04-21.25.19:976][  0]LogShaderCompilers: Display: Using Local Shader Compiler.
[2022.02.04-21.25.20:794][  0]LogDerivedDataCache: Display: Max Cache Size: 512 MB
[2022.02.04-21.25.20:849][  0]LogDerivedDataCache: Loaded boot cache 0.05s 94MB C:/Users/sirlo/AppData/Local/UnrealEngine/4.27/DerivedDataCache/Boot.ddc.
[2022.02.04-21.25.20:849][  0]LogDerivedDataCache: Display: Loaded Boot cache: C:/Users/sirlo/AppData/Local/UnrealEngine/4.27/DerivedDataCache/Boot.ddc
[2022.02.04-21.25.20:849][  0]LogDerivedDataCache: FDerivedDataBackendGraph:  Pak pak cache file ../../../../../HTW/5.Semester/Vertiefung der Programmierung/Projekt/Younglings/DerivedDataCache/DDC.ddp not found, will not use a pak cache.
[2022.02.04-21.25.20:849][  0]LogDerivedDataCache: Unable to find inner node Pak for hierarchical cache Hierarchy.
[2022.02.04-21.25.20:849][  0]LogDerivedDataCache: FDerivedDataBackendGraph:  CompressedPak pak cache file ../../../../../HTW/5.Semester/Vertiefung der Programmierung/Projekt/Younglings/DerivedDataCache/Compressed.ddp not found, will not use a pak cache.
[2022.02.04-21.25.20:849][  0]LogDerivedDataCache: Unable to find inner node CompressedPak for hierarchical cache Hierarchy.
[2022.02.04-21.25.20:865][  0]LogDerivedDataCache: Display: Pak cache opened for reading ../../../Engine/DerivedDataCache/Compressed.ddp.
[2022.02.04-21.25.20:865][  0]LogDerivedDataCache: FDerivedDataBackendGraph:  EnterprisePak pak cache file ../../../Enterprise/DerivedDataCache/Compressed.ddp not found, will not use a pak cache.
[2022.02.04-21.25.20:865][  0]LogDerivedDataCache: Unable to find inner node EnterprisePak for hierarchical cache Hierarchy.
[2022.02.04-21.25.20:875][  0]LogDerivedDataCache: Speed tests for C:/Users/sirlo/AppData/Local/UnrealEngine/Common/DerivedDataCache took 0.01 seconds
[2022.02.04-21.25.20:875][  0]LogDerivedDataCache: Display: Performance to C:/Users/sirlo/AppData/Local/UnrealEngine/Common/DerivedDataCache: Latency=0.04ms. RandomReadSpeed=207.66MBs, RandomWriteSpeed=196.71MBs. Assigned SpeedClass 'Local'
[2022.02.04-21.25.20:876][  0]LogDerivedDataCache: Using Local data cache path C:/Users/sirlo/AppData/Local/UnrealEngine/Common/DerivedDataCache: Writable
[2022.02.04-21.25.20:876][  0]LogDerivedDataCache: Shared data cache path not found in *engine.ini, will not use an Shared cache.
[2022.02.04-21.25.20:876][  0]LogDerivedDataCache: Unable to find inner node Shared for hierarchical cache Hierarchy.
[2022.02.04-21.25.20:920][  0]LogSlate: Using FreeType 2.10.0
[2022.02.04-21.25.20:921][  0]LogSlate: SlateFontServices - WITH_FREETYPE: 1, WITH_HARFBUZZ: 1
[2022.02.04-21.25.20:947][  0]LogAssetRegistry: FAssetRegistry took 0.0025 seconds to start up
[2022.02.04-21.25.21:162][  0]LogInit: Selected Device Profile: [Windows]
[2022.02.04-21.25.21:162][  0]LogInit: Active device profile: [000001D2C6C0BF00][000001D2C6EED480 49] Windows
[2022.02.04-21.25.21:162][  0]LogInit: Profiles: [000001D2C6C0BF00][000001D2C6EED480 49] Windows, [000001D2C6C17F00][000001D2C6EF5600 49] WindowsNoEditor, [000001D2C6C08200][000001D2C6EF9780 49] WindowsServer, [000001D2C6C14600][000001D2C6EFD900 49] WindowsClient, [000001D2C6C0B900][000001D2C6F01A80 49] IOS, [000001D2C6C17800][000001D2C6F05C00 49] iPadAir, [000001D2C6C08700][000001D2C6F08200 49] iPadAir2, [000001D2C6BB4B00][000001D2C6F104C0 49] IPadPro, [000001D2C6BB4C00][000001D2C6F0C500 49] iPadAir3, [000001D2C6C0A100][000001D2C6F14680 49] iPadAir4, [000001D2C6BB4700][000001D2C6F18800 49] iPadMini2, [000001D2C6C08900][000001D2C6EF0940 49] iPadMini3, [000001D2C6BB5600][000001D2C6F1CA80 49] iPadMini4, [000001D2C6C0AF00][000001D2C6F20BC0 49] iPadMini5, [000001D2C6C15300][000001D2C6F2CE40 49] iPhone6, [000001D2C6C15400][000001D2C6F24E80 49] iPodTouch6, [000001D2C6BB5400][000001D2C6F35140 49] iPhone7, [000001D2C6BB3F00][000001D2C6F31180 49] iPodTouch7, [000001D2C6C16100][000001D2C6F39300 49] iPhone5S, [000001D2C6BB0700][000001D2C6F3D480 49] iPhone6Plus, [000001D2C6C17A00][000001D2C6F41600 49] iPhone6S, [000001D2C6BB3500][000001D2C6F45780 49] iPhone6SPlus, [000001D2C6C14900][000001D2C6F49900 49] iPhone7Plus, [000001D2C6BB0D00][000001D2C6F4DA80 49] iPhoneSE, [000001D2C6C15C00][000001D2C6F51C00 49] iPhone8, [000001D2C6BB2E00][000001D2C6F54200 49] iPhone8Plus, [000001D2C6C17100][000001D2C6F58380 49] iPhoneX, [000001D2C6BB1400][000001D2C6F5C500 49] iPhoneXS, [000001D2C6C15F00][000001D2C6F60680 49] iPhoneXSMax, [000001D2C6BB2800][000001D2C6F64800 49] iPhoneXR, [000001D2C6C16E00][000001D2C6F68980 49] iPhone11, [000001D2C6BB1A00][000001D2C6F6CB00 49] iPhone11Pro, [000001D2C6C15100][000001D2C6F28C40 49] iPhone11ProMax, [000001D2C6BB3B00][000001D2C6F70D80 49] iPhoneSE2, [000001D2C6C16600][000001D2C6F74EC0 49] iPhone12Mini, [000001D2C6BB0B00][000001D2C6F7D040 49] iPhone12, [000001D2C6C15600][000001D2C6F811C0 49] iPhone12Pro, [000001D2C6BB3100][000001D2C6F85340 49] iPhone12ProMax, [000001D2C6C14300][000001D2C6F894C0 49] iPadPro105, [000001D2C6BB3C00][000001D2C6F8D640 49] iPadPro129, [000001D2C6C17D00][000001D2C6F917C0 49] iPadPro97, [000001D2C6BB2C00][000001D2C6F95940 49] iPadPro2_129, [000001D2C6C15700][000001D2C6F99AC0 49] iPad5, [000001D2C6BB1600][000001D2C6F9C0C0 49] iPad6, [000001D2C6C14B00][000001D2C6FA0240 49] iPad7, [000001D2C6BB2F00][000001D2C6FA43C0 49] iPad8, [000001D2C6C15800][000001D2C6FA8540 49] iPadPro11, [000001D2C6BB3D00][000001D2C6FAC6C0 49] iPadPro2_11, [000001D2C6C14800][000001D2C6FB0840 49] iPadPro3_129, [000001D2C6BB3700][000001D2C6FB49C0 49] iPadPro4_129, [000001D2C6C17C00][000001D2C6FB8B40 49] AppleTV, [000001D2C6BB2A00][000001D2C6FBCCC0 49] AppleTV4K, [000001D2C6C15200][000001D2C6F78E00 49] TVOS, [000001D2C6BB0F00][000001D2C6FC0F40 49] Mac, [000001D2C6C15500][000001D2C6FC5080 49] MacClient, [000001D2C6BB1200][000001D2C6FC91C0 49] MacNoEditor, [000001D2C6C17B00][000001D2C6FD1340 49] MacServer, [000001D2C6BB0900][000001D2C6FD54C0 49] Linux, [000001D2C6C16C00][000001D2C6FD9640 49] LinuxAArch64, [000001D2C6BB2400][000001D2C6FDD7C0 49] LinuxNoEditor, [000001D2C6C16D00][000001D2C6FE1940 49] LinuxAArch64NoEditor, [000001D2C6BB1C00][000001D2C6FE5AC0 49] LinuxClient, [000001D2C6C15D00][000001D2C6FE80C0 49] LinuxAArch64Client, [000001D2C6BB2300][000001D2C6FEC240 49] LinuxServer, [000001D2C6C15E00][000001D2C6FF03C0 49] LinuxAArch64Server, [000001D2C6BB3000][000001D2C6FF4540 49] Android, [000001D2C6C16500][000001D2C6FF86C0 49] Android_Low, [000001D2C6BB3900][000001D2C6FFC840 49] Android_Mid, [000001D2C6C17E00][000001D2C70009C0 49] Android_High, [000001D2C6BB0E00][000001D2C7004B40 49] Android_Default, [000001D2C6C14F00][000001D2C7008CC0 49] Android_Adreno4xx, [000001D2C6C88100][000001D2C700CE40 49] Android_Adreno5xx_Low, [000001D2C6BB7800][000001D2C6FCCF80 49] Android_Adreno5xx, [000001D2C6C88800][000001D2C70110C0 49] Android_Adreno6xx, [000001D2C6BB6700][000001D2C7015200 49] Android_Adreno6xx_Vulkan, [000001D2C6C89500][000001D2C7019340 49] Android_Mali_T6xx, [000001D2C6BB6B00][000001D2C70214C0 49] Android_Mali_T7xx, [000001D2C6C8A800][000001D2C7025640 49] Android_Mali_T8xx, [000001D2C6BB5D00][000001D2C70297C0 49] Android_Mali_G71, [000001D2C6C8A500][000001D2C702D940 49] Android_Mali_G72, [000001D2C6BB6E00][000001D2C7031AC0 49] Android_Mali_G72_Vulkan, [000001D2C6C89300][000001D2C70340C0 49] Android_Mali_G76, [000001D2C6BB7D00][000001D2C7038240 49] Android_Mali_G76_Vulkan, [000001D2C6C8A700][000001D2C703C3C0 49] Android_Mali_G77, [000001D2C6BB5700][000001D2C7040540 49] Android_Mali_G77_Vulkan, [000001D2C6C88D00][000001D2C70446C0 49] Android_Mali_G78, [000001D2C6BB7500][000001D2C7048840 49] Android_Mali_G78_Vulkan, [000001D2C6C8A200][000001D2C704C9C0 49] Android_Mali_G710, [000001D2C6BB5500][000001D2C7050B40 49] Android_Mali_G710_Vulkan, [000001D2C6C8A100][000001D2C7054CC0 49] Android_Vulkan_SM5, [000001D2C6BB6500][000001D2C7058E40 49] Android_PowerVR_G6xxx, [000001D2C6C89000][000001D2C705CFC0 49] Android_PowerVR_GT7xxx, [000001D2C6BB6A00][000001D2C7061140 49] Android_PowerVR_GE8xxx, [000001D2C6C88200][000001D2C701D280 49] Android_PowerVR_GM9xxx, [000001D2C6BB5300][000001D2C70653C0 49] Android_PowerVR_GM9xxx_Vulkan, [000001D2C6C89B00][000001D2C7069500 49] Android_TegraK1, [000001D2C6BB7B00][000001D2C7071680 49] Android_Unknown_Vulkan, [000001D2C6BB0500][000001D2C7075800 49] Lumin, [000001D2C6BB6100][000001D2C7079980 49] Lumin_Desktop, [000001D2C6BB2B00][000001D2C707DB00 49] HoloLens, 
[2022.02.04-21.25.21:373][  0]LogMeshReduction: Using QuadricMeshReduction for automatic static mesh reduction
[2022.02.04-21.25.21:373][  0]LogMeshReduction: Using SimplygonMeshReduction for automatic skeletal mesh reduction
[2022.02.04-21.25.21:374][  0]LogMeshReduction: Using ProxyLODMeshReduction for automatic mesh merging
[2022.02.04-21.25.21:374][  0]LogMeshReduction: No distributed automatic mesh merging module available
[2022.02.04-21.25.21:374][  0]LogMeshMerging: No distributed automatic mesh merging module available
[2022.02.04-21.25.21:396][  0]LogNetVersion: Younglings 1.0.0, NetCL: 17155196, EngineNetVer: 17, GameNetVer: 0 (Checksum: 988630336)
[2022.02.04-21.25.21:726][  0]LogTexture: Default maximum texture size for cubemaps generated from long-lat sources has been changed from 512 to unlimited. In order to preserve old behaiour for '/Engine/MapTemplates/Sky/DaylightAmbientCubemap.DaylightAmbientCubemap', its maximum texture size has been explicitly set to 512.
[2022.02.04-21.25.21:774][  0]LogHMD: PokeAHoleMaterial loaded successfully
[2022.02.04-21.25.21:779][  0]LogUObjectArray: 17178 objects as part of root set at end of initial load.
[2022.02.04-21.25.21:779][  0]LogUObjectAllocator: 4302048 out of 0 bytes used by permanent object pool.
[2022.02.04-21.25.21:780][  0]LogUObjectArray: CloseDisregardForGC: 0/0 objects in disregard for GC pool
[2022.02.04-21.25.22:560][  0]LogNiagaraDebuggerClient: Niagara Debugger Client Initialized | Session: A07ADBA4426949A7D3DE6BB8A6869BA5 | Instance: 11AD4FDB427902B0C8B7ACA5D4840ABC (MSI-17764).
[2022.02.04-21.25.22:636][  0]LogPython: Using Python 3.7.7
[2022.02.04-21.25.23:136][  0]LogTcpMessaging: Initializing TcpMessaging bridge
[2022.02.04-21.25.23:156][  0]LogUdpMessaging: Initializing bridge on interface 0.0.0.0:0 to multicast group 230.0.0.1:6666.
[2022.02.04-21.25.24:415][  0]SourceControl: Source control is disabled
[2022.02.04-21.25.24:415][  0]SourceControl: Source control is disabled
[2022.02.04-21.25.24:425][  0]SourceControl: Source control is disabled
[2022.02.04-21.25.24:434][  0]SourceControl: Source control is disabled
[2022.02.04-21.25.24:468][  0]SourceControl: Source control is disabled
[2022.02.04-21.25.24:491][  0]LogUProjectInfo: Found projects:
[2022.02.04-21.25.25:021][  0]LogOpenImageDenoise: OIDN starting up
[2022.02.04-21.25.25:095][  0]LogAndroidPermission: UAndroidPermissionCallbackProxy::GetInstance
[2022.02.04-21.25.25:161][  0]LogAudioCaptureCore: Display: No Audio Capture implementations found. Audio input will be silent.
[2022.02.04-21.25.25:161][  0]LogAudioCaptureCore: Display: No Audio Capture implementations found. Audio input will be silent.
[2022.02.04-21.25.25:371][  0]LogCollectionManager: Loaded 0 collections in 0.001359 seconds
[2022.02.04-21.25.25:419][  0]LogFileCache: Scanning file cache for directory 'C:/HTW/5.Semester/Vertiefung der Programmierung/Projekt/Younglings/Saved/Collections/' took 0.00s
[2022.02.04-21.25.25:419][  0]LogFileCache: Scanning file cache for directory 'C:/HTW/5.Semester/Vertiefung der Programmierung/Projekt/Younglings/Content/Developers/sirlo/Collections/' took 0.00s
[2022.02.04-21.25.25:419][  0]LogFileCache: Scanning file cache for directory 'C:/HTW/5.Semester/Vertiefung der Programmierung/Projekt/Younglings/Content/Collections/' took 0.00s
[2022.02.04-21.25.25:419][  0]LogOcInput: OculusInput pre-init called
[2022.02.04-21.25.25:652][  0]LogEngine: Initializing Engine...
[2022.02.04-21.25.25:661][  0]LogHMD: Failed to enumerate extensions. Please check that you have a valid OpenXR runtime installed.
[2022.02.04-21.25.25:661][  0]LogHMD: Failed to initialize OpenVR with code 110
[2022.02.04-21.25.25:661][  0]LogMagicLeap: Warning: VR disabled because ZI is not enabled.  To enable, in the editor, Edit -> Project Settings -> Plugins -> Magic Leap Plugin -> Enable Zero Iteration
[2022.02.04-21.25.25:662][  0]LogStats: UGameplayTagsManager::InitializeManager -  0.000 s
[2022.02.04-21.25.25:783][  0]LogInit: Initializing FReadOnlyCVARCache
[2022.02.04-21.25.25:795][  0]LogAIModule: Creating AISystem for world Untitled
[2022.02.04-21.25.25:810][  0]LogAudio: Display: Initializing Audio Device Manager...
[2022.02.04-21.25.25:819][  0]LogAudio: Display: Loading Default Audio Settings Objects...
[2022.02.04-21.25.25:819][  0]LogAudio: Display: No default SoundConcurrencyObject specified (or failed to load).
[2022.02.04-21.25.25:820][  0]LogAudio: Display: Audio Device Manager Initialized
[2022.02.04-21.25.25:820][  0]LogAudio: Display: Creating Audio Device:                 Id: 1, Scope: Shared, Realtime: True
[2022.02.04-21.25.25:820][  0]LogAudioMixer: Display: Audio Mixer Platform Settings:
[2022.02.04-21.25.25:820][  0]LogAudioMixer: Display: 	Sample Rate:						  48000
[2022.02.04-21.25.25:820][  0]LogAudioMixer: Display: 	Callback Buffer Frame Size Requested: 1024
[2022.02.04-21.25.25:820][  0]LogAudioMixer: Display: 	Callback Buffer Frame Size To Use:	  1024
[2022.02.04-21.25.25:821][  0]LogAudioMixer: Display: 	Number of buffers to queue:			  2
[2022.02.04-21.25.25:821][  0]LogAudioMixer: Display: 	Max Channels (voices):				  32
[2022.02.04-21.25.25:821][  0]LogAudioMixer: Display: 	Number of Async Source Workers:		  0
[2022.02.04-21.25.25:821][  0]LogAudio: Display: AudioDevice MaxSources: 32
[2022.02.04-21.25.25:821][  0]LogAudio: Display: Audio Spatialization Plugin: None (built-in).
[2022.02.04-21.25.25:821][  0]LogAudio: Display: Audio Reverb Plugin: None (built-in).
[2022.02.04-21.25.25:822][  0]LogAudio: Display: Audio Occlusion Plugin: None (built-in).
[2022.02.04-21.25.25:822][  0]LogAudioMixer: Display: Initializing audio mixer.
[2022.02.04-21.25.25:969][  0]LogAudioMixer: Display: 0: FrontLeft
[2022.02.04-21.25.25:969][  0]LogAudioMixer: Display: 1: FrontRight
[2022.02.04-21.25.25:969][  0]LogAudioMixer: Display: 2: FrontCenter
[2022.02.04-21.25.25:969][  0]LogAudioMixer: Display: 3: LowFrequency
[2022.02.04-21.25.25:969][  0]LogAudioMixer: Display: 4: BackLeft
[2022.02.04-21.25.25:969][  0]LogAudioMixer: Display: 5: BackRight
[2022.02.04-21.25.25:969][  0]LogAudioMixer: Display: 6: SideLeft
[2022.02.04-21.25.25:969][  0]LogAudioMixer: Display: 7: SideRight
[2022.02.04-21.25.26:287][  0]LogAudioMixer: Display: Using Audio Device Kopfhörer (CORSAIR VOID PRO Wireless Gaming Headset)
[2022.02.04-21.25.26:289][  0]LogAudioMixer: Display: Initializing Sound Submixes...
[2022.02.04-21.25.26:291][  0]LogAudioMixer: Display: Creating Master Submix 'MasterSubmixDefault'
[2022.02.04-21.25.26:291][  0]LogAudioMixer: Display: Creating Master Submix 'MasterReverbSubmixDefault'
[2022.02.04-21.25.26:292][  0]LogAudioMixer: Display: Creating Master Submix 'MasterEQSubmixDefault'
[2022.02.04-21.25.26:292][  0]LogAudioMixer: FMixerPlatformXAudio2::StartAudioStream() called
[2022.02.04-21.25.26:292][  0]LogAudioMixer: Display: Output buffers initialized: Frames=1024, Channels=8, Samples=8192
[2022.02.04-21.25.26:294][  0]LogAudioMixer: Display: Starting AudioMixerPlatformInterface::RunInternal()
[2022.02.04-21.25.26:294][  0]LogAudioMixer: Display: FMixerPlatformXAudio2::SubmitBuffer() called for the first time
[2022.02.04-21.25.26:294][  0]LogInit: FAudioDevice initialized.
[2022.02.04-21.25.26:294][  0]LogAudio: Display: Audio Device (ID: 1) registered with world 'Untitled'.
[2022.02.04-21.25.26:294][  0]LogNetVersion: Set ProjectVersion to 1.0.0.0. Version Checksum will be recalculated on next use.
[2022.02.04-21.25.26:343][  0]LogDerivedDataCache: Saved boot cache 0.05s 94MB C:/Users/sirlo/AppData/Local/UnrealEngine/4.27/DerivedDataCache/Boot.ddc.
[2022.02.04-21.25.26:344][  0]LogInit: Texture streaming: Enabled
[2022.02.04-21.25.26:370][  0]LogAnalytics: Display: [UEEditor.Rocket.Release] APIServer = https://datarouter.ol.epicgames.com/. AppVersion = 4.27.2-18319896+++UE4+Release-4.27
[2022.02.04-21.25.26:378][  0]LogEngineSessionManager: EngineSessionManager initialized
[2022.02.04-21.25.26:378][  0]LogEditorSessionSummary: Verbose: Initializing EditorSessionSummaryWriter for editor session tracking
[2022.02.04-21.25.26:382][  0]LogEditorSessionSummary: EditorSessionSummaryWriter initialized
[2022.02.04-21.25.26:410][  0]LogInit: Transaction tracking system initialized
[2022.02.04-21.25.26:457][  0]BlueprintLog: New page: Editor Load
[2022.02.04-21.25.26:591][  0]LocalizationService: Localization service is disabled
[2022.02.04-21.25.26:650][  0]TimingProfiler: Initialize
[2022.02.04-21.25.26:650][  0]TimingProfiler: OnSessionChanged
[2022.02.04-21.25.26:650][  0]LoadingProfiler: Initialize
[2022.02.04-21.25.26:650][  0]LoadingProfiler: OnSessionChanged
[2022.02.04-21.25.26:650][  0]NetworkingProfiler: Initialize
[2022.02.04-21.25.26:650][  0]NetworkingProfiler: OnSessionChanged
[2022.02.04-21.25.26:650][  0]MemoryProfiler: Initialize
[2022.02.04-21.25.26:651][  0]MemoryProfiler: OnSessionChanged
[2022.02.04-21.25.26:837][  0]LogCook: Display: CookSettings for Memory: MemoryMaxUsedVirtual 0MiB, MemoryMaxUsedPhysical 16384MiB, MemoryMinFreeVirtual 0MiB, MemoryMinFreePhysical 1024MiB
[2022.02.04-21.25.26:837][  0]LogCook: Display: Mobile HDR setting 1
[2022.02.04-21.25.27:233][  0]LogFileCache: Scanning file cache for directory 'C:/HTW/5.Semester/Vertiefung der Programmierung/Projekt/Younglings/Content/' took 0.00s
[2022.02.04-21.25.27:411][  0]LogInit: Display: Engine is initialized. Leaving FEngineLoop::Init()
[2022.02.04-21.25.27:416][  0]SourceControl: Source control is disabled
[2022.02.04-21.25.27:416][  0]LogUnrealEdMisc: Loading editor; pre map load, took 11.297
[2022.02.04-21.25.27:416][  0]Cmd: MAP LOAD FILE="../../../../../HTW/5.Semester/Vertiefung der Programmierung/Projekt/Younglings/Content/_Game/Maps/MainLevel.umap" TEMPLATE=0 SHOWPROGRESS=1 FEATURELEVEL=3
[2022.02.04-21.25.27:417][  0]LightingResults: New page: Lighting Build
[2022.02.04-21.25.27:418][  0]LogWorld: UWorld::CleanupWorld for Untitled, bSessionEnded=true, bCleanupResources=true
[2022.02.04-21.25.27:418][  0]LogSlate: InvalidateAllWidgets triggered.  All widgets were invalidated
[2022.02.04-21.25.27:419][  0]MapCheck: New page: Map Check
[2022.02.04-21.25.27:419][  0]LightingResults: New page: Lighting Build
[2022.02.04-21.25.27:424][  0]LogAudio: Display: Audio Device unregistered from world 'None'.
[2022.02.04-21.25.27:426][  0]LogUObjectHash: Compacting FUObjectHashTables data took   0.72ms
[2022.02.04-21.25.27:710][  0]LogAudio: Display: Audio Device (ID: 1) registered with world 'MainLevel'.
[2022.02.04-21.25.27:711][  0]LogAIModule: Creating AISystem for world MainLevel
[2022.02.04-21.25.27:714][  0]LogEditorServer: Finished looking for orphan Actors (0.000 secs)
[2022.02.04-21.25.27:721][  0]LogUObjectHash: Compacting FUObjectHashTables data took   0.85ms
[2022.02.04-21.25.27:722][  0]Cmd: MAP CHECKDEP NOCLEARLOG
[2022.02.04-21.25.27:722][  0]MapCheck: Map check complete: 0 Error(s), 0 Warning(s), took 0,19ms to complete.
[2022.02.04-21.25.27:722][  0]LogFileHelpers: Loading map 'MainLevel' took 0.306
[2022.02.04-21.25.27:725][  0]LogUnrealEdMisc: Total Editor Startup Time, took 11.606
[2022.02.04-21.25.27:854][  0]LogSlate: Updating window title bar state: overlay mode, drag disabled, window buttons hidden, title bar hidden
[2022.02.04-21.25.27:860][  0]LogSlate: Updating window title bar state: overlay mode, drag disabled, window buttons hidden, title bar hidden
[2022.02.04-21.25.27:865][  0]LogSlate: Updating window title bar state: overlay mode, drag disabled, window buttons hidden, title bar hidden
[2022.02.04-21.25.27:872][  0]LogSlate: Updating window title bar state: overlay mode, drag disabled, window buttons hidden, title bar hidden
[2022.02.04-21.25.27:890][  0]LogNativeClassHierarchy: Verbose: Native class hierarchy populated in 0.0108 seconds. Added 3833 classes and 930 folders.
[2022.02.04-21.25.27:892][  0]LogNativeClassHierarchy: Verbose: Native class hierarchy updated for 'WidgetCarousel' in 0.0002 seconds. Added 0 classes and 0 folders.
[2022.02.04-21.25.27:894][  0]LogPakFile: PakFile PrimaryIndexSize=187
[2022.02.04-21.25.27:894][  0]LogPakFile: PakFile PathHashIndexSize=101
[2022.02.04-21.25.27:894][  0]LogPakFile: PakFile FullDirectoryIndexSize=148
[2022.02.04-21.25.27:894][  0]LogShaderLibrary: Display: ShaderCodeLibraryPakFileMountedCallback: PakFile 'C:/EpicGames/UE_4.27/FeaturePacks/FP_FirstPerson.upack' (chunk index -1, root 'root:/') mounted
[2022.02.04-21.25.27:894][  0]LogShaderLibrary: Display: ShaderCodeLibraryPakFileMountedCallback: pending pak file info (ChunkID:-1 Root:root:/ File:C:/EpicGames/UE_4.27/FeaturePacks/FP_FirstPerson.upack)
[2022.02.04-21.25.27:894][  0]LogPakFile: OnPakFileMounted2Time == 0.000214
[2022.02.04-21.25.27:895][  0]LogPakFile: PakFile PrimaryIndexSize=189
[2022.02.04-21.25.27:895][  0]LogPakFile: PakFile PathHashIndexSize=101
[2022.02.04-21.25.27:895][  0]LogPakFile: PakFile FullDirectoryIndexSize=152
[2022.02.04-21.25.27:895][  0]LogShaderLibrary: Display: ShaderCodeLibraryPakFileMountedCallback: PakFile 'C:/EpicGames/UE_4.27/FeaturePacks/FP_FirstPersonBP.upack' (chunk index -1, root 'root:/') mounted
[2022.02.04-21.25.27:896][  0]LogShaderLibrary: Display: ShaderCodeLibraryPakFileMountedCallback: pending pak file info (ChunkID:-1 Root:root:/ File:C:/EpicGames/UE_4.27/FeaturePacks/FP_FirstPersonBP.upack)
[2022.02.04-21.25.27:896][  0]LogPakFile: OnPakFileMounted2Time == 0.000194
[2022.02.04-21.25.27:897][  0]LogPakFile: PakFile PrimaryIndexSize=191
[2022.02.04-21.25.27:897][  0]LogPakFile: PakFile PathHashIndexSize=101
[2022.02.04-21.25.27:897][  0]LogPakFile: PakFile FullDirectoryIndexSize=160
[2022.02.04-21.25.27:897][  0]LogShaderLibrary: Display: ShaderCodeLibraryPakFileMountedCallback: PakFile 'C:/EpicGames/UE_4.27/FeaturePacks/MobileStarterContent.upack' (chunk index -1, root 'root:/') mounted
[2022.02.04-21.25.27:897][  0]LogShaderLibrary: Display: ShaderCodeLibraryPakFileMountedCallback: pending pak file info (ChunkID:-1 Root:root:/ File:C:/EpicGames/UE_4.27/FeaturePacks/MobileStarterContent.upack)
[2022.02.04-21.25.27:897][  0]LogPakFile: OnPakFileMounted2Time == 0.000180
[2022.02.04-21.25.27:898][  0]LogPakFile: PakFile PrimaryIndexSize=185
[2022.02.04-21.25.27:898][  0]LogPakFile: PakFile PathHashIndexSize=101
[2022.02.04-21.25.27:898][  0]LogPakFile: PakFile FullDirectoryIndexSize=148
[2022.02.04-21.25.27:898][  0]LogShaderLibrary: Display: ShaderCodeLibraryPakFileMountedCallback: PakFile 'C:/EpicGames/UE_4.27/FeaturePacks/StarterContent.upack' (chunk index -1, root 'root:/') mounted
[2022.02.04-21.25.27:898][  0]LogShaderLibrary: Display: ShaderCodeLibraryPakFileMountedCallback: pending pak file info (ChunkID:-1 Root:root:/ File:C:/EpicGames/UE_4.27/FeaturePacks/StarterContent.upack)
[2022.02.04-21.25.27:898][  0]LogPakFile: OnPakFileMounted2Time == 0.000168
[2022.02.04-21.25.27:899][  0]LogPakFile: PakFile PrimaryIndexSize=190
[2022.02.04-21.25.27:899][  0]LogPakFile: PakFile PathHashIndexSize=101
[2022.02.04-21.25.27:899][  0]LogPakFile: PakFile FullDirectoryIndexSize=154
[2022.02.04-21.25.27:899][  0]LogShaderLibrary: Display: ShaderCodeLibraryPakFileMountedCallback: PakFile 'C:/EpicGames/UE_4.27/FeaturePacks/TP_2DSideScroller.upack' (chunk index -1, root 'root:/') mounted
[2022.02.04-21.25.27:899][  0]LogShaderLibrary: Display: ShaderCodeLibraryPakFileMountedCallback: pending pak file info (ChunkID:-1 Root:root:/ File:C:/EpicGames/UE_4.27/FeaturePacks/TP_2DSideScroller.upack)
[2022.02.04-21.25.27:899][  0]LogPakFile: OnPakFileMounted2Time == 0.000181
[2022.02.04-21.25.27:900][  0]LogPakFile: PakFile PrimaryIndexSize=192
[2022.02.04-21.25.27:900][  0]LogPakFile: PakFile PathHashIndexSize=101
[2022.02.04-21.25.27:900][  0]LogPakFile: PakFile FullDirectoryIndexSize=158
[2022.02.04-21.25.27:900][  0]LogShaderLibrary: Display: ShaderCodeLibraryPakFileMountedCallback: PakFile 'C:/EpicGames/UE_4.27/FeaturePacks/TP_2DSideScrollerBP.upack' (chunk index -1, root 'root:/') mounted
[2022.02.04-21.25.27:900][  0]LogShaderLibrary: Display: ShaderCodeLibraryPakFileMountedCallback: pending pak file info (ChunkID:-1 Root:root:/ File:C:/EpicGames/UE_4.27/FeaturePacks/TP_2DSideScrollerBP.upack)
[2022.02.04-21.25.27:900][  0]LogPakFile: OnPakFileMounted2Time == 0.000172
[2022.02.04-21.25.27:901][  0]LogPakFile: PakFile PrimaryIndexSize=182
[2022.02.04-21.25.27:901][  0]LogPakFile: PakFile PathHashIndexSize=101
[2022.02.04-21.25.27:901][  0]LogPakFile: PakFile FullDirectoryIndexSize=138
[2022.02.04-21.25.27:901][  0]LogShaderLibrary: Display: ShaderCodeLibraryPakFileMountedCallback: PakFile 'C:/EpicGames/UE_4.27/FeaturePacks/TP_Flying.upack' (chunk index -1, root 'root:/') mounted
[2022.02.04-21.25.27:901][  0]LogShaderLibrary: Display: ShaderCodeLibraryPakFileMountedCallback: pending pak file info (ChunkID:-1 Root:root:/ File:C:/EpicGames/UE_4.27/FeaturePacks/TP_Flying.upack)
[2022.02.04-21.25.27:901][  0]LogPakFile: OnPakFileMounted2Time == 0.000181
[2022.02.04-21.25.27:902][  0]LogPakFile: PakFile PrimaryIndexSize=184
[2022.02.04-21.25.27:902][  0]LogPakFile: PakFile PathHashIndexSize=101
[2022.02.04-21.25.27:902][  0]LogPakFile: PakFile FullDirectoryIndexSize=142
[2022.02.04-21.25.27:902][  0]LogShaderLibrary: Display: ShaderCodeLibraryPakFileMountedCallback: PakFile 'C:/EpicGames/UE_4.27/FeaturePacks/TP_FlyingBP.upack' (chunk index -1, root 'root:/') mounted
[2022.02.04-21.25.27:903][  0]LogShaderLibrary: Display: ShaderCodeLibraryPakFileMountedCallback: pending pak file info (ChunkID:-1 Root:root:/ File:C:/EpicGames/UE_4.27/FeaturePacks/TP_FlyingBP.upack)
[2022.02.04-21.25.27:903][  0]LogPakFile: OnPakFileMounted2Time == 0.000174
[2022.02.04-21.25.27:903][  0]LogPakFile: PakFile PrimaryIndexSize=188
[2022.02.04-21.25.27:903][  0]LogPakFile: PakFile PathHashIndexSize=101
[2022.02.04-21.25.27:903][  0]LogPakFile: PakFile FullDirectoryIndexSize=150
[2022.02.04-21.25.27:903][  0]LogShaderLibrary: Display: ShaderCodeLibraryPakFileMountedCallback: PakFile 'C:/EpicGames/UE_4.27/FeaturePacks/TP_HandheldARBP.upack' (chunk index -1, root 'root:/') mounted
[2022.02.04-21.25.27:904][  0]LogShaderLibrary: Display: ShaderCodeLibraryPakFileMountedCallback: pending pak file info (ChunkID:-1 Root:root:/ File:C:/EpicGames/UE_4.27/FeaturePacks/TP_HandheldARBP.upack)
[2022.02.04-21.25.27:904][  0]LogPakFile: OnPakFileMounted2Time == 0.000176
[2022.02.04-21.25.27:905][  0]LogPakFile: PakFile PrimaryIndexSize=182
[2022.02.04-21.25.27:905][  0]LogPakFile: PakFile PathHashIndexSize=101
[2022.02.04-21.25.27:905][  0]LogPakFile: PakFile FullDirectoryIndexSize=138
[2022.02.04-21.25.27:905][  0]LogShaderLibrary: Display: ShaderCodeLibraryPakFileMountedCallback: PakFile 'C:/EpicGames/UE_4.27/FeaturePacks/TP_Puzzle.upack' (chunk index -1, root 'root:/') mounted
[2022.02.04-21.25.27:905][  0]LogShaderLibrary: Display: ShaderCodeLibraryPakFileMountedCallback: pending pak file info (ChunkID:-1 Root:root:/ File:C:/EpicGames/UE_4.27/FeaturePacks/TP_Puzzle.upack)
[2022.02.04-21.25.27:905][  0]LogPakFile: OnPakFileMounted2Time == 0.000188
[2022.02.04-21.25.27:906][  0]LogPakFile: PakFile PrimaryIndexSize=184
[2022.02.04-21.25.27:906][  0]LogPakFile: PakFile PathHashIndexSize=101
[2022.02.04-21.25.27:907][  0]LogPakFile: PakFile FullDirectoryIndexSize=142
[2022.02.04-21.25.27:907][  0]LogShaderLibrary: Display: ShaderCodeLibraryPakFileMountedCallback: PakFile 'C:/EpicGames/UE_4.27/FeaturePacks/TP_PuzzleBP.upack' (chunk index -1, root 'root:/') mounted
[2022.02.04-21.25.27:907][  0]LogShaderLibrary: Display: ShaderCodeLibraryPakFileMountedCallback: pending pak file info (ChunkID:-1 Root:root:/ File:C:/EpicGames/UE_4.27/FeaturePacks/TP_PuzzleBP.upack)
[2022.02.04-21.25.27:907][  0]LogPakFile: OnPakFileMounted2Time == 0.000235
[2022.02.04-21.25.27:908][  0]LogPakFile: PakFile PrimaryIndexSize=183
[2022.02.04-21.25.27:908][  0]LogPakFile: PakFile PathHashIndexSize=101
[2022.02.04-21.25.27:908][  0]LogPakFile: PakFile FullDirectoryIndexSize=140
[2022.02.04-21.25.27:909][  0]LogShaderLibrary: Display: ShaderCodeLibraryPakFileMountedCallback: PakFile 'C:/EpicGames/UE_4.27/FeaturePacks/TP_Rolling.upack' (chunk index -1, root 'root:/') mounted
[2022.02.04-21.25.27:909][  0]LogShaderLibrary: Display: ShaderCodeLibraryPakFileMountedCallback: pending pak file info (ChunkID:-1 Root:root:/ File:C:/EpicGames/UE_4.27/FeaturePacks/TP_Rolling.upack)
[2022.02.04-21.25.27:909][  0]LogPakFile: OnPakFileMounted2Time == 0.000185
[2022.02.04-21.25.27:910][  0]LogPakFile: PakFile PrimaryIndexSize=185
[2022.02.04-21.25.27:910][  0]LogPakFile: PakFile PathHashIndexSize=101
[2022.02.04-21.25.27:910][  0]LogPakFile: PakFile FullDirectoryIndexSize=144
[2022.02.04-21.25.27:910][  0]LogShaderLibrary: Display: ShaderCodeLibraryPakFileMountedCallback: PakFile 'C:/EpicGames/UE_4.27/FeaturePacks/TP_RollingBP.upack' (chunk index -1, root 'root:/') mounted
[2022.02.04-21.25.27:910][  0]LogShaderLibrary: Display: ShaderCodeLibraryPakFileMountedCallback: pending pak file info (ChunkID:-1 Root:root:/ File:C:/EpicGames/UE_4.27/FeaturePacks/TP_RollingBP.upack)
[2022.02.04-21.25.27:910][  0]LogPakFile: OnPakFileMounted2Time == 0.000184
[2022.02.04-21.25.27:911][  0]LogPakFile: PakFile PrimaryIndexSize=188
[2022.02.04-21.25.27:911][  0]LogPakFile: PakFile PathHashIndexSize=101
[2022.02.04-21.25.27:911][  0]LogPakFile: PakFile FullDirectoryIndexSize=150
[2022.02.04-21.25.27:911][  0]LogShaderLibrary: Display: ShaderCodeLibraryPakFileMountedCallback: PakFile 'C:/EpicGames/UE_4.27/FeaturePacks/TP_SideScroller.upack' (chunk index -1, root 'root:/') mounted
[2022.02.04-21.25.27:911][  0]LogShaderLibrary: Display: ShaderCodeLibraryPakFileMountedCallback: pending pak file info (ChunkID:-1 Root:root:/ File:C:/EpicGames/UE_4.27/FeaturePacks/TP_SideScroller.upack)
[2022.02.04-21.25.27:912][  0]LogPakFile: OnPakFileMounted2Time == 0.000186
[2022.02.04-21.25.27:912][  0]LogPakFile: PakFile PrimaryIndexSize=190
[2022.02.04-21.25.27:913][  0]LogPakFile: PakFile PathHashIndexSize=101
[2022.02.04-21.25.27:913][  0]LogPakFile: PakFile FullDirectoryIndexSize=154
[2022.02.04-21.25.27:913][  0]LogShaderLibrary: Display: ShaderCodeLibraryPakFileMountedCallback: PakFile 'C:/EpicGames/UE_4.27/FeaturePacks/TP_SideScrollerBP.upack' (chunk index -1, root 'root:/') mounted
[2022.02.04-21.25.27:913][  0]LogShaderLibrary: Display: ShaderCodeLibraryPakFileMountedCallback: pending pak file info (ChunkID:-1 Root:root:/ File:C:/EpicGames/UE_4.27/FeaturePacks/TP_SideScrollerBP.upack)
[2022.02.04-21.25.27:913][  0]LogPakFile: OnPakFileMounted2Time == 0.000171
[2022.02.04-21.25.27:914][  0]LogPakFile: PakFile PrimaryIndexSize=187
[2022.02.04-21.25.27:914][  0]LogPakFile: PakFile PathHashIndexSize=101
[2022.02.04-21.25.27:914][  0]LogPakFile: PakFile FullDirectoryIndexSize=148
[2022.02.04-21.25.27:914][  0]LogShaderLibrary: Display: ShaderCodeLibraryPakFileMountedCallback: PakFile 'C:/EpicGames/UE_4.27/FeaturePacks/TP_ThirdPerson.upack' (chunk index -1, root 'root:/') mounted
[2022.02.04-21.25.27:914][  0]LogShaderLibrary: Display: ShaderCodeLibraryPakFileMountedCallback: pending pak file info (ChunkID:-1 Root:root:/ File:C:/EpicGames/UE_4.27/FeaturePacks/TP_ThirdPerson.upack)
[2022.02.04-21.25.27:914][  0]LogPakFile: OnPakFileMounted2Time == 0.000181
[2022.02.04-21.25.27:915][  0]LogPakFile: PakFile PrimaryIndexSize=189
[2022.02.04-21.25.27:915][  0]LogPakFile: PakFile PathHashIndexSize=101
[2022.02.04-21.25.27:915][  0]LogPakFile: PakFile FullDirectoryIndexSize=152
[2022.02.04-21.25.27:915][  0]LogShaderLibrary: Display: ShaderCodeLibraryPakFileMountedCallback: PakFile 'C:/EpicGames/UE_4.27/FeaturePacks/TP_ThirdPersonBP.upack' (chunk index -1, root 'root:/') mounted
[2022.02.04-21.25.27:915][  0]LogShaderLibrary: Display: ShaderCodeLibraryPakFileMountedCallback: pending pak file info (ChunkID:-1 Root:root:/ File:C:/EpicGames/UE_4.27/FeaturePacks/TP_ThirdPersonBP.upack)
[2022.02.04-21.25.27:915][  0]LogPakFile: OnPakFileMounted2Time == 0.000212
[2022.02.04-21.25.27:916][  0]LogPakFile: PakFile PrimaryIndexSize=183
[2022.02.04-21.25.27:916][  0]LogPakFile: PakFile PathHashIndexSize=101
[2022.02.04-21.25.27:916][  0]LogPakFile: PakFile FullDirectoryIndexSize=140
[2022.02.04-21.25.27:916][  0]LogShaderLibrary: Display: ShaderCodeLibraryPakFileMountedCallback: PakFile 'C:/EpicGames/UE_4.27/FeaturePacks/TP_TopDown.upack' (chunk index -1, root 'root:/') mounted
[2022.02.04-21.25.27:916][  0]LogShaderLibrary: Display: ShaderCodeLibraryPakFileMountedCallback: pending pak file info (ChunkID:-1 Root:root:/ File:C:/EpicGames/UE_4.27/FeaturePacks/TP_TopDown.upack)
[2022.02.04-21.25.27:916][  0]LogPakFile: OnPakFileMounted2Time == 0.000226
[2022.02.04-21.25.27:917][  0]LogPakFile: PakFile PrimaryIndexSize=185
[2022.02.04-21.25.27:917][  0]LogPakFile: PakFile PathHashIndexSize=101
[2022.02.04-21.25.27:917][  0]LogPakFile: PakFile FullDirectoryIndexSize=144
[2022.02.04-21.25.27:917][  0]LogShaderLibrary: Display: ShaderCodeLibraryPakFileMountedCallback: PakFile 'C:/EpicGames/UE_4.27/FeaturePacks/TP_TopDownBP.upack' (chunk index -1, root 'root:/') mounted
[2022.02.04-21.25.27:917][  0]LogShaderLibrary: Display: ShaderCodeLibraryPakFileMountedCallback: pending pak file info (ChunkID:-1 Root:root:/ File:C:/EpicGames/UE_4.27/FeaturePacks/TP_TopDownBP.upack)
[2022.02.04-21.25.27:918][  0]LogPakFile: OnPakFileMounted2Time == 0.000215
[2022.02.04-21.25.27:918][  0]LogPakFile: PakFile PrimaryIndexSize=185
[2022.02.04-21.25.27:918][  0]LogPakFile: PakFile PathHashIndexSize=101
[2022.02.04-21.25.27:918][  0]LogPakFile: PakFile FullDirectoryIndexSize=144
[2022.02.04-21.25.27:919][  0]LogShaderLibrary: Display: ShaderCodeLibraryPakFileMountedCallback: PakFile 'C:/EpicGames/UE_4.27/FeaturePacks/TP_TwinStick.upack' (chunk index -1, root 'root:/') mounted
[2022.02.04-21.25.27:919][  0]LogShaderLibrary: Display: ShaderCodeLibraryPakFileMountedCallback: pending pak file info (ChunkID:-1 Root:root:/ File:C:/EpicGames/UE_4.27/FeaturePacks/TP_TwinStick.upack)
[2022.02.04-21.25.27:919][  0]LogPakFile: OnPakFileMounted2Time == 0.000199
[2022.02.04-21.25.27:919][  0]LogPakFile: PakFile PrimaryIndexSize=187
[2022.02.04-21.25.27:920][  0]LogPakFile: PakFile PathHashIndexSize=101
[2022.02.04-21.25.27:920][  0]LogPakFile: PakFile FullDirectoryIndexSize=148
[2022.02.04-21.25.27:920][  0]LogShaderLibrary: Display: ShaderCodeLibraryPakFileMountedCallback: PakFile 'C:/EpicGames/UE_4.27/FeaturePacks/TP_TwinStickBP.upack' (chunk index -1, root 'root:/') mounted
[2022.02.04-21.25.27:920][  0]LogShaderLibrary: Display: ShaderCodeLibraryPakFileMountedCallback: pending pak file info (ChunkID:-1 Root:root:/ File:C:/EpicGames/UE_4.27/FeaturePacks/TP_TwinStickBP.upack)
[2022.02.04-21.25.27:920][  0]LogPakFile: OnPakFileMounted2Time == 0.000198
[2022.02.04-21.25.27:921][  0]LogPakFile: PakFile PrimaryIndexSize=183
[2022.02.04-21.25.27:921][  0]LogPakFile: PakFile PathHashIndexSize=101
[2022.02.04-21.25.27:921][  0]LogPakFile: PakFile FullDirectoryIndexSize=140
[2022.02.04-21.25.27:921][  0]LogShaderLibrary: Display: ShaderCodeLibraryPakFileMountedCallback: PakFile 'C:/EpicGames/UE_4.27/FeaturePacks/TP_Vehicle.upack' (chunk index -1, root 'root:/') mounted
[2022.02.04-21.25.27:921][  0]LogShaderLibrary: Display: ShaderCodeLibraryPakFileMountedCallback: pending pak file info (ChunkID:-1 Root:root:/ File:C:/EpicGames/UE_4.27/FeaturePacks/TP_Vehicle.upack)
[2022.02.04-21.25.27:921][  0]LogPakFile: OnPakFileMounted2Time == 0.000175
[2022.02.04-21.25.27:922][  0]LogPakFile: PakFile PrimaryIndexSize=186
[2022.02.04-21.25.27:923][  0]LogPakFile: PakFile PathHashIndexSize=101
[2022.02.04-21.25.27:923][  0]LogPakFile: PakFile FullDirectoryIndexSize=146
[2022.02.04-21.25.27:923][  0]LogShaderLibrary: Display: ShaderCodeLibraryPakFileMountedCallback: PakFile 'C:/EpicGames/UE_4.27/FeaturePacks/TP_VehicleAdv.upack' (chunk index -1, root 'root:/') mounted
[2022.02.04-21.25.27:923][  0]LogShaderLibrary: Display: ShaderCodeLibraryPakFileMountedCallback: pending pak file info (ChunkID:-1 Root:root:/ File:C:/EpicGames/UE_4.27/FeaturePacks/TP_VehicleAdv.upack)
[2022.02.04-21.25.27:923][  0]LogPakFile: OnPakFileMounted2Time == 0.000230
[2022.02.04-21.25.27:924][  0]LogPakFile: PakFile PrimaryIndexSize=188
[2022.02.04-21.25.27:924][  0]LogPakFile: PakFile PathHashIndexSize=101
[2022.02.04-21.25.27:924][  0]LogPakFile: PakFile FullDirectoryIndexSize=150
[2022.02.04-21.25.27:924][  0]LogShaderLibrary: Display: ShaderCodeLibraryPakFileMountedCallback: PakFile 'C:/EpicGames/UE_4.27/FeaturePacks/TP_VehicleAdvBP.upack' (chunk index -1, root 'root:/') mounted
[2022.02.04-21.25.27:925][  0]LogShaderLibrary: Display: ShaderCodeLibraryPakFileMountedCallback: pending pak file info (ChunkID:-1 Root:root:/ File:C:/EpicGames/UE_4.27/FeaturePacks/TP_VehicleAdvBP.upack)
[2022.02.04-21.25.27:925][  0]LogPakFile: OnPakFileMounted2Time == 0.000175
[2022.02.04-21.25.27:925][  0]LogPakFile: PakFile PrimaryIndexSize=185
[2022.02.04-21.25.27:926][  0]LogPakFile: PakFile PathHashIndexSize=101
[2022.02.04-21.25.27:926][  0]LogPakFile: PakFile FullDirectoryIndexSize=144
[2022.02.04-21.25.27:926][  0]LogShaderLibrary: Display: ShaderCodeLibraryPakFileMountedCallback: PakFile 'C:/EpicGames/UE_4.27/FeaturePacks/TP_VehicleBP.upack' (chunk index -1, root 'root:/') mounted
[2022.02.04-21.25.27:926][  0]LogShaderLibrary: Display: ShaderCodeLibraryPakFileMountedCallback: pending pak file info (ChunkID:-1 Root:root:/ File:C:/EpicGames/UE_4.27/FeaturePacks/TP_VehicleBP.upack)
[2022.02.04-21.25.27:926][  0]LogPakFile: OnPakFileMounted2Time == 0.000186
[2022.02.04-21.25.27:927][  0]LogPakFile: PakFile PrimaryIndexSize=192
[2022.02.04-21.25.27:927][  0]LogPakFile: PakFile PathHashIndexSize=101
[2022.02.04-21.25.27:927][  0]LogPakFile: PakFile FullDirectoryIndexSize=158
[2022.02.04-21.25.27:927][  0]LogShaderLibrary: Display: ShaderCodeLibraryPakFileMountedCallback: PakFile 'C:/EpicGames/UE_4.27/FeaturePacks/TP_VirtualRealityBP.upack' (chunk index -1, root 'root:/') mounted
[2022.02.04-21.25.27:927][  0]LogShaderLibrary: Display: ShaderCodeLibraryPakFileMountedCallback: pending pak file info (ChunkID:-1 Root:root:/ File:C:/EpicGames/UE_4.27/FeaturePacks/TP_VirtualRealityBP.upack)
[2022.02.04-21.25.27:928][  0]LogPakFile: OnPakFileMounted2Time == 0.000220
[2022.02.04-21.25.27:986][  0]LogNativeClassHierarchy: Verbose: Native class hierarchy updated for 'AddContentDialog' in 0.0003 seconds. Added 0 classes and 0 folders.
[2022.02.04-21.25.27:991][  0]LogNativeClassHierarchy: Verbose: Native class hierarchy updated for 'SceneOutliner' in 0.0003 seconds. Added 2 classes and 0 folders.
[2022.02.04-21.25.28:097][  0]LogSlate: Took 0.000162 seconds to synchronously load lazily loaded font '../../../Engine/Content/Slate/Fonts/Roboto-Regular.ttf' (155K)
[2022.02.04-21.25.28:098][  0]LogSlate: Took 0.000133 seconds to synchronously load lazily loaded font '../../../Engine/Content/Editor/Slate/Fonts/FontAwesome.ttf' (139K)
[2022.02.04-21.25.28:099][  0]LogSlate: Took 0.000121 seconds to synchronously load lazily loaded font '../../../Engine/Content/Slate/Fonts/Roboto-Bold.ttf' (160K)
[2022.02.04-21.25.28:200][  0]LogRenderer: Reallocating scene render targets to support 1208x572 Format 10 NumSamples 1 (Frame:1).
[2022.02.04-21.25.28:237][  0]LogSlate: Took 0.000168 seconds to synchronously load lazily loaded font '../../../Engine/Content/Slate/Fonts/Roboto-Light.ttf' (167K)
[2022.02.04-21.25.28:338][  0]LogNativeClassHierarchy: Verbose: Native class hierarchy updated for 'HierarchicalLODOutliner' in 0.0002 seconds. Added 0 classes and 0 folders.
[2022.02.04-21.25.28:338][  0]LogLoad: (Engine Initialization) Total time: 12.22 seconds
[2022.02.04-21.25.28:338][  0]LogLoad: (Engine Initialization) Total Blueprint compile time: 0.00 seconds
[2022.02.04-21.25.28:378][  0]LogAssetRegistry: Asset discovery search completed in 7.4319 seconds
[2022.02.04-21.25.28:383][  0]LogCollectionManager: Fixed up redirectors for 0 collections in 0.000002 seconds (updated 0 objects)
[2022.02.04-21.25.28:383][  0]LogContentStreaming: Texture pool size now 1000 MB
[2022.02.04-21.25.31:973][380]LogTemp: Repeating last play command: Selected Viewport
[2022.02.04-21.25.31:979][380]LogPlayLevel: PlayLevel: No blueprints needed recompiling
[2022.02.04-21.25.31:980][380]PIE: New page: PIE session: MainLevel (04.02.2022, 23:25:31)
[2022.02.04-21.25.31:981][380]LogOnline: OSS: Creating online subsystem instance for: NULL
[2022.02.04-21.25.31:983][380]LogOnline: OSS: TryLoadSubsystemAndSetDefault: Loaded subsystem for module [NULL]
[2022.02.04-21.25.31:983][380]LogPlayLevel: Creating play world package: /Game/_Game/Maps/UEDPIE_0_MainLevel
[2022.02.04-21.25.31:985][380]LogPlayLevel: PIE: StaticDuplicateObject took: (0.002203s)
[2022.02.04-21.25.31:987][380]LogAIModule: Creating AISystem for world MainLevel
[2022.02.04-21.25.31:987][380]LogPlayLevel: PIE: World Init took: (0.001547s)
[2022.02.04-21.25.31:987][380]LogPlayLevel: PIE: Created PIE world by copying editor world from /Game/_Game/Maps/MainLevel.MainLevel to /Game/_Game/Maps/UEDPIE_0_MainLevel.MainLevel (0.004138s)
[2022.02.04-21.25.31:995][380]LogUObjectHash: Compacting FUObjectHashTables data took   0.72ms
[2022.02.04-21.25.31:996][380]LogAudio: Display: Creating Audio Device:                 Id: 2, Scope: Unique, Realtime: True
[2022.02.04-21.25.31:997][380]LogAudioMixer: Display: Audio Mixer Platform Settings:
[2022.02.04-21.25.31:997][380]LogAudioMixer: Display: 	Sample Rate:						  48000
[2022.02.04-21.25.31:997][380]LogAudioMixer: Display: 	Callback Buffer Frame Size Requested: 1024
[2022.02.04-21.25.31:997][380]LogAudioMixer: Display: 	Callback Buffer Frame Size To Use:	  1024
[2022.02.04-21.25.31:997][380]LogAudioMixer: Display: 	Number of buffers to queue:			  2
[2022.02.04-21.25.31:997][380]LogAudioMixer: Display: 	Max Channels (voices):				  32
[2022.02.04-21.25.31:997][380]LogAudioMixer: Display: 	Number of Async Source Workers:		  0
[2022.02.04-21.25.31:997][380]LogAudio: Display: AudioDevice MaxSources: 32
[2022.02.04-21.25.31:998][380]LogAudio: Display: Audio Spatialization Plugin: None (built-in).
[2022.02.04-21.25.31:998][380]LogAudio: Display: Audio Reverb Plugin: None (built-in).
[2022.02.04-21.25.31:998][380]LogAudio: Display: Audio Occlusion Plugin: None (built-in).
[2022.02.04-21.25.31:998][380]LogAudioMixer: Display: Initializing audio mixer.
[2022.02.04-21.25.32:002][380]LogAudioMixer: Display: 0: FrontLeft
[2022.02.04-21.25.32:002][380]LogAudioMixer: Display: 1: FrontRight
[2022.02.04-21.25.32:002][380]LogAudioMixer: Display: 2: FrontCenter
[2022.02.04-21.25.32:002][380]LogAudioMixer: Display: 3: LowFrequency
[2022.02.04-21.25.32:002][380]LogAudioMixer: Display: 4: BackLeft
[2022.02.04-21.25.32:002][380]LogAudioMixer: Display: 5: BackRight
[2022.02.04-21.25.32:002][380]LogAudioMixer: Display: 6: SideLeft
[2022.02.04-21.25.32:002][380]LogAudioMixer: Display: 7: SideRight
[2022.02.04-21.25.32:312][380]LogAudioMixer: Display: Using Audio Device Kopfhörer (CORSAIR VOID PRO Wireless Gaming Headset)
[2022.02.04-21.25.32:313][380]LogAudioMixer: Display: Initializing Sound Submixes...
[2022.02.04-21.25.32:313][380]LogAudioMixer: Display: Creating Master Submix 'MasterSubmixDefault'
[2022.02.04-21.25.32:313][380]LogAudioMixer: Display: Creating Master Submix 'MasterReverbSubmixDefault'
[2022.02.04-21.25.32:313][380]LogAudioMixer: Display: Creating Master Submix 'MasterEQSubmixDefault'
[2022.02.04-21.25.32:313][380]LogAudioMixer: FMixerPlatformXAudio2::StartAudioStream() called
[2022.02.04-21.25.32:313][380]LogAudioMixer: Display: Output buffers initialized: Frames=1024, Channels=8, Samples=8192
[2022.02.04-21.25.32:315][380]LogAudioMixer: Display: Starting AudioMixerPlatformInterface::RunInternal()
[2022.02.04-21.25.32:315][380]LogAudioMixer: Display: FMixerPlatformXAudio2::SubmitBuffer() called for the first time
[2022.02.04-21.25.32:315][380]LogInit: FAudioDevice initialized.
[2022.02.04-21.25.32:315][380]LogAudio: Display: Audio Device (ID: 2) registered with world 'MainLevel'.
[2022.02.04-21.25.32:326][380]LogLoad: Game class is 'BP_MainLevel_GM_C'
[2022.02.04-21.25.32:327][380]LogWorld: Bringing World /Game/_Game/Maps/UEDPIE_0_MainLevel.MainLevel up for play (max tick rate 0) at 2022.02.04-22.25.32
[2022.02.04-21.25.32:327][380]LogWorld: Bringing up level for play took: 0.000640
[2022.02.04-21.25.32:327][380]LogOnline: OSS: Creating online subsystem instance for: :Context_6
[2022.02.04-21.25.32:331][380]LogNativeClassHierarchy: Verbose: Native class hierarchy updated for 'MovieSceneCapture' in 0.0004 seconds. Added 20 classes and 0 folders.
[2022.02.04-21.25.32:333][380]LogViewport: Display: Viewport MouseLockMode Changed, LockOnCapture -> DoNotLock
[2022.02.04-21.25.32:333][380]LogViewport: Display: Viewport HideCursorDuringCapture Changed, False -> True
[2022.02.04-21.25.32:333][380]LogViewport: Display: Viewport MouseCaptureMode Changed, CapturePermanently_IncludingInitialMouseDown -> CaptureDuringMouseDown
[2022.02.04-21.25.32:339][380]PIE: Server logged in
[2022.02.04-21.25.32:340][380]PIE: Play in editor total start time 0,364 seconds.
[2022.02.04-21.25.32:359][381]LogCharacterMovement: Warning: GetSimulationTimeStep() - Max iterations 8 hit while remaining time 0.083763 > MaxSimulationTimeStep (0.050) for 'BP_RunCharacter_C_0', movement 'Walking'
